<?xml version="1.0" encoding="UTF-8"?>
<coverage generated="1692122333899" clover="3.2.0">
  <project timestamp="1692122333899" name="All files">
    <metrics statements="1316" coveredstatements="1056" conditionals="699" coveredconditionals="566" methods="352" coveredmethods="270" elements="2367" coveredelements="1892" complexity="0" loc="1316" ncloc="1316" packages="9" files="59" classes="59"/>
    <package name="src">
      <metrics statements="209" coveredstatements="102" conditionals="87" coveredconditionals="33" methods="58" coveredmethods="23"/>
      <file name="FileSystemManager.ts" path="/Users/ataing/Documents/studio-prototype/packages/studio-plugin/src/FileSystemManager.ts">
        <metrics statements="8" coveredstatements="4" conditionals="2" coveredconditionals="2" methods="6" coveredmethods="2"/>
        <line num="18" count="0" type="stmt"/>
        <line num="22" count="0" type="stmt"/>
        <line num="26" count="3" type="cond" truecount="2" falsecount="0"/>
        <line num="27" count="1" type="stmt"/>
        <line num="32" count="2" type="stmt"/>
        <line num="33" count="2" type="stmt"/>
        <line num="40" count="0" type="stmt"/>
        <line num="44" count="0" type="stmt"/>
      </file>
      <file name="HmrManager.ts" path="/Users/ataing/Documents/studio-prototype/packages/studio-plugin/src/HmrManager.ts">
        <metrics statements="23" coveredstatements="0" conditionals="6" coveredconditionals="0" methods="9" coveredmethods="0"/>
        <line num="22" count="0" type="stmt"/>
        <line num="23" count="0" type="stmt"/>
        <line num="25" count="0" type="stmt"/>
        <line num="26" count="0" type="cond" truecount="0" falsecount="2"/>
        <line num="27" count="0" type="stmt"/>
        <line num="29" count="0" type="stmt"/>
        <line num="30" count="0" type="stmt"/>
        <line num="31" count="0" type="stmt"/>
        <line num="32" count="0" type="stmt"/>
        <line num="33" count="0" type="stmt"/>
        <line num="46" count="0" type="stmt"/>
        <line num="47" count="0" type="stmt"/>
        <line num="51" count="0" type="stmt"/>
        <line num="52" count="0" type="stmt"/>
        <line num="54" count="0" type="stmt"/>
        <line num="61" count="0" type="stmt"/>
        <line num="64" count="0" type="cond" truecount="0" falsecount="2"/>
        <line num="65" count="0" type="stmt"/>
        <line num="72" count="0" type="stmt"/>
        <line num="73" count="0" type="stmt"/>
        <line num="81" count="0" type="stmt"/>
        <line num="87" count="0" type="stmt"/>
        <line num="89" count="0" type="stmt"/>
      </file>
      <file name="LocalDataMappingManager.ts" path="/Users/ataing/Documents/studio-prototype/packages/studio-plugin/src/LocalDataMappingManager.ts">
        <metrics statements="9" coveredstatements="8" conditionals="2" coveredconditionals="2" methods="4" coveredmethods="3"/>
        <line num="10" count="2" type="stmt"/>
        <line num="11" count="2" type="stmt"/>
        <line num="14" count="2" type="stmt"/>
        <line num="15" count="1" type="stmt"/>
        <line num="19" count="0" type="stmt"/>
        <line num="23" count="2" type="cond" truecount="2" falsecount="0"/>
        <line num="24" count="1" type="stmt"/>
        <line num="28" count="1" type="stmt"/>
        <line num="29" count="1" type="stmt"/>
      </file>
      <file name="ParsingOrchestrator.ts" path="/Users/ataing/Documents/studio-prototype/packages/studio-plugin/src/ParsingOrchestrator.ts">
        <metrics statements="93" coveredstatements="82" conditionals="44" coveredconditionals="29" methods="20" coveredmethods="18"/>
        <line num="25" count="150" type="stmt"/>
        <line num="37" count="7" type="stmt"/>
        <line num="38" count="7" type="stmt"/>
        <line num="49" count="7" type="stmt"/>
        <line num="50" count="7" type="stmt"/>
        <line num="51" count="7" type="stmt"/>
        <line num="55" count="13" type="stmt"/>
        <line num="56" count="13" type="cond" truecount="2" falsecount="0"/>
        <line num="57" count="2" type="stmt"/>
        <line num="59" count="11" type="stmt"/>
        <line num="63" count="11" type="stmt"/>
        <line num="64" count="11" type="stmt"/>
        <line num="74" count="18" type="stmt"/>
        <line num="75" count="18" type="cond" truecount="2" falsecount="0"/>
        <line num="76" count="7" type="stmt"/>
        <line num="78" count="11" type="stmt"/>
        <line num="83" count="11" type="stmt"/>
        <line num="84" count="11" type="stmt"/>
        <line num="88" count="6" type="stmt"/>
        <line num="91" count="14" type="stmt"/>
        <line num="92" count="14" type="stmt"/>
        <line num="94" count="6" type="stmt"/>
        <line num="104" count="3" type="stmt"/>
        <line num="106" count="3" type="cond" truecount="1" falsecount="1"/>
        <line num="107" count="3" type="stmt"/>
        <line num="110" count="3" type="cond" truecount="1" falsecount="1"/>
        <line num="114" count="3" type="cond" truecount="1" falsecount="1"/>
        <line num="116" count="3" type="stmt"/>
        <line num="117" count="3" type="stmt"/>
        <line num="118" count="3" type="cond" truecount="1" falsecount="1"/>
        <line num="119" count="3" type="stmt"/>
        <line num="124" count="0" type="cond" truecount="0" falsecount="2"/>
        <line num="125" count="0" type="stmt"/>
        <line num="127" count="0" type="cond" truecount="0" falsecount="2"/>
        <line num="128" count="0" type="stmt"/>
        <line num="129" count="0" type="stmt"/>
        <line num="130" count="0" type="cond" truecount="0" falsecount="2"/>
        <line num="131" count="0" type="stmt"/>
        <line num="134" count="3" type="stmt"/>
        <line num="138" count="3" type="cond" truecount="1" falsecount="1"/>
        <line num="139" count="3" type="stmt"/>
        <line num="141" count="3" type="stmt"/>
        <line num="145" count="6" type="stmt"/>
        <line num="146" count="6" type="stmt"/>
        <line num="148" count="11" type="stmt"/>
        <line num="150" count="11" type="cond" truecount="2" falsecount="0"/>
        <line num="151" count="9" type="stmt"/>
        <line num="153" count="2" type="stmt"/>
        <line num="158" count="11" type="stmt"/>
        <line num="166" count="6" type="stmt"/>
        <line num="175" count="7" type="stmt"/>
        <line num="177" count="7" type="stmt"/>
        <line num="178" count="20" type="cond" truecount="2" falsecount="0"/>
        <line num="179" count="4" type="stmt"/>
        <line num="181" count="16" type="stmt"/>
        <line num="182" count="24" type="stmt"/>
        <line num="183" count="24" type="cond" truecount="2" falsecount="0"/>
        <line num="184" count="6" type="stmt"/>
        <line num="186" count="18" type="stmt"/>
        <line num="191" count="7" type="stmt"/>
        <line num="192" count="7" type="stmt"/>
        <line num="194" count="7" type="stmt"/>
        <line num="197" count="7" type="stmt"/>
        <line num="198" count="49" type="cond" truecount="2" falsecount="0"/>
        <line num="199" count="26" type="stmt"/>
        <line num="201" count="23" type="stmt"/>
        <line num="203" count="0" type="stmt"/>
        <line num="210" count="23" type="cond" truecount="2" falsecount="0"/>
        <line num="211" count="7" type="stmt"/>
        <line num="212" count="7" type="stmt"/>
        <line num="213" count="7" type="cond" truecount="1" falsecount="1"/>
        <line num="214" count="0" type="stmt"/>
        <line num="216" count="7" type="stmt"/>
        <line num="219" count="16" type="cond" truecount="2" falsecount="0"/>
        <line num="220" count="14" type="stmt"/>
        <line num="221" count="14" type="cond" truecount="1" falsecount="1"/>
        <line num="222" count="0" type="stmt"/>
        <line num="224" count="14" type="stmt"/>
        <line num="227" count="2" type="stmt"/>
        <line num="228" count="2" type="stmt"/>
        <line num="235" count="7" type="cond" truecount="2" falsecount="0"/>
        <line num="236" count="1" type="stmt"/>
        <line num="240" count="6" type="stmt"/>
        <line num="241" count="6" type="stmt"/>
        <line num="242" count="11" type="stmt"/>
        <line num="243" count="11" type="stmt"/>
        <line num="244" count="11" type="stmt"/>
        <line num="249" count="6" type="cond" truecount="2" falsecount="0"/>
        <line num="250" count="4" type="stmt"/>
        <line num="253" count="2" type="cond" truecount="1" falsecount="1"/>
        <line num="254" count="2" type="stmt"/>
        <line num="259" count="2" type="stmt"/>
        <line num="267" count="0" type="stmt"/>
      </file>
      <file name="VirtualModuleID.ts" path="/Users/ataing/Documents/studio-prototype/packages/studio-plugin/src/VirtualModuleID.ts">
        <metrics statements="0" coveredstatements="0" conditionals="0" coveredconditionals="0" methods="0" coveredmethods="0"/>
      </file>
      <file name="configureStudioServer.ts" path="/Users/ataing/Documents/studio-prototype/packages/studio-plugin/src/configureStudioServer.ts">
        <metrics statements="4" coveredstatements="0" conditionals="0" coveredconditionals="0" methods="2" coveredmethods="0"/>
        <line num="22" count="0" type="stmt"/>
        <line num="23" count="0" type="stmt"/>
        <line num="29" count="0" type="stmt"/>
        <line num="30" count="0" type="stmt"/>
      </file>
      <file name="constants.ts" path="/Users/ataing/Documents/studio-prototype/packages/studio-plugin/src/constants.ts">
        <metrics statements="8" coveredstatements="8" conditionals="0" coveredconditionals="0" methods="0" coveredmethods="0"/>
        <line num="3" count="18" type="stmt"/>
        <line num="4" count="18" type="stmt"/>
        <line num="5" count="18" type="stmt"/>
        <line num="6" count="18" type="stmt"/>
        <line num="7" count="18" type="stmt"/>
        <line num="8" count="18" type="stmt"/>
        <line num="9" count="18" type="stmt"/>
        <line num="10" count="18" type="stmt"/>
      </file>
      <file name="createStudioPlugin.ts" path="/Users/ataing/Documents/studio-prototype/packages/studio-plugin/src/createStudioPlugin.ts">
        <metrics statements="46" coveredstatements="0" conditionals="27" coveredconditionals="0" methods="11" coveredmethods="0"/>
        <line num="32" count="0" type="stmt"/>
        <line num="35" count="0" type="stmt"/>
        <line num="37" count="0" type="stmt"/>
        <line num="39" count="0" type="cond" truecount="0" falsecount="2"/>
        <line num="43" count="0" type="stmt"/>
        <line num="52" count="0" type="stmt"/>
        <line num="55" count="0" type="stmt"/>
        <line num="56" count="0" type="stmt"/>
        <line num="59" count="0" type="stmt"/>
        <line num="64" count="0" type="stmt"/>
        <line num="70" count="0" type="stmt"/>
        <line num="75" count="0" type="stmt"/>
        <line num="76" count="0" type="cond" truecount="0" falsecount="2"/>
        <line num="77" count="0" type="stmt"/>
        <line num="79" count="0" type="stmt"/>
        <line num="80" count="0" type="stmt"/>
        <line num="81" count="0" type="stmt"/>
        <line num="85" count="0" type="stmt"/>
        <line num="88" count="0" type="stmt"/>
        <line num="89" count="0" type="cond" truecount="0" falsecount="2"/>
        <line num="90" count="0" type="stmt"/>
        <line num="91" count="0" type="stmt"/>
        <line num="92" count="0" type="cond" truecount="0" falsecount="2"/>
        <line num="93" count="0" type="stmt"/>
        <line num="95" count="0" type="stmt"/>
        <line num="100" count="0" type="stmt"/>
        <line num="101" count="0" type="stmt"/>
        <line num="102" count="0" type="stmt"/>
        <line num="103" count="0" type="stmt"/>
        <line num="104" count="0" type="stmt"/>
        <line num="106" count="0" type="stmt"/>
        <line num="109" count="0" type="stmt"/>
        <line num="121" count="0" type="stmt"/>
        <line num="124" count="0" type="cond" truecount="0" falsecount="4"/>
        <line num="125" count="0" type="stmt"/>
        <line num="129" count="0" type="cond" truecount="0" falsecount="2"/>
        <line num="130" count="0" type="stmt"/>
        <line num="132" count="0" type="cond" truecount="0" falsecount="2"/>
        <line num="133" count="0" type="stmt"/>
        <line num="134" count="0" type="cond" truecount="0" falsecount="2"/>
        <line num="135" count="0" type="stmt"/>
        <line num="149" count="0" type="cond" truecount="0" falsecount="2"/>
        <line num="150" count="0" type="stmt"/>
        <line num="151" count="0" type="cond" truecount="0" falsecount="2"/>
        <line num="152" count="0" type="stmt"/>
        <line num="154" count="0" type="stmt"/>
      </file>
      <file name="startPagesDevelopmentServer.ts" path="/Users/ataing/Documents/studio-prototype/packages/studio-plugin/src/startPagesDevelopmentServer.ts">
        <metrics statements="18" coveredstatements="0" conditionals="6" coveredconditionals="0" methods="6" coveredmethods="0"/>
        <line num="3" count="0" type="stmt"/>
        <line num="4" count="0" type="stmt"/>
        <line num="17" count="0" type="stmt"/>
        <line num="18" count="0" type="stmt"/>
        <line num="19" count="0" type="stmt"/>
        <line num="20" count="0" type="stmt"/>
        <line num="25" count="0" type="stmt"/>
        <line num="26" count="0" type="stmt"/>
        <line num="32" count="0" type="stmt"/>
        <line num="33" count="0" type="stmt"/>
        <line num="34" count="0" type="stmt"/>
        <line num="35" count="0" type="stmt"/>
        <line num="36" count="0" type="cond" truecount="0" falsecount="4"/>
        <line num="37" count="0" type="stmt"/>
        <line num="38" count="0" type="cond" truecount="0" falsecount="2"/>
        <line num="39" count="0" type="stmt"/>
        <line num="41" count="0" type="stmt"/>
        <line num="46" count="0" type="stmt"/>
      </file>
    </package>
    <package name="src.errors">
      <metrics statements="15" coveredstatements="14" conditionals="6" coveredconditionals="4" methods="3" coveredmethods="3"/>
      <file name="FileIOError.ts" path="/Users/ataing/Documents/studio-prototype/packages/studio-plugin/src/errors/FileIOError.ts">
        <metrics statements="0" coveredstatements="0" conditionals="0" coveredconditionals="0" methods="0" coveredmethods="0"/>
      </file>
      <file name="ParsingError.ts" path="/Users/ataing/Documents/studio-prototype/packages/studio-plugin/src/errors/ParsingError.ts">
        <metrics statements="0" coveredstatements="0" conditionals="0" coveredconditionals="0" methods="0" coveredmethods="0"/>
      </file>
      <file name="StudioError.ts" path="/Users/ataing/Documents/studio-prototype/packages/studio-plugin/src/errors/StudioError.ts">
        <metrics statements="3" coveredstatements="3" conditionals="0" coveredconditionals="0" methods="1" coveredmethods="1"/>
        <line num="10" count="17" type="stmt"/>
        <line num="11" count="17" type="stmt"/>
        <line num="12" count="17" type="stmt"/>
      </file>
      <file name="prettyPrintError.ts" path="/Users/ataing/Documents/studio-prototype/packages/studio-plugin/src/errors/prettyPrintError.ts">
        <metrics statements="6" coveredstatements="6" conditionals="4" coveredconditionals="3" methods="1" coveredmethods="1"/>
        <line num="4" count="15" type="stmt"/>
        <line num="5" count="15" type="cond" truecount="1" falsecount="1"/>
        <line num="6" count="15" type="stmt"/>
        <line num="8" count="15" type="cond" truecount="2" falsecount="0"/>
        <line num="9" count="15" type="stmt"/>
        <line num="10" count="15" type="stmt"/>
      </file>
      <file name="tryUsingResult.ts" path="/Users/ataing/Documents/studio-prototype/packages/studio-plugin/src/errors/tryUsingResult.ts">
        <metrics statements="6" coveredstatements="5" conditionals="2" coveredconditionals="1" methods="1" coveredmethods="1"/>
        <line num="10" count="66" type="stmt"/>
        <line num="11" count="66" type="stmt"/>
        <line num="13" count="15" type="cond" truecount="1" falsecount="1"/>
        <line num="14" count="0" type="stmt"/>
        <line num="17" count="15" type="stmt"/>
        <line num="19" count="15" type="stmt"/>
      </file>
    </package>
    <package name="src.git">
      <metrics statements="33" coveredstatements="23" conditionals="14" coveredconditionals="9" methods="7" coveredmethods="5"/>
      <file name="GitWrapper.ts" path="/Users/ataing/Documents/studio-prototype/packages/studio-plugin/src/git/GitWrapper.ts">
        <metrics statements="28" coveredstatements="23" conditionals="12" coveredconditionals="9" methods="6" coveredmethods="5"/>
        <line num="9" count="2" type="stmt"/>
        <line num="13" count="0" type="cond" truecount="0" falsecount="2"/>
        <line num="14" count="0" type="stmt"/>
        <line num="15" count="0" type="stmt"/>
        <line num="17" count="0" type="stmt"/>
        <line num="21" count="1" type="stmt"/>
        <line num="24" count="1" type="stmt"/>
        <line num="25" count="1" type="stmt"/>
        <line num="26" count="1" type="stmt"/>
        <line num="30" count="6" type="stmt"/>
        <line num="34" count="6" type="stmt"/>
        <line num="35" count="6" type="stmt"/>
        <line num="36" count="5" type="cond" truecount="2" falsecount="0"/>
        <line num="37" count="1" type="stmt"/>
        <line num="41" count="4" type="cond" truecount="2" falsecount="0"/>
        <line num="42" count="1" type="stmt"/>
        <line num="47" count="3" type="stmt"/>
        <line num="48" count="3" type="cond" truecount="2" falsecount="0"/>
        <line num="49" count="1" type="stmt"/>
        <line num="54" count="2" type="stmt"/>
        <line num="55" count="2" type="cond" truecount="2" falsecount="0"/>
        <line num="56" count="1" type="stmt"/>
        <line num="62" count="1" type="stmt"/>
        <line num="66" count="1" type="cond" truecount="1" falsecount="1"/>
        <line num="67" count="0" type="stmt"/>
        <line num="70" count="1" type="stmt"/>
        <line num="78" count="6" type="stmt"/>
        <line num="79" count="6" type="stmt"/>
      </file>
      <file name="reloadGitData.ts" path="/Users/ataing/Documents/studio-prototype/packages/studio-plugin/src/git/reloadGitData.ts">
        <metrics statements="5" coveredstatements="0" conditionals="2" coveredconditionals="0" methods="1" coveredmethods="0"/>
        <line num="9" count="0" type="stmt"/>
        <line num="10" count="0" type="stmt"/>
        <line num="13" count="0" type="cond" truecount="0" falsecount="2"/>
        <line num="14" count="0" type="stmt"/>
        <line num="16" count="0" type="stmt"/>
      </file>
    </package>
    <package name="src.messaging">
      <metrics statements="58" coveredstatements="0" conditionals="12" coveredconditionals="0" methods="19" coveredmethods="0"/>
      <file name="executeSaveChanges.ts" path="/Users/ataing/Documents/studio-prototype/packages/studio-plugin/src/messaging/executeSaveChanges.ts">
        <metrics statements="12" coveredstatements="0" conditionals="2" coveredconditionals="0" methods="3" coveredmethods="0"/>
        <line num="16" count="0" type="stmt"/>
        <line num="17" count="0" type="stmt"/>
        <line num="18" count="0" type="stmt"/>
        <line num="20" count="0" type="stmt"/>
        <line num="21" count="0" type="stmt"/>
        <line num="22" count="0" type="stmt"/>
        <line num="24" count="0" type="stmt"/>
        <line num="25" count="0" type="stmt"/>
        <line num="26" count="0" type="stmt"/>
        <line num="27" count="0" type="stmt"/>
        <line num="29" count="0" type="cond" truecount="0" falsecount="2"/>
        <line num="30" count="0" type="stmt"/>
      </file>
      <file name="registerDeployListener.ts" path="/Users/ataing/Documents/studio-prototype/packages/studio-plugin/src/messaging/registerDeployListener.ts">
        <metrics statements="5" coveredstatements="0" conditionals="0" coveredconditionals="0" methods="2" coveredmethods="0"/>
        <line num="16" count="0" type="stmt"/>
        <line num="20" count="0" type="stmt"/>
        <line num="21" count="0" type="stmt"/>
        <line num="22" count="0" type="stmt"/>
        <line num="23" count="0" type="stmt"/>
      </file>
      <file name="registerGenerateTestData.ts" path="/Users/ataing/Documents/studio-prototype/packages/studio-plugin/src/messaging/registerGenerateTestData.ts">
        <metrics statements="13" coveredstatements="0" conditionals="4" coveredconditionals="0" methods="4" coveredmethods="0"/>
        <line num="21" count="0" type="stmt"/>
        <line num="25" count="0" type="stmt"/>
        <line num="26" count="0" type="stmt"/>
        <line num="27" count="0" type="stmt"/>
        <line num="41" count="0" type="stmt"/>
        <line num="42" count="0" type="cond" truecount="0" falsecount="2"/>
        <line num="43" count="0" type="stmt"/>
        <line num="45" count="0" type="stmt"/>
        <line num="48" count="0" type="stmt"/>
        <line num="50" count="0" type="stmt"/>
        <line num="66" count="0" type="cond" truecount="0" falsecount="2"/>
        <line num="67" count="0" type="stmt"/>
        <line num="72" count="0" type="stmt"/>
      </file>
      <file name="registerListener.ts" path="/Users/ataing/Documents/studio-prototype/packages/studio-plugin/src/messaging/registerListener.ts">
        <metrics statements="24" coveredstatements="0" conditionals="6" coveredconditionals="0" methods="8" coveredmethods="0"/>
        <line num="22" count="0" type="stmt"/>
        <line num="23" count="0" type="cond" truecount="0" falsecount="2"/>
        <line num="24" count="0" type="stmt"/>
        <line num="25" count="0" type="stmt"/>
        <line num="26" count="0" type="stmt"/>
        <line num="28" count="0" type="stmt"/>
        <line num="29" count="0" type="stmt"/>
        <line num="31" count="0" type="stmt"/>
        <line num="40" count="0" type="stmt"/>
        <line num="41" count="0" type="stmt"/>
        <line num="43" count="0" type="stmt"/>
        <line num="44" count="0" type="cond" truecount="0" falsecount="2"/>
        <line num="45" count="0" type="stmt"/>
        <line num="46" count="0" type="cond" truecount="0" falsecount="2"/>
        <line num="47" count="0" type="stmt"/>
        <line num="49" count="0" type="stmt"/>
        <line num="50" count="0" type="stmt"/>
        <line num="60" count="0" type="stmt"/>
        <line num="62" count="0" type="stmt"/>
        <line num="63" count="0" type="stmt"/>
        <line num="64" count="0" type="stmt"/>
        <line num="66" count="0" type="stmt"/>
        <line num="67" count="0" type="stmt"/>
        <line num="68" count="0" type="stmt"/>
      </file>
      <file name="registerSaveChangesListener.ts" path="/Users/ataing/Documents/studio-prototype/packages/studio-plugin/src/messaging/registerSaveChangesListener.ts">
        <metrics statements="4" coveredstatements="0" conditionals="0" coveredconditionals="0" methods="2" coveredmethods="0"/>
        <line num="16" count="0" type="stmt"/>
        <line num="20" count="0" type="stmt"/>
        <line num="21" count="0" type="stmt"/>
        <line num="22" count="0" type="stmt"/>
      </file>
    </package>
    <package name="src.parsers">
      <metrics statements="323" coveredstatements="302" conditionals="197" coveredconditionals="177" methods="75" coveredmethods="74"/>
      <file name="ComponentParamParser.ts" path="/Users/ataing/Documents/studio-prototype/packages/studio-plugin/src/parsers/ComponentParamParser.ts">
        <metrics statements="12" coveredstatements="12" conditionals="6" coveredconditionals="6" methods="3" coveredmethods="3"/>
        <line num="13" count="40" type="stmt"/>
        <line num="14" count="39" type="cond" truecount="2" falsecount="0"/>
        <line num="15" count="1" type="stmt"/>
        <line num="21" count="38" type="stmt"/>
        <line num="22" count="38" type="cond" truecount="2" falsecount="0"/>
        <line num="23" count="13" type="stmt"/>
        <line num="26" count="25" type="stmt"/>
        <line num="31" count="40" type="stmt"/>
        <line num="32" count="39" type="cond" truecount="2" falsecount="0"/>
        <line num="33" count="1" type="stmt"/>
        <line num="38" count="1" type="stmt"/>
        <line num="40" count="38" type="stmt"/>
      </file>
      <file name="ComponentTreeParser.ts" path="/Users/ataing/Documents/studio-prototype/packages/studio-plugin/src/parsers/ComponentTreeParser.ts">
        <metrics statements="51" coveredstatements="44" conditionals="29" coveredconditionals="26" methods="9" coveredmethods="8"/>
        <line num="35" count="52" type="stmt"/>
        <line num="36" count="52" type="stmt"/>
        <line num="39" count="52" type="cond" truecount="2" falsecount="0"/>
        <line num="40" count="3" type="stmt"/>
        <line num="43" count="49" type="cond" truecount="2" falsecount="0"/>
        <line num="45" count="49" type="stmt"/>
        <line num="47" count="100" type="cond" truecount="3" falsecount="0"/>
        <line num="51" count="49" type="cond" truecount="2" falsecount="0"/>
        <line num="52" count="4" type="stmt"/>
        <line num="58" count="45" type="stmt"/>
        <line num="60" count="106" type="stmt"/>
        <line num="69" count="106" type="stmt"/>
        <line num="74" count="106" type="cond" truecount="2" falsecount="0"/>
        <line num="76" count="3" type="stmt"/>
        <line num="77" count="2" type="stmt"/>
        <line num="82" count="1" type="stmt"/>
        <line num="88" count="103" type="cond" truecount="2" falsecount="0"/>
        <line num="89" count="26" type="stmt"/>
        <line num="95" count="77" type="stmt"/>
        <line num="96" count="77" type="stmt"/>
        <line num="102" count="74" type="stmt"/>
        <line num="115" count="2" type="stmt"/>
        <line num="116" count="2" type="stmt"/>
        <line num="121" count="2" type="cond" truecount="2" falsecount="0"/>
        <line num="122" count="1" type="stmt"/>
        <line num="126" count="1" type="stmt"/>
        <line num="144" count="79" type="cond" truecount="2" falsecount="0"/>
        <line num="150" count="79" type="stmt"/>
        <line num="151" count="84" type="stmt"/>
        <line num="153" count="79" type="stmt"/>
        <line num="154" count="79" type="cond" truecount="2" falsecount="0"/>
        <line num="155" count="12" type="cond" truecount="2" falsecount="0"/>
        <line num="156" count="1" type="stmt"/>
        <line num="160" count="12" type="stmt"/>
        <line num="166" count="67" type="stmt"/>
        <line num="167" count="65" type="cond" truecount="1" falsecount="1"/>
        <line num="168" count="0" type="stmt"/>
        <line num="169" count="0" type="stmt"/>
        <line num="170" count="0" type="stmt"/>
        <line num="172" count="0" type="stmt"/>
        <line num="173" count="0" type="cond" truecount="0" falsecount="2"/>
        <line num="174" count="0" type="stmt"/>
        <line num="178" count="0" type="stmt"/>
        <line num="187" count="65" type="stmt"/>
        <line num="190" count="65" type="cond" truecount="2" falsecount="0"/>
        <line num="193" count="65" type="stmt"/>
        <line num="198" count="64" type="stmt"/>
        <line num="202" count="64" type="cond" truecount="2" falsecount="0"/>
        <line num="203" count="1" type="stmt"/>
        <line num="204" count="1" type="stmt"/>
        <line num="214" count="63" type="stmt"/>
      </file>
      <file name="FileMetadataParser.ts" path="/Users/ataing/Documents/studio-prototype/packages/studio-plugin/src/parsers/FileMetadataParser.ts">
        <metrics statements="11" coveredstatements="11" conditionals="4" coveredconditionals="4" methods="4" coveredmethods="4"/>
        <line num="20" count="33" type="stmt"/>
        <line num="21" count="33" type="stmt"/>
        <line num="22" count="33" type="stmt"/>
        <line num="36" count="34" type="stmt"/>
        <line num="37" count="30" type="stmt"/>
        <line num="39" count="29" type="stmt"/>
        <line num="54" count="30" type="stmt"/>
        <line num="64" count="34" type="stmt"/>
        <line num="65" count="34" type="cond" truecount="2" falsecount="0"/>
        <line num="66" count="13" type="stmt"/>
        <line num="69" count="21" type="stmt"/>
      </file>
      <file name="GetPathParser.ts" path="/Users/ataing/Documents/studio-prototype/packages/studio-plugin/src/parsers/GetPathParser.ts">
        <metrics statements="34" coveredstatements="32" conditionals="22" coveredconditionals="19" methods="6" coveredmethods="6"/>
        <line num="15" count="17" type="stmt"/>
        <line num="37" count="17" type="stmt"/>
        <line num="38" count="15" type="cond" truecount="2" falsecount="0"/>
        <line num="39" count="2" type="stmt"/>
        <line num="41" count="13" type="stmt"/>
        <line num="42" count="13" type="cond" truecount="1" falsecount="1"/>
        <line num="43" count="0" type="stmt"/>
        <line num="45" count="13" type="stmt"/>
        <line num="46" count="13" type="cond" truecount="1" falsecount="1"/>
        <line num="47" count="13" type="stmt"/>
        <line num="57" count="21" type="stmt"/>
        <line num="58" count="21" type="cond" truecount="2" falsecount="0"/>
        <line num="59" count="2" type="stmt"/>
        <line num="63" count="19" type="cond" truecount="2" falsecount="0"/>
        <line num="64" count="2" type="stmt"/>
        <line num="65" count="2" type="cond" truecount="2" falsecount="0"/>
        <line num="67" count="17" type="stmt"/>
        <line num="68" count="17" type="cond" truecount="1" falsecount="1"/>
        <line num="69" count="0" type="stmt"/>
        <line num="71" count="17" type="cond" truecount="2" falsecount="0"/>
        <line num="72" count="13" type="stmt"/>
        <line num="74" count="4" type="stmt"/>
        <line num="81" count="28" type="stmt"/>
        <line num="85" count="15" type="stmt"/>
        <line num="88" count="15" type="cond" truecount="2" falsecount="0"/>
        <line num="89" count="14" type="stmt"/>
        <line num="90" count="14" type="stmt"/>
        <line num="91" count="14" type="stmt"/>
        <line num="96" count="18" type="cond" truecount="2" falsecount="0"/>
        <line num="97" count="15" type="stmt"/>
        <line num="99" count="3" type="cond" truecount="2" falsecount="0"/>
        <line num="100" count="2" type="stmt"/>
        <line num="101" count="2" type="stmt"/>
        <line num="105" count="2" type="stmt"/>
      </file>
      <file name="MissingPropsChecker.ts" path="/Users/ataing/Documents/studio-prototype/packages/studio-plugin/src/parsers/MissingPropsChecker.ts">
        <metrics statements="22" coveredstatements="21" conditionals="18" coveredconditionals="17" methods="5" coveredmethods="5"/>
        <line num="16" count="72" type="cond" truecount="1" falsecount="1"/>
        <line num="17" count="0" type="stmt"/>
        <line num="20" count="72" type="stmt"/>
        <line num="21" count="154" type="stmt"/>
        <line num="22" count="154" type="stmt"/>
        <line num="23" count="154" type="cond" truecount="2" falsecount="0"/>
        <line num="26" count="154" type="cond" truecount="2" falsecount="0"/>
        <line num="27" count="78" type="cond" truecount="2" falsecount="0"/>
        <line num="28" count="6" type="stmt"/>
        <line num="30" count="72" type="stmt"/>
        <line num="33" count="76" type="stmt"/>
        <line num="46" count="79" type="cond" truecount="2" falsecount="0"/>
        <line num="47" count="8" type="stmt"/>
        <line num="50" count="71" type="cond" truecount="2" falsecount="0"/>
        <line num="54" count="3" type="stmt"/>
        <line num="55" count="3" type="stmt"/>
        <line num="56" count="3" type="stmt"/>
        <line num="57" count="3" type="stmt"/>
        <line num="59" count="68" type="cond" truecount="2" falsecount="0"/>
        <line num="63" count="3" type="stmt"/>
        <line num="69" count="65" type="stmt"/>
        <line num="76" count="6" type="stmt"/>
      </file>
      <file name="PagesJsStateParser.ts" path="/Users/ataing/Documents/studio-prototype/packages/studio-plugin/src/parsers/PagesJsStateParser.ts">
        <metrics statements="5" coveredstatements="4" conditionals="8" coveredconditionals="7" methods="2" coveredmethods="2"/>
        <line num="18" count="4" type="stmt"/>
        <line num="19" count="4" type="stmt"/>
        <line num="20" count="4" type="cond" truecount="3" falsecount="1"/>
        <line num="21" count="0" type="stmt"/>
        <line num="24" count="4" type="stmt"/>
      </file>
      <file name="PropShapeParser.ts" path="/Users/ataing/Documents/studio-prototype/packages/studio-plugin/src/parsers/PropShapeParser.ts">
        <metrics statements="33" coveredstatements="30" conditionals="31" coveredconditionals="28" methods="7" coveredmethods="7"/>
        <line num="20" count="40" type="stmt"/>
        <line num="33" count="26" type="stmt"/>
        <line num="34" count="26" type="cond" truecount="2" falsecount="0"/>
        <line num="35" count="1" type="stmt"/>
        <line num="37" count="25" type="cond" truecount="2" falsecount="0"/>
        <line num="38" count="2" type="stmt"/>
        <line num="40" count="23" type="stmt"/>
        <line num="48" count="25" type="stmt"/>
        <line num="49" count="25" type="stmt"/>
        <line num="50" count="36" type="cond" truecount="2" falsecount="0"/>
        <line num="52" count="32" type="stmt"/>
        <line num="53" count="32" type="stmt"/>
        <line num="55" count="23" type="stmt"/>
        <line num="63" count="32" type="stmt"/>
        <line num="64" count="32" type="stmt"/>
        <line num="77" count="33" type="stmt"/>
        <line num="79" count="33" type="cond" truecount="2" falsecount="0"/>
        <line num="80" count="1" type="stmt"/>
        <line num="81" count="1" type="stmt"/>
        <line num="85" count="32" type="cond" truecount="2" falsecount="0"/>
        <line num="86" count="2" type="stmt"/>
        <line num="87" count="2" type="stmt"/>
        <line num="91" count="30" type="cond" truecount="1" falsecount="1"/>
        <line num="92" count="0" type="stmt"/>
        <line num="97" count="30" type="cond" truecount="2" falsecount="0"/>
        <line num="102" count="1" type="stmt"/>
        <line num="105" count="29" type="cond" truecount="1" falsecount="1"/>
        <line num="106" count="0" type="stmt"/>
        <line num="107" count="29" type="cond" truecount="2" falsecount="0"/>
        <line num="111" count="1" type="stmt"/>
        <line num="114" count="28" type="cond" truecount="1" falsecount="1"/>
        <line num="115" count="0" type="stmt"/>
        <line num="120" count="28" type="stmt"/>
      </file>
      <file name="PropValuesParser.ts" path="/Users/ataing/Documents/studio-prototype/packages/studio-plugin/src/parsers/PropValuesParser.ts">
        <metrics statements="34" coveredstatements="31" conditionals="18" coveredconditionals="15" methods="8" coveredmethods="8"/>
        <line num="31" count="35" type="stmt"/>
        <line num="32" count="35" type="cond" truecount="2" falsecount="0"/>
        <line num="33" count="25" type="stmt"/>
        <line num="35" count="10" type="stmt"/>
        <line num="41" count="35" type="cond" truecount="2" falsecount="0"/>
        <line num="42" count="30" type="stmt"/>
        <line num="46" count="5" type="stmt"/>
        <line num="47" count="5" type="cond" truecount="2" falsecount="0"/>
        <line num="48" count="1" type="stmt"/>
        <line num="50" count="4" type="cond" truecount="1" falsecount="1"/>
        <line num="51" count="0" type="stmt"/>
        <line num="55" count="4" type="stmt"/>
        <line num="62" count="12" type="stmt"/>
        <line num="64" count="12" type="stmt"/>
        <line num="65" count="20" type="stmt"/>
        <line num="72" count="11" type="stmt"/>
        <line num="81" count="22" type="cond" truecount="2" falsecount="0"/>
        <line num="82" count="1" type="stmt"/>
        <line num="84" count="21" type="stmt"/>
        <line num="90" count="21" type="stmt"/>
        <line num="91" count="21" type="stmt"/>
        <line num="92" count="21" type="cond" truecount="2" falsecount="0"/>
        <line num="93" count="1" type="cond" truecount="1" falsecount="1"/>
        <line num="94" count="0" type="stmt"/>
        <line num="96" count="1" type="stmt"/>
        <line num="100" count="2" type="stmt"/>
        <line num="103" count="20" type="cond" truecount="2" falsecount="0"/>
        <line num="104" count="2" type="cond" truecount="1" falsecount="1"/>
        <line num="105" count="0" type="stmt"/>
        <line num="107" count="2" type="stmt"/>
        <line num="114" count="18" type="stmt"/>
        <line num="121" count="21" type="stmt"/>
        <line num="122" count="21" type="stmt"/>
        <line num="123" count="21" type="stmt"/>
      </file>
      <file name="StudioSourceFileParser.ts" path="/Users/ataing/Documents/studio-prototype/packages/studio-plugin/src/parsers/StudioSourceFileParser.ts">
        <metrics statements="88" coveredstatements="84" conditionals="48" coveredconditionals="43" methods="22" coveredmethods="22"/>
        <line num="30" count="161" type="cond" truecount="2" falsecount="0"/>
        <line num="31" count="90" type="stmt"/>
        <line num="33" count="161" type="stmt"/>
        <line num="40" count="193" type="stmt"/>
        <line num="44" count="2" type="stmt"/>
        <line num="48" count="67" type="stmt"/>
        <line num="59" count="56" type="stmt"/>
        <line num="61" count="56" type="stmt"/>
        <line num="63" count="65" type="stmt"/>
        <line num="64" count="65" type="stmt"/>
        <line num="66" count="56" type="stmt"/>
        <line num="70" count="57" type="stmt"/>
        <line num="72" count="57" type="stmt"/>
        <line num="74" count="94" type="stmt"/>
        <line num="76" count="94" type="cond" truecount="2" falsecount="0"/>
        <line num="77" count="48" type="stmt"/>
        <line num="80" count="57" type="stmt"/>
        <line num="86" count="52" type="stmt"/>
        <line num="87" count="52" type="stmt"/>
        <line num="89" count="47" type="cond" truecount="1" falsecount="1"/>
        <line num="90" count="0" type="stmt"/>
        <line num="93" count="47" type="stmt"/>
        <line num="94" count="47" type="stmt"/>
        <line num="96" count="47" type="stmt"/>
        <line num="103" count="22" type="stmt"/>
        <line num="105" count="22" type="stmt"/>
        <line num="106" count="40" type="stmt"/>
        <line num="107" count="40" type="cond" truecount="2" falsecount="0"/>
        <line num="108" count="10" type="stmt"/>
        <line num="111" count="22" type="stmt"/>
        <line num="117" count="44" type="stmt"/>
        <line num="120" count="19" type="stmt"/>
        <line num="127" count="44" type="cond" truecount="2" falsecount="0"/>
        <line num="128" count="29" type="stmt"/>
        <line num="130" count="15" type="stmt"/>
        <line num="133" count="15" type="cond" truecount="2" falsecount="0"/>
        <line num="134" count="1" type="stmt"/>
        <line num="138" count="14" type="stmt"/>
        <line num="144" count="31" type="stmt"/>
        <line num="145" count="30" type="cond" truecount="2" falsecount="0"/>
        <line num="146" count="24" type="stmt"/>
        <line num="148" count="6" type="stmt"/>
        <line num="159" count="8" type="stmt"/>
        <line num="163" count="15" type="stmt"/>
        <line num="164" count="15" type="stmt"/>
        <line num="165" count="17" type="cond" truecount="2" falsecount="0"/>
        <line num="166" count="10" type="stmt"/>
        <line num="172" count="5" type="stmt"/>
        <line num="173" count="5" type="stmt"/>
        <line num="174" count="1" type="cond" truecount="1" falsecount="1"/>
        <line num="175" count="1" type="stmt"/>
        <line num="188" count="11" type="stmt"/>
        <line num="192" count="11" type="stmt"/>
        <line num="197" count="11" type="cond" truecount="2" falsecount="0"/>
        <line num="198" count="1" type="stmt"/>
        <line num="201" count="1" type="cond" truecount="1" falsecount="1"/>
        <line num="202" count="0" type="stmt"/>
        <line num="206" count="1" type="stmt"/>
        <line num="210" count="11" type="stmt"/>
        <line num="216" count="161" type="stmt"/>
        <line num="217" count="66" type="stmt"/>
        <line num="218" count="66" type="stmt"/>
        <line num="219" count="66" type="cond" truecount="2" falsecount="0"/>
        <line num="220" count="66" type="cond" truecount="2" falsecount="0"/>
        <line num="221" count="51" type="stmt"/>
        <line num="227" count="15" type="stmt"/>
        <line num="228" count="15" type="cond" truecount="2" falsecount="0"/>
        <line num="229" count="11" type="stmt"/>
        <line num="250" count="144" type="stmt"/>
        <line num="251" count="144" type="cond" truecount="2" falsecount="0"/>
        <line num="252" count="4" type="stmt"/>
        <line num="254" count="140" type="stmt"/>
        <line num="255" count="140" type="stmt"/>
        <line num="256" count="140" type="cond" truecount="2" falsecount="0"/>
        <line num="257" count="127" type="stmt"/>
        <line num="258" count="13" type="cond" truecount="1" falsecount="1"/>
        <line num="259" count="13" type="stmt"/>
        <line num="261" count="0" type="stmt"/>
        <line num="279" count="133" type="stmt"/>
        <line num="280" count="132" type="cond" truecount="2" falsecount="0"/>
        <line num="281" count="3" type="stmt"/>
        <line num="285" count="129" type="cond" truecount="1" falsecount="1"/>
        <line num="289" count="0" type="stmt"/>
        <line num="293" count="129" type="cond" truecount="2" falsecount="0"/>
        <line num="294" count="3" type="stmt"/>
        <line num="295" count="3" type="stmt"/>
        <line num="300" count="126" type="stmt"/>
        <line num="306" count="28" type="stmt"/>
      </file>
      <file name="TemplateConfigParser.ts" path="/Users/ataing/Documents/studio-prototype/packages/studio-plugin/src/parsers/TemplateConfigParser.ts">
        <metrics statements="3" coveredstatements="3" conditionals="2" coveredconditionals="2" methods="3" coveredmethods="3"/>
        <line num="17" count="4" type="stmt"/>
        <line num="23" count="13" type="stmt"/>
        <line num="26" count="13" type="stmt"/>
      </file>
      <file name="getStudioConfig.ts" path="/Users/ataing/Documents/studio-prototype/packages/studio-plugin/src/parsers/getStudioConfig.ts">
        <metrics statements="28" coveredstatements="28" conditionals="11" coveredconditionals="10" methods="5" coveredmethods="5"/>
        <line num="24" count="4" type="stmt"/>
        <line num="25" count="4" type="stmt"/>
        <line num="26" count="2" type="stmt"/>
        <line num="28" count="2" type="cond" truecount="2" falsecount="0"/>
        <line num="30" count="2" type="stmt"/>
        <line num="38" count="4" type="stmt"/>
        <line num="44" count="4" type="stmt"/>
        <line num="45" count="4" type="cond" truecount="2" falsecount="0"/>
        <line num="46" count="1" type="stmt"/>
        <line num="48" count="3" type="stmt"/>
        <line num="50" count="1" type="stmt"/>
        <line num="58" count="1" type="stmt"/>
        <line num="68" count="2" type="stmt"/>
        <line num="70" count="2" type="stmt"/>
        <line num="71" count="10" type="stmt"/>
        <line num="72" count="10" type="cond" truecount="2" falsecount="0"/>
        <line num="73" count="2" type="stmt"/>
        <line num="75" count="10" type="stmt"/>
        <line num="80" count="2" type="stmt"/>
        <line num="93" count="3" type="stmt"/>
        <line num="94" count="3" type="stmt"/>
        <line num="96" count="1" type="stmt"/>
        <line num="101" count="1" type="stmt"/>
        <line num="104" count="2" type="stmt"/>
        <line num="105" count="2" type="cond" truecount="2" falsecount="0"/>
        <line num="106" count="1" type="stmt"/>
        <line num="110" count="1" type="stmt"/>
        <line num="113" count="1" type="stmt"/>
      </file>
      <file name="getUserPaths.ts" path="/Users/ataing/Documents/studio-prototype/packages/studio-plugin/src/parsers/getUserPaths.ts">
        <metrics statements="2" coveredstatements="2" conditionals="0" coveredconditionals="0" methods="1" coveredmethods="1"/>
        <line num="11" count="10" type="stmt"/>
        <line num="12" count="10" type="stmt"/>
      </file>
    </package>
    <package name="src.parsers.helpers">
      <metrics statements="241" coveredstatements="236" conditionals="145" coveredconditionals="139" methods="59" coveredmethods="59"/>
      <file name="NpmLookup.ts" path="/Users/ataing/Documents/studio-prototype/packages/studio-plugin/src/parsers/helpers/NpmLookup.ts">
        <metrics statements="15" coveredstatements="15" conditionals="6" coveredconditionals="6" methods="5" coveredmethods="5"/>
        <line num="4" count="18" type="stmt"/>
        <line num="16" count="15" type="stmt"/>
        <line num="17" count="15" type="stmt"/>
        <line num="21" count="51" type="stmt"/>
        <line num="23" count="604" type="stmt"/>
        <line num="26" count="6" type="stmt"/>
        <line num="30" count="51" type="stmt"/>
        <line num="37" count="51" type="cond" truecount="2" falsecount="0"/>
        <line num="38" count="38" type="stmt"/>
        <line num="39" count="38" type="stmt"/>
        <line num="40" count="38" type="cond" truecount="4" falsecount="0"/>
        <line num="41" count="2" type="stmt"/>
        <line num="45" count="36" type="stmt"/>
        <line num="48" count="13" type="stmt"/>
        <line num="52" count="13" type="stmt"/>
      </file>
      <file name="RepeaterParsingHelpers.ts" path="/Users/ataing/Documents/studio-prototype/packages/studio-plugin/src/parsers/helpers/RepeaterParsingHelpers.ts">
        <metrics statements="21" coveredstatements="21" conditionals="10" coveredconditionals="9" methods="4" coveredmethods="4"/>
        <line num="21" count="5" type="stmt"/>
        <line num="24" count="5" type="stmt"/>
        <line num="29" count="5" type="cond" truecount="4" falsecount="0"/>
        <line num="30" count="1" type="stmt"/>
        <line num="35" count="4" type="stmt"/>
        <line num="36" count="3" type="stmt"/>
        <line num="38" count="3" type="stmt"/>
        <line num="44" count="4" type="stmt"/>
        <line num="54" count="3" type="stmt"/>
        <line num="62" count="4" type="cond" truecount="2" falsecount="0"/>
        <line num="63" count="1" type="stmt"/>
        <line num="64" count="3" type="cond" truecount="2" falsecount="0"/>
        <line num="66" count="2" type="stmt"/>
        <line num="67" count="2" type="stmt"/>
        <line num="72" count="1" type="stmt"/>
        <line num="75" count="1" type="stmt"/>
        <line num="78" count="1" type="cond" truecount="1" falsecount="1"/>
        <line num="81" count="1" type="stmt"/>
        <line num="86" count="3" type="stmt"/>
        <line num="90" count="3" type="stmt"/>
        <line num="93" count="3" type="stmt"/>
      </file>
      <file name="StaticParsingHelpers.ts" path="/Users/ataing/Documents/studio-prototype/packages/studio-plugin/src/parsers/helpers/StaticParsingHelpers.ts">
        <metrics statements="115" coveredstatements="113" conditionals="76" coveredconditionals="74" methods="23" coveredmethods="23"/>
        <line num="55" count="81" type="stmt"/>
        <line num="56" count="81" type="cond" truecount="2" falsecount="0"/>
        <line num="60" count="1" type="stmt"/>
        <line num="61" count="2" type="stmt"/>
        <line num="63" count="1" type="stmt"/>
        <line num="68" count="1" type="stmt"/>
        <line num="69" count="1" type="stmt"/>
        <line num="70" count="80" type="cond" truecount="2" falsecount="0"/>
        <line num="75" count="2" type="stmt"/>
        <line num="78" count="2" type="stmt"/>
        <line num="79" count="2" type="stmt"/>
        <line num="80" count="3" type="stmt"/>
        <line num="81" count="3" type="stmt"/>
        <line num="83" count="2" type="stmt"/>
        <line num="86" count="2" type="stmt"/>
        <line num="92" count="78" type="stmt"/>
        <line num="96" count="78" type="stmt"/>
        <line num="97" count="77" type="stmt"/>
        <line num="101" count="19" type="stmt"/>
        <line num="104" count="120" type="cond" truecount="2" falsecount="0"/>
        <line num="105" count="62" type="stmt"/>
        <line num="110" count="58" type="cond" truecount="2" falsecount="0"/>
        <line num="113" count="58" type="cond" truecount="2" falsecount="0"/>
        <line num="114" count="2" type="stmt"/>
        <line num="115" count="56" type="cond" truecount="2" falsecount="0"/>
        <line num="122" count="18" type="stmt"/>
        <line num="123" count="38" type="cond" truecount="2" falsecount="0"/>
        <line num="128" count="30" type="stmt"/>
        <line num="132" count="8" type="cond" truecount="2" falsecount="0"/>
        <line num="133" count="4" type="stmt"/>
        <line num="137" count="4" type="cond" truecount="2" falsecount="0"/>
        <line num="138" count="2" type="stmt"/>
        <line num="142" count="4" type="stmt"/>
        <line num="145" count="2" type="cond" truecount="2" falsecount="0"/>
        <line num="150" count="1" type="stmt"/>
        <line num="155" count="1" type="stmt"/>
        <line num="165" count="17" type="stmt"/>
        <line num="166" count="17" type="stmt"/>
        <line num="167" count="27" type="cond" truecount="2" falsecount="0"/>
        <line num="168" count="1" type="stmt"/>
        <line num="172" count="26" type="stmt"/>
        <line num="173" count="26" type="stmt"/>
        <line num="176" count="25" type="cond" truecount="2" falsecount="0"/>
        <line num="177" count="24" type="stmt"/>
        <line num="180" count="15" type="stmt"/>
        <line num="184" count="199" type="stmt"/>
        <line num="185" count="199" type="stmt"/>
        <line num="187" count="199" type="cond" truecount="2" falsecount="0"/>
        <line num="188" count="22" type="stmt"/>
        <line num="193" count="177" type="stmt"/>
        <line num="196" count="177" type="stmt"/>
        <line num="198" count="114" type="stmt"/>
        <line num="199" count="177" type="stmt"/>
        <line num="209" count="187" type="stmt"/>
        <line num="221" count="195" type="cond" truecount="2" falsecount="0"/>
        <line num="222" count="89" type="cond" truecount="2" falsecount="0"/>
        <line num="223" count="1" type="stmt"/>
        <line num="229" count="88" type="stmt"/>
        <line num="231" count="106" type="stmt"/>
        <line num="233" count="101" type="cond" truecount="2" falsecount="0"/>
        <line num="237" count="62" type="stmt"/>
        <line num="240" count="39" type="stmt"/>
        <line num="242" count="150" type="stmt"/>
        <line num="243" count="57" type="stmt"/>
        <line num="244" count="34" type="stmt"/>
        <line num="252" count="3" type="stmt"/>
        <line num="257" count="3" type="cond" truecount="2" falsecount="0"/>
        <line num="258" count="1" type="stmt"/>
        <line num="263" count="2" type="stmt"/>
        <line num="270" count="73" type="stmt"/>
        <line num="271" count="73" type="stmt"/>
        <line num="272" count="81" type="stmt"/>
        <line num="273" count="80" type="cond" truecount="2" falsecount="0"/>
        <line num="274" count="2" type="stmt"/>
        <line num="276" count="78" type="stmt"/>
        <line num="277" count="78" type="cond" truecount="2" falsecount="0"/>
        <line num="278" count="1" type="stmt"/>
        <line num="286" count="77" type="stmt"/>
        <line num="287" count="77" type="cond" truecount="2" falsecount="0"/>
        <line num="288" count="76" type="stmt"/>
        <line num="292" count="75" type="stmt"/>
        <line num="295" count="70" type="stmt"/>
        <line num="301" count="158" type="cond" truecount="2" falsecount="0"/>
        <line num="302" count="1" type="stmt"/>
        <line num="310" count="81" type="stmt"/>
        <line num="311" count="80" type="stmt"/>
        <line num="314" count="80" type="cond" truecount="1" falsecount="1"/>
        <line num="315" count="0" type="stmt"/>
        <line num="319" count="80" type="stmt"/>
        <line num="325" count="77" type="stmt"/>
        <line num="326" count="77" type="stmt"/>
        <line num="329" count="77" type="cond" truecount="2" falsecount="0"/>
        <line num="330" count="1" type="stmt"/>
        <line num="332" count="76" type="stmt"/>
        <line num="333" count="76" type="cond" truecount="2" falsecount="0"/>
        <line num="334" count="7" type="cond" truecount="1" falsecount="1"/>
        <line num="335" count="0" type="stmt"/>
        <line num="339" count="7" type="stmt"/>
        <line num="341" count="69" type="stmt"/>
        <line num="350" count="95" type="cond" truecount="2" falsecount="0"/>
        <line num="361" count="9" type="stmt"/>
        <line num="362" count="9" type="stmt"/>
        <line num="363" count="9" type="stmt"/>
        <line num="364" count="14" type="stmt"/>
        <line num="367" count="14" type="cond" truecount="2" falsecount="0"/>
        <line num="368" count="5" type="stmt"/>
        <line num="371" count="9" type="stmt"/>
        <line num="377" count="20" type="stmt"/>
        <line num="379" count="20" type="stmt"/>
        <line num="382" count="20" type="cond" truecount="2" falsecount="0"/>
        <line num="383" count="4" type="stmt"/>
        <line num="386" count="20" type="stmt"/>
        <line num="389" count="20" type="cond" truecount="2" falsecount="0"/>
        <line num="390" count="3" type="stmt"/>
        <line num="394" count="20" type="stmt"/>
      </file>
      <file name="StringUnionParsingHelper.ts" path="/Users/ataing/Documents/studio-prototype/packages/studio-plugin/src/parsers/helpers/StringUnionParsingHelper.ts">
        <metrics statements="20" coveredstatements="19" conditionals="14" coveredconditionals="13" methods="4" coveredmethods="4"/>
        <line num="10" count="7" type="stmt"/>
        <line num="11" count="13" type="cond" truecount="2" falsecount="0"/>
        <line num="12" count="9" type="stmt"/>
        <line num="13" count="4" type="cond" truecount="2" falsecount="0"/>
        <line num="14" count="3" type="stmt"/>
        <line num="16" count="1" type="stmt"/>
        <line num="26" count="3" type="stmt"/>
        <line num="27" count="3" type="stmt"/>
        <line num="28" count="3" type="cond" truecount="3" falsecount="1"/>
        <line num="29" count="0" type="stmt"/>
        <line num="37" count="3" type="cond" truecount="2" falsecount="0"/>
        <line num="38" count="1" type="stmt"/>
        <line num="40" count="2" type="stmt"/>
        <line num="41" count="2" type="cond" truecount="2" falsecount="0"/>
        <line num="42" count="1" type="stmt"/>
        <line num="44" count="1" type="stmt"/>
        <line num="48" count="9" type="stmt"/>
        <line num="49" count="9" type="cond" truecount="2" falsecount="0"/>
        <line num="50" count="1" type="stmt"/>
        <line num="55" count="8" type="stmt"/>
      </file>
      <file name="TsMorphHelpers.ts" path="/Users/ataing/Documents/studio-prototype/packages/studio-plugin/src/parsers/helpers/TsMorphHelpers.ts">
        <metrics statements="15" coveredstatements="15" conditionals="2" coveredconditionals="2" methods="14" coveredmethods="14"/>
        <line num="8" count="162" type="stmt"/>
        <line num="18" count="28" type="stmt"/>
        <line num="19" count="28" type="cond" truecount="2" falsecount="0"/>
        <line num="20" count="3" type="stmt"/>
        <line num="23" count="9" type="stmt"/>
        <line num="24" count="4743" type="stmt"/>
        <line num="26" count="9" type="stmt"/>
        <line num="31" count="25" type="stmt"/>
        <line num="41" count="24" type="stmt"/>
        <line num="43" count="24" type="stmt"/>
        <line num="55" count="2" type="stmt"/>
        <line num="56" count="2" type="stmt"/>
        <line num="68" count="4" type="stmt"/>
        <line num="70" count="4" type="stmt"/>
        <line num="82" count="42" type="stmt"/>
      </file>
      <file name="TypeNodeParsingHelper.ts" path="/Users/ataing/Documents/studio-prototype/packages/studio-plugin/src/parsers/helpers/TypeNodeParsingHelper.ts">
        <metrics statements="55" coveredstatements="53" conditionals="37" coveredconditionals="35" methods="9" coveredmethods="9"/>
        <line num="72" count="59" type="stmt"/>
        <line num="73" count="57" type="stmt"/>
        <line num="80" count="129" type="cond" truecount="2" falsecount="0"/>
        <line num="81" count="38" type="stmt"/>
        <line num="83" count="91" type="stmt"/>
        <line num="85" count="91" type="stmt"/>
        <line num="86" count="91" type="cond" truecount="2" falsecount="0"/>
        <line num="87" count="44" type="stmt"/>
        <line num="90" count="47" type="stmt"/>
        <line num="91" count="47" type="cond" truecount="1" falsecount="1"/>
        <line num="92" count="0" type="stmt"/>
        <line num="96" count="47" type="stmt"/>
        <line num="104" count="49" type="cond" truecount="2" falsecount="0"/>
        <line num="105" count="16" type="stmt"/>
        <line num="106" count="33" type="cond" truecount="2" falsecount="0"/>
        <line num="111" count="6" type="stmt"/>
        <line num="112" count="27" type="cond" truecount="2" falsecount="0"/>
        <line num="113" count="2" type="stmt"/>
        <line num="114" count="2" type="cond" truecount="1" falsecount="1"/>
        <line num="115" count="0" type="stmt"/>
        <line num="119" count="2" type="stmt"/>
        <line num="123" count="25" type="cond" truecount="2" falsecount="0"/>
        <line num="124" count="5" type="stmt"/>
        <line num="129" count="4" type="stmt"/>
        <line num="135" count="20" type="stmt"/>
        <line num="136" count="20" type="stmt"/>
        <line num="144" count="54" type="stmt"/>
        <line num="145" count="54" type="stmt"/>
        <line num="147" count="54" type="stmt"/>
        <line num="148" count="70" type="stmt"/>
        <line num="149" count="70" type="stmt"/>
        <line num="150" count="68" type="stmt"/>
        <line num="151" count="68" type="stmt"/>
        <line num="152" count="68" type="stmt"/>
        <line num="159" count="52" type="stmt"/>
        <line num="171" count="6" type="cond" truecount="2" falsecount="0"/>
        <line num="172" count="3" type="stmt"/>
        <line num="175" count="3" type="stmt"/>
        <line num="176" count="3" type="cond" truecount="2" falsecount="0"/>
        <line num="177" count="1" type="stmt"/>
        <line num="181" count="2" type="stmt"/>
        <line num="184" count="6" type="stmt"/>
        <line num="185" count="5" type="stmt"/>
        <line num="195" count="67" type="cond" truecount="2" falsecount="0"/>
        <line num="196" count="10" type="stmt"/>
        <line num="197" count="10" type="cond" truecount="2" falsecount="0"/>
        <line num="198" count="8" type="stmt"/>
        <line num="201" count="59" type="stmt"/>
        <line num="211" count="136" type="stmt"/>
        <line num="212" count="136" type="cond" truecount="2" falsecount="0"/>
        <line num="213" count="98" type="stmt"/>
        <line num="216" count="38" type="stmt"/>
        <line num="217" count="18" type="stmt"/>
        <line num="218" count="18" type="cond" truecount="4" falsecount="0"/>
        <line num="219" count="10" type="stmt"/>
      </file>
    </package>
    <package name="src.sourcefiles">
      <metrics statements="79" coveredstatements="73" conditionals="24" coveredconditionals="21" methods="18" coveredmethods="17"/>
      <file name="ComponentFile.ts" path="/Users/ataing/Documents/studio-prototype/packages/studio-plugin/src/sourcefiles/ComponentFile.ts">
        <metrics statements="12" coveredstatements="12" conditionals="4" coveredconditionals="4" methods="4" coveredmethods="4"/>
        <line num="20" count="14" type="stmt"/>
        <line num="21" count="14" type="stmt"/>
        <line num="27" count="14" type="stmt"/>
        <line num="34" count="14" type="stmt"/>
        <line num="35" count="14" type="stmt"/>
        <line num="36" count="14" type="stmt"/>
        <line num="37" count="14" type="stmt"/>
        <line num="38" count="24" type="cond" truecount="2" falsecount="0"/>
        <line num="39" count="4" type="stmt"/>
        <line num="41" count="24" type="stmt"/>
        <line num="44" count="14" type="stmt"/>
        <line num="46" count="14" type="stmt"/>
      </file>
      <file name="ModuleFile.ts" path="/Users/ataing/Documents/studio-prototype/packages/studio-plugin/src/sourcefiles/ModuleFile.ts">
        <metrics statements="24" coveredstatements="22" conditionals="8" coveredconditionals="7" methods="6" coveredmethods="5"/>
        <line num="33" count="19" type="stmt"/>
        <line num="34" count="19" type="stmt"/>
        <line num="37" count="19" type="stmt"/>
        <line num="41" count="19" type="stmt"/>
        <line num="46" count="19" type="stmt"/>
        <line num="53" count="21" type="stmt"/>
        <line num="60" count="19" type="stmt"/>
        <line num="61" count="21" type="stmt"/>
        <line num="63" count="21" type="stmt"/>
        <line num="64" count="21" type="stmt"/>
        <line num="68" count="20" type="stmt"/>
        <line num="87" count="5" type="stmt"/>
        <line num="88" count="0" type="stmt"/>
        <line num="93" count="5" type="stmt"/>
        <line num="94" count="5" type="stmt"/>
        <line num="103" count="5" type="stmt"/>
        <line num="107" count="5" type="stmt"/>
        <line num="112" count="5" type="cond" truecount="4" falsecount="0"/>
        <line num="113" count="1" type="stmt"/>
        <line num="114" count="4" type="cond" truecount="2" falsecount="0"/>
        <line num="115" count="1" type="stmt"/>
        <line num="116" count="3" type="cond" truecount="1" falsecount="1"/>
        <line num="117" count="0" type="stmt"/>
        <line num="119" count="3" type="stmt"/>
      </file>
      <file name="PageFile.ts" path="/Users/ataing/Documents/studio-prototype/packages/studio-plugin/src/sourcefiles/PageFile.ts">
        <metrics statements="25" coveredstatements="25" conditionals="6" coveredconditionals="6" methods="5" coveredmethods="5"/>
        <line num="39" count="48" type="stmt"/>
        <line num="40" count="48" type="stmt"/>
        <line num="44" count="48" type="stmt"/>
        <line num="48" count="48" type="stmt"/>
        <line num="49" count="48" type="stmt"/>
        <line num="52" count="48" type="stmt"/>
        <line num="54" count="48" type="stmt"/>
        <line num="59" count="48" type="stmt"/>
        <line num="64" count="48" type="stmt"/>
        <line num="70" count="48" type="stmt"/>
        <line num="75" count="48" type="stmt"/>
        <line num="82" count="31" type="stmt"/>
        <line num="89" count="48" type="stmt"/>
        <line num="90" count="31" type="stmt"/>
        <line num="91" count="31" type="stmt"/>
        <line num="94" count="22" type="stmt"/>
        <line num="95" count="22" type="stmt"/>
        <line num="97" count="22" type="stmt"/>
        <line num="115" count="19" type="stmt"/>
        <line num="118" count="19" type="stmt"/>
        <line num="119" count="19" type="cond" truecount="2" falsecount="0"/>
        <line num="120" count="7" type="stmt"/>
        <line num="122" count="19" type="cond" truecount="2" falsecount="0"/>
        <line num="125" count="9" type="stmt"/>
        <line num="133" count="19" type="stmt"/>
      </file>
      <file name="SiteSettingsFile.ts" path="/Users/ataing/Documents/studio-prototype/packages/studio-plugin/src/sourcefiles/SiteSettingsFile.ts">
        <metrics statements="18" coveredstatements="14" conditionals="6" coveredconditionals="4" methods="3" coveredmethods="3"/>
        <line num="22" count="7" type="stmt"/>
        <line num="23" count="7" type="stmt"/>
        <line num="24" count="7" type="stmt"/>
        <line num="25" count="7" type="stmt"/>
        <line num="30" count="5" type="stmt"/>
        <line num="31" count="5" type="stmt"/>
        <line num="32" count="5" type="cond" truecount="2" falsecount="0"/>
        <line num="33" count="1" type="stmt"/>
        <line num="35" count="4" type="cond" truecount="1" falsecount="1"/>
        <line num="36" count="0" type="stmt"/>
        <line num="37" count="0" type="stmt"/>
        <line num="41" count="4" type="cond" truecount="1" falsecount="1"/>
        <line num="42" count="0" type="stmt"/>
        <line num="43" count="0" type="stmt"/>
        <line num="47" count="4" type="stmt"/>
        <line num="61" count="2" type="stmt"/>
        <line num="62" count="2" type="stmt"/>
        <line num="63" count="2" type="stmt"/>
      </file>
    </package>
    <package name="src.utils">
      <metrics statements="133" coveredstatements="109" conditionals="97" coveredconditionals="83" methods="49" coveredmethods="34"/>
      <file name="ComponentStateHelpers.ts" path="/Users/ataing/Documents/studio-prototype/packages/studio-plugin/src/utils/ComponentStateHelpers.ts">
        <metrics statements="4" coveredstatements="4" conditionals="2" coveredconditionals="2" methods="1" coveredmethods="1"/>
        <line num="12" count="45" type="cond" truecount="2" falsecount="0"/>
        <line num="13" count="3" type="stmt"/>
        <line num="18" count="3" type="stmt"/>
        <line num="20" count="42" type="stmt"/>
      </file>
      <file name="ComponentTreeHelpers.ts" path="/Users/ataing/Documents/studio-prototype/packages/studio-plugin/src/utils/ComponentTreeHelpers.ts">
        <metrics statements="45" coveredstatements="38" conditionals="18" coveredconditionals="18" methods="17" coveredmethods="13"/>
        <line num="33" count="80" type="stmt"/>
        <line num="34" count="80" type="stmt"/>
        <line num="35" count="48" type="stmt"/>
        <line num="36" count="48" type="stmt"/>
        <line num="56" count="0" type="stmt"/>
        <line num="57" count="0" type="stmt"/>
        <line num="58" count="0" type="stmt"/>
        <line num="59" count="0" type="stmt"/>
        <line num="75" count="80" type="stmt"/>
        <line num="76" count="80" type="stmt"/>
        <line num="77" count="80" type="stmt"/>
        <line num="78" count="63" type="cond" truecount="2" falsecount="0"/>
        <line num="79" count="48" type="stmt"/>
        <line num="81" count="15" type="stmt"/>
        <line num="84" count="80" type="stmt"/>
        <line num="96" count="24" type="stmt"/>
        <line num="97" count="24" type="stmt"/>
        <line num="101" count="24" type="stmt"/>
        <line num="112" count="33" type="stmt"/>
        <line num="113" count="45" type="cond" truecount="2" falsecount="0"/>
        <line num="114" count="7" type="stmt"/>
        <line num="115" count="8" type="stmt"/>
        <line num="116" count="8" type="stmt"/>
        <line num="118" count="38" type="cond" truecount="2" falsecount="0"/>
        <line num="119" count="36" type="stmt"/>
        <line num="120" count="2" type="stmt"/>
        <line num="130" count="33" type="stmt"/>
        <line num="131" count="51" type="cond" truecount="2" falsecount="0"/>
        <line num="135" count="6" type="stmt"/>
        <line num="138" count="45" type="stmt"/>
        <line num="139" count="45" type="stmt"/>
        <line num="141" count="45" type="cond" truecount="2" falsecount="0"/>
        <line num="145" count="33" type="stmt"/>
        <line num="151" count="48" type="stmt"/>
        <line num="154" count="18" type="stmt"/>
        <line num="158" count="56" type="cond" truecount="2" falsecount="0"/>
        <line num="159" count="42" type="stmt"/>
        <line num="160" count="14" type="cond" truecount="2" falsecount="0"/>
        <line num="161" count="6" type="cond" truecount="2" falsecount="0"/>
        <line num="162" count="3" type="stmt"/>
        <line num="164" count="3" type="stmt"/>
        <line num="167" count="8" type="stmt"/>
        <line num="178" count="0" type="stmt"/>
        <line num="180" count="0" type="stmt"/>
        <line num="187" count="0" type="stmt"/>
      </file>
      <file name="ExpressionHelpers.ts" path="/Users/ataing/Documents/studio-prototype/packages/studio-plugin/src/utils/ExpressionHelpers.ts">
        <metrics statements="3" coveredstatements="3" conditionals="4" coveredconditionals="4" methods="1" coveredmethods="1"/>
        <line num="11" count="50" type="stmt"/>
        <line num="12" count="50" type="stmt"/>
        <line num="14" count="50" type="stmt"/>
      </file>
      <file name="StreamConfigFieldsMerger.ts" path="/Users/ataing/Documents/studio-prototype/packages/studio-plugin/src/utils/StreamConfigFieldsMerger.ts">
        <metrics statements="6" coveredstatements="6" conditionals="2" coveredconditionals="2" methods="2" coveredmethods="2"/>
        <line num="14" count="17" type="stmt"/>
        <line num="36" count="17" type="stmt"/>
        <line num="40" count="9" type="stmt"/>
        <line num="41" count="19" type="stmt"/>
        <line num="43" count="9" type="cond" truecount="2" falsecount="0"/>
        <line num="45" count="9" type="stmt"/>
      </file>
      <file name="TypeGuards.ts" path="/Users/ataing/Documents/studio-prototype/packages/studio-plugin/src/utils/TypeGuards.ts">
        <metrics statements="53" coveredstatements="46" conditionals="65" coveredconditionals="53" methods="20" coveredmethods="14"/>
        <line num="48" count="100" type="cond" truecount="2" falsecount="0"/>
        <line num="49" count="1" type="stmt"/>
        <line num="55" count="19" type="stmt"/>
        <line num="60" count="110" type="stmt"/>
        <line num="61" count="110" type="cond" truecount="2" falsecount="0"/>
        <line num="62" count="11" type="stmt"/>
        <line num="64" count="99" type="cond" truecount="6" falsecount="0"/>
        <line num="69" count="93" type="stmt"/>
        <line num="71" count="2" type="cond" truecount="2" falsecount="0"/>
        <line num="74" count="3" type="cond" truecount="3" falsecount="0"/>
        <line num="75" count="3" type="stmt"/>
        <line num="80" count="1" type="stmt"/>
        <line num="84" count="19" type="stmt"/>
        <line num="93" count="115" type="cond" truecount="6" falsecount="0"/>
        <line num="95" count="70" type="stmt"/>
        <line num="96" count="70" type="stmt"/>
        <line num="97" count="70" type="stmt"/>
        <line num="102" count="11" type="stmt"/>
        <line num="104" count="22" type="stmt"/>
        <line num="106" count="7" type="cond" truecount="2" falsecount="0"/>
        <line num="108" count="3" type="stmt"/>
        <line num="111" count="5" type="stmt"/>
        <line num="116" count="2" type="cond" truecount="3" falsecount="0"/>
        <line num="117" count="2" type="stmt"/>
        <line num="120" count="4" type="cond" truecount="1" falsecount="1"/>
        <line num="126" count="0" type="stmt"/>
        <line num="132" count="29" type="stmt"/>
        <line num="140" count="97" type="stmt"/>
        <line num="141" count="97" type="stmt"/>
        <line num="145" count="45" type="stmt"/>
        <line num="156" count="0" type="cond" truecount="0" falsecount="2"/>
        <line num="162" count="0" type="cond" truecount="0" falsecount="2"/>
        <line num="168" count="103" type="cond" truecount="2" falsecount="0"/>
        <line num="169" count="24" type="stmt"/>
        <line num="171" count="79" type="cond" truecount="2" falsecount="0"/>
        <line num="172" count="63" type="stmt"/>
        <line num="174" count="16" type="stmt"/>
        <line num="175" count="16" type="stmt"/>
        <line num="181" count="0" type="stmt"/>
        <line num="187" count="0" type="stmt"/>
        <line num="193" count="0" type="stmt"/>
        <line num="202" count="160" type="stmt"/>
        <line num="208" count="51" type="stmt"/>
        <line num="218" count="9" type="stmt"/>
        <line num="219" count="10" type="cond" truecount="2" falsecount="0"/>
        <line num="220" count="1" type="stmt"/>
        <line num="223" count="9" type="cond" truecount="2" falsecount="0"/>
        <line num="225" count="9" type="cond" truecount="2" falsecount="0"/>
        <line num="226" count="1" type="stmt"/>
        <line num="229" count="7" type="stmt"/>
        <line num="235" count="4" type="stmt"/>
        <line num="236" count="5" type="stmt"/>
        <line num="244" count="0" type="stmt"/>
      </file>
      <file name="areEqualFileMetadata.ts" path="/Users/ataing/Documents/studio-prototype/packages/studio-plugin/src/utils/areEqualFileMetadata.ts">
        <metrics statements="3" coveredstatements="0" conditionals="0" coveredconditionals="0" methods="3" coveredmethods="0"/>
        <line num="12" count="0" type="stmt"/>
        <line num="19" count="0" type="stmt"/>
        <line num="21" count="0" type="stmt"/>
      </file>
      <file name="dynamicImport.ts" path="/Users/ataing/Documents/studio-prototype/packages/studio-plugin/src/utils/dynamicImport.ts">
        <metrics statements="4" coveredstatements="4" conditionals="0" coveredconditionals="0" methods="2" coveredmethods="2"/>
        <line num="4" count="1" type="stmt"/>
        <line num="7" count="3" type="stmt"/>
        <line num="8" count="3" type="stmt"/>
        <line num="16" count="3" type="stmt"/>
      </file>
      <file name="getImportSpecifier.ts" path="/Users/ataing/Documents/studio-prototype/packages/studio-plugin/src/utils/getImportSpecifier.ts">
        <metrics statements="8" coveredstatements="8" conditionals="4" coveredconditionals="4" methods="1" coveredmethods="1"/>
        <line num="12" count="2" type="stmt"/>
        <line num="13" count="2" type="stmt"/>
        <line num="14" count="2" type="stmt"/>
        <line num="15" count="2" type="stmt"/>
        <line num="16" count="2" type="stmt"/>
        <line num="18" count="2" type="cond" truecount="4" falsecount="0"/>
        <line num="19" count="1" type="stmt"/>
        <line num="21" count="1" type="stmt"/>
      </file>
      <file name="index.ts" path="/Users/ataing/Documents/studio-prototype/packages/studio-plugin/src/utils/index.ts">
        <metrics statements="0" coveredstatements="0" conditionals="0" coveredconditionals="0" methods="0" coveredmethods="0"/>
      </file>
      <file name="transformPropValuesToRaw.ts" path="/Users/ataing/Documents/studio-prototype/packages/studio-plugin/src/utils/transformPropValuesToRaw.ts">
        <metrics statements="7" coveredstatements="0" conditionals="2" coveredconditionals="0" methods="2" coveredmethods="0"/>
        <line num="9" count="0" type="stmt"/>
        <line num="10" count="0" type="stmt"/>
        <line num="11" count="0" type="stmt"/>
        <line num="12" count="0" type="cond" truecount="0" falsecount="2"/>
        <line num="13" count="0" type="stmt"/>
        <line num="15" count="0" type="stmt"/>
        <line num="18" count="0" type="stmt"/>
      </file>
    </package>
    <package name="src.writers">
      <metrics statements="225" coveredstatements="197" conditionals="117" coveredconditionals="100" methods="64" coveredmethods="55"/>
      <file name="FileSystemWriter.ts" path="/Users/ataing/Documents/studio-prototype/packages/studio-plugin/src/writers/FileSystemWriter.ts">
        <metrics statements="36" coveredstatements="11" conditionals="14" coveredconditionals="3" methods="11" coveredmethods="4"/>
        <line num="32" count="2" type="stmt"/>
        <line num="33" count="2" type="stmt"/>
        <line num="46" count="2" type="stmt"/>
        <line num="47" count="2" type="stmt"/>
        <line num="48" count="2" type="stmt"/>
        <line num="49" count="2" type="stmt"/>
        <line num="53" count="0" type="stmt"/>
        <line num="61" count="0" type="stmt"/>
        <line num="62" count="0" type="stmt"/>
        <line num="63" count="0" type="cond" truecount="0" falsecount="2"/>
        <line num="64" count="0" type="stmt"/>
        <line num="65" count="0" type="stmt"/>
        <line num="69" count="0" type="stmt"/>
        <line num="71" count="0" type="stmt"/>
        <line num="72" count="0" type="stmt"/>
        <line num="73" count="0" type="stmt"/>
        <line num="83" count="0" type="stmt"/>
        <line num="84" count="0" type="stmt"/>
        <line num="85" count="0" type="stmt"/>
        <line num="86" count="0" type="cond" truecount="0" falsecount="2"/>
        <line num="87" count="0" type="stmt"/>
        <line num="89" count="0" type="stmt"/>
        <line num="91" count="0" type="stmt"/>
        <line num="92" count="0" type="stmt"/>
        <line num="94" count="0" type="stmt"/>
        <line num="95" count="0" type="stmt"/>
        <line num="100" count="4" type="cond" truecount="2" falsecount="0"/>
        <line num="101" count="2" type="stmt"/>
        <line num="102" count="2" type="cond" truecount="1" falsecount="1"/>
        <line num="103" count="2" type="stmt"/>
        <line num="105" count="2" type="stmt"/>
        <line num="110" count="0" type="cond" truecount="0" falsecount="2"/>
        <line num="111" count="0" type="stmt"/>
        <line num="112" count="0" type="cond" truecount="0" falsecount="2"/>
        <line num="113" count="0" type="stmt"/>
        <line num="115" count="0" type="stmt"/>
      </file>
      <file name="GetPathWriter.ts" path="/Users/ataing/Documents/studio-prototype/packages/studio-plugin/src/writers/GetPathWriter.ts">
        <metrics statements="12" coveredstatements="12" conditionals="12" coveredconditionals="12" methods="3" coveredmethods="3"/>
        <line num="12" count="17" type="stmt"/>
        <line num="32" count="7" type="stmt"/>
        <line num="34" count="7" type="cond" truecount="2" falsecount="0"/>
        <line num="37" count="7" type="stmt"/>
        <line num="39" count="7" type="cond" truecount="2" falsecount="0"/>
        <line num="40" count="7" type="cond" truecount="2" falsecount="0"/>
        <line num="41" count="4" type="stmt"/>
        <line num="42" count="4" type="cond" truecount="2" falsecount="0"/>
        <line num="44" count="3" type="cond" truecount="2" falsecount="0"/>
        <line num="47" count="3" type="stmt"/>
        <line num="54" count="7" type="stmt"/>
        <line num="61" count="7" type="cond" truecount="2" falsecount="0"/>
      </file>
      <file name="PagesJsWriter.ts" path="/Users/ataing/Documents/studio-prototype/packages/studio-plugin/src/writers/PagesJsWriter.ts">
        <metrics statements="2" coveredstatements="2" conditionals="0" coveredconditionals="0" methods="3" coveredmethods="3"/>
        <line num="14" count="24" type="stmt"/>
        <line num="22" count="10" type="stmt"/>
      </file>
      <file name="ReactComponentFileWriter.ts" path="/Users/ataing/Documents/studio-prototype/packages/studio-plugin/src/writers/ReactComponentFileWriter.ts">
        <metrics statements="104" coveredstatements="103" conditionals="60" coveredconditionals="56" methods="21" coveredmethods="21"/>
        <line num="43" count="3" type="stmt"/>
        <line num="44" count="3" type="stmt"/>
        <line num="45" count="3" type="stmt"/>
        <line num="46" count="3" type="stmt"/>
        <line num="47" count="3" type="stmt"/>
        <line num="48" count="3" type="cond" truecount="2" falsecount="0"/>
        <line num="54" count="3" type="stmt"/>
        <line num="56" count="3" type="stmt"/>
        <line num="57" count="3" type="stmt"/>
        <line num="58" count="3" type="stmt"/>
        <line num="62" count="40" type="stmt"/>
        <line num="63" count="40" type="stmt"/>
        <line num="64" count="30" type="stmt"/>
        <line num="65" count="30" type="stmt"/>
        <line num="66" count="30" type="cond" truecount="2" falsecount="0"/>
        <line num="67" count="1" type="stmt"/>
        <line num="69" count="29" type="cond" truecount="2" falsecount="0"/>
        <line num="70" count="4" type="stmt"/>
        <line num="72" count="25" type="stmt"/>
        <line num="75" count="40" type="stmt"/>
        <line num="78" count="84" type="stmt"/>
        <line num="79" count="40" type="stmt"/>
        <line num="80" count="40" type="cond" truecount="2" falsecount="0"/>
        <line num="81" count="8" type="stmt"/>
        <line num="82" count="8" type="stmt"/>
        <line num="83" count="32" type="cond" truecount="2" falsecount="0"/>
        <line num="84" count="2" type="stmt"/>
        <line num="86" count="7" type="stmt"/>
        <line num="87" count="7" type="stmt"/>
        <line num="92" count="7" type="stmt"/>
        <line num="96" count="2" type="stmt"/>
        <line num="97" count="30" type="cond" truecount="2" falsecount="0"/>
        <line num="101" count="2" type="stmt"/>
        <line num="102" count="2" type="stmt"/>
        <line num="104" count="28" type="stmt"/>
        <line num="110" count="69" type="cond" truecount="2" falsecount="0"/>
        <line num="112" count="69" type="cond" truecount="2" falsecount="0"/>
        <line num="119" count="38" type="stmt"/>
        <line num="125" count="32" type="stmt"/>
        <line num="128" count="48" type="cond" truecount="2" falsecount="0"/>
        <line num="129" count="2" type="stmt"/>
        <line num="130" count="46" type="cond" truecount="2" falsecount="0"/>
        <line num="131" count="6" type="stmt"/>
        <line num="132" count="40" type="cond" truecount="2" falsecount="0"/>
        <line num="133" count="2" type="stmt"/>
        <line num="134" count="2" type="stmt"/>
        <line num="146" count="38" type="cond" truecount="2" falsecount="0"/>
        <line num="147" count="36" type="stmt"/>
        <line num="149" count="2" type="stmt"/>
        <line num="159" count="32" type="stmt"/>
        <line num="161" count="32" type="cond" truecount="4" falsecount="0"/>
        <line num="164" count="32" type="stmt"/>
        <line num="171" count="41" type="stmt"/>
        <line num="173" count="35" type="stmt"/>
        <line num="174" count="41" type="cond" truecount="2" falsecount="0"/>
        <line num="175" count="35" type="stmt"/>
        <line num="177" count="41" type="cond" truecount="2" falsecount="0"/>
        <line num="178" count="32" type="stmt"/>
        <line num="179" count="32" type="stmt"/>
        <line num="184" count="7" type="stmt"/>
        <line num="185" count="12" type="cond" truecount="2" falsecount="0"/>
        <line num="186" count="2" type="stmt"/>
        <line num="187" count="10" type="cond" truecount="2" falsecount="0"/>
        <line num="188" count="1" type="stmt"/>
        <line num="190" count="2" type="stmt"/>
        <line num="191" count="2" type="cond" truecount="1" falsecount="1"/>
        <line num="192" count="2" type="stmt"/>
        <line num="194" count="2" type="stmt"/>
        <line num="195" count="2" type="stmt"/>
        <line num="199" count="1" type="stmt"/>
        <line num="201" count="9" type="stmt"/>
        <line num="204" count="7" type="stmt"/>
        <line num="205" count="7" type="stmt"/>
        <line num="206" count="7" type="stmt"/>
        <line num="207" count="10" type="stmt"/>
        <line num="211" count="10" type="stmt"/>
        <line num="218" count="7" type="stmt"/>
        <line num="219" count="7" type="stmt"/>
        <line num="223" count="2" type="stmt"/>
        <line num="255" count="41" type="stmt"/>
        <line num="256" count="41" type="stmt"/>
        <line num="259" count="3" type="cond" truecount="1" falsecount="1"/>
        <line num="264" count="3" type="stmt"/>
        <line num="266" count="0" type="stmt"/>
        <line num="269" count="41" type="cond" truecount="1" falsecount="1"/>
        <line num="275" count="41" type="stmt"/>
        <line num="276" count="41" type="cond" truecount="2" falsecount="0"/>
        <line num="277" count="10" type="stmt"/>
        <line num="278" count="10" type="cond" truecount="2" falsecount="0"/>
        <line num="279" count="2" type="stmt"/>
        <line num="281" count="10" type="cond" truecount="4" falsecount="0"/>
        <line num="282" count="7" type="stmt"/>
        <line num="283" count="7" type="stmt"/>
        <line num="291" count="41" type="stmt"/>
        <line num="292" count="41" type="stmt"/>
        <line num="297" count="41" type="stmt"/>
        <line num="304" count="10" type="cond" truecount="4" falsecount="0"/>
        <line num="305" count="4" type="stmt"/>
        <line num="308" count="6" type="stmt"/>
        <line num="309" count="6" type="cond" truecount="1" falsecount="1"/>
        <line num="310" count="6" type="stmt"/>
        <line num="313" count="6" type="cond" truecount="2" falsecount="0"/>
        <line num="314" count="2" type="stmt"/>
        <line num="316" count="6" type="stmt"/>
      </file>
      <file name="StudioSourceFileWriter.ts" path="/Users/ataing/Documents/studio-prototype/packages/studio-plugin/src/writers/StudioSourceFileWriter.ts">
        <metrics statements="47" coveredstatements="45" conditionals="23" coveredconditionals="21" methods="17" coveredmethods="15"/>
        <line num="26" count="92" type="cond" truecount="2" falsecount="0"/>
        <line num="27" count="17" type="stmt"/>
        <line num="29" count="92" type="stmt"/>
        <line num="38" count="43" type="stmt"/>
        <line num="47" count="43" type="stmt"/>
        <line num="48" count="43" type="stmt"/>
        <line num="65" count="41" type="stmt"/>
        <line num="67" count="0" type="stmt"/>
        <line num="71" count="41" type="stmt"/>
        <line num="72" count="41" type="stmt"/>
        <line num="73" count="0" type="stmt"/>
        <line num="78" count="41" type="stmt"/>
        <line num="79" count="41" type="stmt"/>
        <line num="80" count="2" type="stmt"/>
        <line num="84" count="41" type="stmt"/>
        <line num="99" count="24" type="stmt"/>
        <line num="100" count="24" type="stmt"/>
        <line num="101" count="22" type="stmt"/>
        <line num="103" count="24" type="cond" truecount="2" falsecount="0"/>
        <line num="104" count="20" type="cond" truecount="2" falsecount="0"/>
        <line num="105" count="20" type="cond" truecount="1" falsecount="1"/>
        <line num="107" count="4" type="stmt"/>
        <line num="129" count="14" type="stmt"/>
        <line num="130" count="14" type="stmt"/>
        <line num="132" count="14" type="cond" truecount="2" falsecount="0"/>
        <line num="135" count="14" type="stmt"/>
        <line num="155" count="7" type="stmt"/>
        <line num="156" count="7" type="stmt"/>
        <line num="158" count="7" type="cond" truecount="2" falsecount="0"/>
        <line num="161" count="7" type="stmt"/>
        <line num="186" count="17" type="stmt"/>
        <line num="187" count="17" type="cond" truecount="2" falsecount="0"/>
        <line num="188" count="12" type="stmt"/>
        <line num="196" count="3" type="stmt"/>
        <line num="203" count="6" type="stmt"/>
        <line num="205" count="8" type="stmt"/>
        <line num="206" count="8" type="cond" truecount="2" falsecount="0"/>
        <line num="207" count="1" type="stmt"/>
        <line num="214" count="7" type="stmt"/>
        <line num="215" count="7" type="stmt"/>
        <line num="216" count="7" type="stmt"/>
        <line num="228" count="7" type="cond" truecount="4" falsecount="0"/>
        <line num="231" count="4" type="stmt"/>
        <line num="233" count="1" type="stmt"/>
        <line num="235" count="2" type="stmt"/>
        <line num="246" count="2" type="stmt"/>
        <line num="247" count="2" type="stmt"/>
      </file>
      <file name="TemplateConfigWriter.ts" path="/Users/ataing/Documents/studio-prototype/packages/studio-plugin/src/writers/TemplateConfigWriter.ts">
        <metrics statements="24" coveredstatements="24" conditionals="8" coveredconditionals="8" methods="9" coveredmethods="9"/>
        <line num="16" count="17" type="stmt"/>
        <line num="46" count="9" type="stmt"/>
        <line num="47" count="9" type="cond" truecount="2" falsecount="0"/>
        <line num="48" count="2" type="stmt"/>
        <line num="53" count="9" type="stmt"/>
        <line num="54" count="9" type="stmt"/>
        <line num="70" count="9" type="stmt"/>
        <line num="71" count="9" type="stmt"/>
        <line num="76" count="9" type="cond" truecount="2" falsecount="0"/>
        <line num="77" count="9" type="stmt"/>
        <line num="79" count="19" type="stmt"/>
        <line num="80" count="19" type="cond" truecount="2" falsecount="0"/>
        <line num="81" count="19" type="stmt"/>
        <line num="83" count="9" type="stmt"/>
        <line num="109" count="9" type="stmt"/>
        <line num="114" count="9" type="stmt"/>
        <line num="115" count="9" type="stmt"/>
        <line num="121" count="9" type="stmt"/>
        <line num="128" count="9" type="stmt"/>
        <line num="130" count="9" type="stmt"/>
        <line num="134" count="9" type="cond" truecount="2" falsecount="0"/>
        <line num="135" count="8" type="stmt"/>
        <line num="136" count="8" type="stmt"/>
        <line num="143" count="19" type="stmt"/>
      </file>
    </package>
  </project>
</coverage>
