{"/Users/ataing/Documents/studio-prototype/packages/studio-plugin/src/FileSystemManager.ts": {"path":"/Users/ataing/Documents/studio-prototype/packages/studio-plugin/src/FileSystemManager.ts","statementMap":{"0":{"start":{"line":18,"column":4},"end":{"line":18,"column":37}},"1":{"start":{"line":22,"column":4},"end":{"line":22,"column":22}},"2":{"start":{"line":26,"column":4},"end":{"line":31,"column":5}},"3":{"start":{"line":27,"column":6},"end":{"line":30,"column":8}},"4":{"start":{"line":32,"column":4},"end":{"line":32,"column":40}},"5":{"start":{"line":33,"column":4},"end":{"line":36,"column":6}},"6":{"start":{"line":40,"column":4},"end":{"line":40,"column":56}},"7":{"start":{"line":44,"column":4},"end":{"line":44,"column":53}}},"fnMap":{"0":{"name":"(anonymous_0)","decl":{"start":{"line":15,"column":2},"end":{"line":15,"column":3}},"loc":{"start":{"line":15,"column":74},"end":{"line":15,"column":76}},"line":15},"1":{"name":"(anonymous_1)","decl":{"start":{"line":17,"column":2},"end":{"line":17,"column":3}},"loc":{"start":{"line":17,"column":31},"end":{"line":19,"column":3}},"line":17},"2":{"name":"(anonymous_2)","decl":{"start":{"line":21,"column":2},"end":{"line":21,"column":3}},"loc":{"start":{"line":21,"column":28},"end":{"line":23,"column":3}},"line":21},"3":{"name":"(anonymous_3)","decl":{"start":{"line":25,"column":2},"end":{"line":25,"column":3}},"loc":{"start":{"line":25,"column":63},"end":{"line":37,"column":3}},"line":25},"4":{"name":"(anonymous_4)","decl":{"start":{"line":39,"column":2},"end":{"line":39,"column":3}},"loc":{"start":{"line":39,"column":61},"end":{"line":41,"column":3}},"line":39},"5":{"name":"(anonymous_5)","decl":{"start":{"line":43,"column":2},"end":{"line":43,"column":3}},"loc":{"start":{"line":43,"column":69},"end":{"line":45,"column":3}},"line":43}},"branchMap":{"0":{"loc":{"start":{"line":26,"column":4},"end":{"line":31,"column":5}},"type":"if","locations":[{"start":{"line":26,"column":4},"end":{"line":31,"column":5}},{"start":{},"end":{}}],"line":26}},"s":{"0":0,"1":0,"2":3,"3":1,"4":2,"5":2,"6":0,"7":0},"f":{"0":1,"1":0,"2":0,"3":3,"4":0,"5":0},"b":{"0":[1,2]},"_coverageSchema":"1a1c01bbd47fc00a2c39e90264f33305004495a9","hash":"83fe89b2dbe826966ea2228fbd83f9467d9e4302"}
,"/Users/ataing/Documents/studio-prototype/packages/studio-plugin/src/HmrManager.ts": {"path":"/Users/ataing/Documents/studio-prototype/packages/studio-plugin/src/HmrManager.ts","statementMap":{"0":{"start":{"line":22,"column":20},"end":{"line":38,"column":3}},"1":{"start":{"line":23,"column":29},"end":{"line":23,"column":32}},"2":{"start":{"line":25,"column":4},"end":{"line":25,"column":50}},"3":{"start":{"line":26,"column":4},"end":{"line":28,"column":5}},"4":{"start":{"line":27,"column":6},"end":{"line":27,"column":13}},"5":{"start":{"line":29,"column":4},"end":{"line":29,"column":39}},"6":{"start":{"line":30,"column":4},"end":{"line":30,"column":44}},"7":{"start":{"line":31,"column":23},"end":{"line":31,"column":61}},"8":{"start":{"line":32,"column":17},"end":{"line":32,"column":44}},"9":{"start":{"line":33,"column":4},"end":{"line":37,"column":7}},"10":{"start":{"line":46,"column":27},"end":{"line":48,"column":3}},"11":{"start":{"line":47,"column":4},"end":{"line":47,"column":74}},"12":{"start":{"line":51,"column":33},"end":{"line":53,"column":6}},"13":{"start":{"line":52,"column":6},"end":{"line":52,"column":40}},"14":{"start":{"line":54,"column":4},"end":{"line":54,"column":44}},"15":{"start":{"line":61,"column":25},"end":{"line":63,"column":5}},"16":{"start":{"line":64,"column":4},"end":{"line":66,"column":5}},"17":{"start":{"line":65,"column":6},"end":{"line":65,"column":56}},"18":{"start":{"line":72,"column":23},"end":{"line":72,"column":56}},"19":{"start":{"line":73,"column":4},"end":{"line":76,"column":6}},"20":{"start":{"line":81,"column":63},"end":{"line":86,"column":3}},"21":{"start":{"line":87,"column":2},"end":{"line":91,"column":4}},"22":{"start":{"line":89,"column":6},"end":{"line":89,"column":52}}},"fnMap":{"0":{"name":"(anonymous_0)","decl":{"start":{"line":11,"column":2},"end":{"line":11,"column":3}},"loc":{"start":{"line":15,"column":4},"end":{"line":15,"column":6}},"line":15},"1":{"name":"(anonymous_1)","decl":{"start":{"line":22,"column":20},"end":{"line":22,"column":21}},"loc":{"start":{"line":22,"column":62},"end":{"line":38,"column":3}},"line":22},"2":{"name":"(anonymous_2)","decl":{"start":{"line":46,"column":27},"end":{"line":46,"column":28}},"loc":{"start":{"line":46,"column":58},"end":{"line":48,"column":3}},"line":46},"3":{"name":"(anonymous_3)","decl":{"start":{"line":50,"column":2},"end":{"line":50,"column":3}},"loc":{"start":{"line":50,"column":64},"end":{"line":55,"column":3}},"line":50},"4":{"name":"(anonymous_4)","decl":{"start":{"line":51,"column":49},"end":{"line":51,"column":50}},"loc":{"start":{"line":51,"column":56},"end":{"line":53,"column":5}},"line":51},"5":{"name":"(anonymous_5)","decl":{"start":{"line":60,"column":2},"end":{"line":60,"column":3}},"loc":{"start":{"line":60,"column":61},"end":{"line":67,"column":3}},"line":60},"6":{"name":"(anonymous_6)","decl":{"start":{"line":69,"column":2},"end":{"line":69,"column":3}},"loc":{"start":{"line":71,"column":22},"end":{"line":77,"column":3}},"line":71},"7":{"name":"getHMRUpdateType","decl":{"start":{"line":80,"column":9},"end":{"line":80,"column":25}},"loc":{"start":{"line":80,"column":62},"end":{"line":92,"column":1}},"line":80},"8":{"name":"(anonymous_8)","decl":{"start":{"line":88,"column":21},"end":{"line":88,"column":22}},"loc":{"start":{"line":88,"column":37},"end":{"line":90,"column":5}},"line":88}},"branchMap":{"0":{"loc":{"start":{"line":26,"column":4},"end":{"line":28,"column":5}},"type":"if","locations":[{"start":{"line":26,"column":4},"end":{"line":28,"column":5}},{"start":{},"end":{}}],"line":26},"1":{"loc":{"start":{"line":64,"column":4},"end":{"line":66,"column":5}},"type":"if","locations":[{"start":{"line":64,"column":4},"end":{"line":66,"column":5}},{"start":{},"end":{}}],"line":64},"2":{"loc":{"start":{"line":88,"column":4},"end":{"line":90,"column":16}},"type":"binary-expr","locations":[{"start":{"line":88,"column":4},"end":{"line":90,"column":6}},{"start":{"line":90,"column":10},"end":{"line":90,"column":16}}],"line":88}},"s":{"0":0,"1":0,"2":0,"3":0,"4":0,"5":0,"6":0,"7":0,"8":0,"9":0,"10":0,"11":0,"12":0,"13":0,"14":0,"15":0,"16":0,"17":0,"18":0,"19":0,"20":0,"21":0,"22":0},"f":{"0":0,"1":0,"2":0,"3":0,"4":0,"5":0,"6":0,"7":0,"8":0},"b":{"0":[0,0],"1":[0,0],"2":[0,0]}}
,"/Users/ataing/Documents/studio-prototype/packages/studio-plugin/src/LocalDataMappingManager.ts": {"path":"/Users/ataing/Documents/studio-prototype/packages/studio-plugin/src/LocalDataMappingManager.ts","statementMap":{"0":{"start":{"line":10,"column":4},"end":{"line":10,"column":65}},"1":{"start":{"line":11,"column":4},"end":{"line":11,"column":56}},"2":{"start":{"line":14,"column":15},"end":{"line":16,"column":3}},"3":{"start":{"line":15,"column":4},"end":{"line":15,"column":33}},"4":{"start":{"line":19,"column":4},"end":{"line":19,"column":56}},"5":{"start":{"line":23,"column":4},"end":{"line":27,"column":5}},"6":{"start":{"line":24,"column":6},"end":{"line":26,"column":8}},"7":{"start":{"line":28,"column":23},"end":{"line":28,"column":65}},"8":{"start":{"line":29,"column":4},"end":{"line":29,"column":34}}},"fnMap":{"0":{"name":"(anonymous_0)","decl":{"start":{"line":9,"column":2},"end":{"line":9,"column":3}},"loc":{"start":{"line":9,"column":37},"end":{"line":12,"column":3}},"line":9},"1":{"name":"(anonymous_1)","decl":{"start":{"line":14,"column":15},"end":{"line":14,"column":16}},"loc":{"start":{"line":14,"column":21},"end":{"line":16,"column":3}},"line":14},"2":{"name":"(anonymous_2)","decl":{"start":{"line":18,"column":2},"end":{"line":18,"column":3}},"loc":{"start":{"line":18,"column":19},"end":{"line":20,"column":3}},"line":18},"3":{"name":"(anonymous_3)","decl":{"start":{"line":22,"column":2},"end":{"line":22,"column":3}},"loc":{"start":{"line":22,"column":33},"end":{"line":30,"column":3}},"line":22}},"branchMap":{"0":{"loc":{"start":{"line":23,"column":4},"end":{"line":27,"column":5}},"type":"if","locations":[{"start":{"line":23,"column":4},"end":{"line":27,"column":5}},{"start":{},"end":{}}],"line":23}},"s":{"0":2,"1":2,"2":2,"3":1,"4":0,"5":2,"6":1,"7":1,"8":1},"f":{"0":2,"1":1,"2":0,"3":2},"b":{"0":[1,1]},"_coverageSchema":"1a1c01bbd47fc00a2c39e90264f33305004495a9","hash":"08de617b2fd010fe2e9e034a5004952e7c18d2ee"}
,"/Users/ataing/Documents/studio-prototype/packages/studio-plugin/src/ParsingOrchestrator.ts": {"path":"/Users/ataing/Documents/studio-prototype/packages/studio-plugin/src/ParsingOrchestrator.ts","statementMap":{"0":{"start":{"line":25,"column":2},"end":{"line":29,"column":5}},"1":{"start":{"line":37,"column":61},"end":{"line":37,"column":63}},"2":{"start":{"line":38,"column":57},"end":{"line":38,"column":59}},"3":{"start":{"line":49,"column":4},"end":{"line":49,"column":36}},"4":{"start":{"line":50,"column":4},"end":{"line":50,"column":68}},"5":{"start":{"line":51,"column":4},"end":{"line":51,"column":60}},"6":{"start":{"line":55,"column":21},"end":{"line":55,"column":54}},"7":{"start":{"line":56,"column":4},"end":{"line":58,"column":5}},"8":{"start":{"line":57,"column":6},"end":{"line":57,"column":22}},"9":{"start":{"line":59,"column":4},"end":{"line":59,"column":41}},"10":{"start":{"line":63,"column":28},"end":{"line":63,"column":66}},"11":{"start":{"line":64,"column":4},"end":{"line":70,"column":6}},"12":{"start":{"line":74,"column":23},"end":{"line":74,"column":58}},"13":{"start":{"line":75,"column":4},"end":{"line":77,"column":5}},"14":{"start":{"line":76,"column":6},"end":{"line":76,"column":24}},"15":{"start":{"line":78,"column":26},"end":{"line":82,"column":5}},"16":{"start":{"line":83,"column":4},"end":{"line":83,"column":56}},"17":{"start":{"line":84,"column":4},"end":{"line":84,"column":25}},"18":{"start":{"line":88,"column":31},"end":{"line":93,"column":42}},"19":{"start":{"line":91,"column":6},"end":{"line":91,"column":37}},"20":{"start":{"line":92,"column":6},"end":{"line":92,"column":18}},"21":{"start":{"line":94,"column":4},"end":{"line":94,"column":30}},"22":{"start":{"line":104,"column":23},"end":{"line":104,"column":59}},"23":{"start":{"line":106,"column":4},"end":{"line":108,"column":5}},"24":{"start":{"line":107,"column":6},"end":{"line":107,"column":45}},"25":{"start":{"line":110,"column":4},"end":{"line":133,"column":5}},"26":{"start":{"line":114,"column":6},"end":{"line":126,"column":7}},"27":{"start":{"line":116,"column":10},"end":{"line":116,"column":60}},"28":{"start":{"line":117,"column":8},"end":{"line":117,"column":53}},"29":{"start":{"line":118,"column":8},"end":{"line":123,"column":9}},"30":{"start":{"line":119,"column":10},"end":{"line":122,"column":12}},"31":{"start":{"line":124,"column":13},"end":{"line":126,"column":7}},"32":{"start":{"line":125,"column":8},"end":{"line":125,"column":79}},"33":{"start":{"line":127,"column":11},"end":{"line":133,"column":5}},"34":{"start":{"line":128,"column":23},"end":{"line":128,"column":55}},"35":{"start":{"line":129,"column":6},"end":{"line":129,"column":47}},"36":{"start":{"line":130,"column":6},"end":{"line":132,"column":7}},"37":{"start":{"line":131,"column":8},"end":{"line":131,"column":71}},"38":{"start":{"line":134,"column":4},"end":{"line":134,"column":49}},"39":{"start":{"line":138,"column":4},"end":{"line":140,"column":5}},"40":{"start":{"line":139,"column":6},"end":{"line":139,"column":51}},"41":{"start":{"line":141,"column":4},"end":{"line":141,"column":27}},"42":{"start":{"line":145,"column":25},"end":{"line":145,"column":47}},"43":{"start":{"line":146,"column":24},"end":{"line":164,"column":5}},"44":{"start":{"line":148,"column":32},"end":{"line":148,"column":76}},"45":{"start":{"line":150,"column":8},"end":{"line":156,"column":9}},"46":{"start":{"line":151,"column":10},"end":{"line":151,"column":65}},"47":{"start":{"line":153,"column":10},"end":{"line":155,"column":12}},"48":{"start":{"line":158,"column":8},"end":{"line":158,"column":20}},"49":{"start":{"line":166,"column":4},"end":{"line":171,"column":6}},"50":{"start":{"line":175,"column":4},"end":{"line":175,"column":37}},"51":{"start":{"line":177,"column":34},"end":{"line":189,"column":5}},"52":{"start":{"line":178,"column":6},"end":{"line":180,"column":7}},"53":{"start":{"line":179,"column":8},"end":{"line":179,"column":15}},"54":{"start":{"line":181,"column":6},"end":{"line":188,"column":9}},"55":{"start":{"line":182,"column":24},"end":{"line":182,"column":56}},"56":{"start":{"line":183,"column":8},"end":{"line":187,"column":9}},"57":{"start":{"line":184,"column":10},"end":{"line":184,"column":41}},"58":{"start":{"line":186,"column":10},"end":{"line":186,"column":79}},"59":{"start":{"line":191,"column":4},"end":{"line":191,"column":49}},"60":{"start":{"line":192,"column":4},"end":{"line":192,"column":46}},"61":{"start":{"line":194,"column":4},"end":{"line":194,"column":39}},"62":{"start":{"line":197,"column":28},"end":{"line":232,"column":3}},"63":{"start":{"line":198,"column":4},"end":{"line":200,"column":5}},"64":{"start":{"line":199,"column":6},"end":{"line":199,"column":50}},"65":{"start":{"line":201,"column":36},"end":{"line":208,"column":6}},"66":{"start":{"line":203,"column":29},"end":{"line":208,"column":5}},"67":{"start":{"line":210,"column":4},"end":{"line":217,"column":5}},"68":{"start":{"line":211,"column":28},"end":{"line":211,"column":68}},"69":{"start":{"line":212,"column":21},"end":{"line":212,"column":57}},"70":{"start":{"line":213,"column":6},"end":{"line":215,"column":7}},"71":{"start":{"line":214,"column":8},"end":{"line":214,"column":53}},"72":{"start":{"line":216,"column":6},"end":{"line":216,"column":26}},"73":{"start":{"line":219,"column":4},"end":{"line":225,"column":5}},"74":{"start":{"line":220,"column":21},"end":{"line":220,"column":68}},"75":{"start":{"line":221,"column":6},"end":{"line":223,"column":7}},"76":{"start":{"line":222,"column":8},"end":{"line":222,"column":53}},"77":{"start":{"line":224,"column":6},"end":{"line":224,"column":26}},"78":{"start":{"line":227,"column":36},"end":{"line":227,"column":46}},"79":{"start":{"line":228,"column":4},"end":{"line":231,"column":6}},"80":{"start":{"line":235,"column":4},"end":{"line":239,"column":5}},"81":{"start":{"line":236,"column":6},"end":{"line":238,"column":8}},"82":{"start":{"line":240,"column":18},"end":{"line":240,"column":59}},"83":{"start":{"line":241,"column":4},"end":{"line":245,"column":39}},"84":{"start":{"line":242,"column":23},"end":{"line":242,"column":55}},"85":{"start":{"line":243,"column":6},"end":{"line":243,"column":53}},"86":{"start":{"line":244,"column":6},"end":{"line":244,"column":21}},"87":{"start":{"line":249,"column":4},"end":{"line":251,"column":5}},"88":{"start":{"line":250,"column":6},"end":{"line":250,"column":13}},"89":{"start":{"line":253,"column":4},"end":{"line":258,"column":5}},"90":{"start":{"line":254,"column":6},"end":{"line":257,"column":8}},"91":{"start":{"line":259,"column":4},"end":{"line":259,"column":51}},"92":{"start":{"line":267,"column":4},"end":{"line":267,"column":71}}},"fnMap":{"0":{"name":"createTsMorphProject","decl":{"start":{"line":24,"column":16},"end":{"line":24,"column":36}},"loc":{"start":{"line":24,"column":39},"end":{"line":30,"column":1}},"line":24},"1":{"name":"(anonymous_1)","decl":{"start":{"line":44,"column":2},"end":{"line":44,"column":3}},"loc":{"start":{"line":48,"column":4},"end":{"line":52,"column":3}},"line":48},"2":{"name":"(anonymous_2)","decl":{"start":{"line":54,"column":2},"end":{"line":54,"column":3}},"loc":{"start":{"line":54,"column":42},"end":{"line":60,"column":3}},"line":54},"3":{"name":"(anonymous_3)","decl":{"start":{"line":62,"column":2},"end":{"line":62,"column":3}},"loc":{"start":{"line":62,"column":43},"end":{"line":71,"column":3}},"line":62},"4":{"name":"(anonymous_4)","decl":{"start":{"line":73,"column":2},"end":{"line":73,"column":3}},"loc":{"start":{"line":73,"column":46},"end":{"line":85,"column":3}},"line":73},"5":{"name":"(anonymous_5)","decl":{"start":{"line":87,"column":2},"end":{"line":87,"column":3}},"loc":{"start":{"line":87,"column":26},"end":{"line":95,"column":3}},"line":87},"6":{"name":"(anonymous_6)","decl":{"start":{"line":90,"column":13},"end":{"line":90,"column":14}},"loc":{"start":{"line":90,"column":29},"end":{"line":93,"column":5}},"line":90},"7":{"name":"(anonymous_7)","decl":{"start":{"line":103,"column":2},"end":{"line":103,"column":3}},"loc":{"start":{"line":103,"column":31},"end":{"line":135,"column":3}},"line":103},"8":{"name":"(anonymous_8)","decl":{"start":{"line":137,"column":2},"end":{"line":137,"column":3}},"loc":{"start":{"line":137,"column":30},"end":{"line":142,"column":3}},"line":137},"9":{"name":"(anonymous_9)","decl":{"start":{"line":144,"column":2},"end":{"line":144,"column":3}},"loc":{"start":{"line":144,"column":44},"end":{"line":172,"column":3}},"line":144},"10":{"name":"(anonymous_10)","decl":{"start":{"line":147,"column":6},"end":{"line":147,"column":7}},"loc":{"start":{"line":147,"column":22},"end":{"line":159,"column":7}},"line":147},"11":{"name":"(anonymous_11)","decl":{"start":{"line":174,"column":2},"end":{"line":174,"column":3}},"loc":{"start":{"line":174,"column":69},"end":{"line":195,"column":3}},"line":174},"12":{"name":"(anonymous_12)","decl":{"start":{"line":177,"column":34},"end":{"line":177,"column":35}},"loc":{"start":{"line":177,"column":58},"end":{"line":189,"column":5}},"line":177},"13":{"name":"(anonymous_13)","decl":{"start":{"line":181,"column":50},"end":{"line":181,"column":51}},"loc":{"start":{"line":181,"column":64},"end":{"line":188,"column":7}},"line":181},"14":{"name":"(anonymous_14)","decl":{"start":{"line":197,"column":28},"end":{"line":197,"column":29}},"loc":{"start":{"line":197,"column":63},"end":{"line":232,"column":3}},"line":197},"15":{"name":"(anonymous_15)","decl":{"start":{"line":201,"column":36},"end":{"line":201,"column":37}},"loc":{"start":{"line":203,"column":29},"end":{"line":208,"column":5}},"line":203},"16":{"name":"(anonymous_16)","decl":{"start":{"line":234,"column":2},"end":{"line":234,"column":3}},"loc":{"start":{"line":234,"column":61},"end":{"line":246,"column":3}},"line":234},"17":{"name":"(anonymous_17)","decl":{"start":{"line":241,"column":24},"end":{"line":241,"column":25}},"loc":{"start":{"line":241,"column":47},"end":{"line":245,"column":5}},"line":241},"18":{"name":"(anonymous_18)","decl":{"start":{"line":248,"column":2},"end":{"line":248,"column":3}},"loc":{"start":{"line":248,"column":54},"end":{"line":260,"column":3}},"line":248},"19":{"name":"(anonymous_19)","decl":{"start":{"line":266,"column":2},"end":{"line":266,"column":3}},"loc":{"start":{"line":266,"column":67},"end":{"line":268,"column":3}},"line":266}},"branchMap":{"0":{"loc":{"start":{"line":56,"column":4},"end":{"line":58,"column":5}},"type":"if","locations":[{"start":{"line":56,"column":4},"end":{"line":58,"column":5}},{"start":{},"end":{}}],"line":56},"1":{"loc":{"start":{"line":75,"column":4},"end":{"line":77,"column":5}},"type":"if","locations":[{"start":{"line":75,"column":4},"end":{"line":77,"column":5}},{"start":{},"end":{}}],"line":75},"2":{"loc":{"start":{"line":106,"column":4},"end":{"line":108,"column":5}},"type":"if","locations":[{"start":{"line":106,"column":4},"end":{"line":108,"column":5}},{"start":{},"end":{}}],"line":106},"3":{"loc":{"start":{"line":110,"column":4},"end":{"line":133,"column":5}},"type":"if","locations":[{"start":{"line":110,"column":4},"end":{"line":133,"column":5}},{"start":{"line":127,"column":11},"end":{"line":133,"column":5}}],"line":110},"4":{"loc":{"start":{"line":111,"column":6},"end":{"line":112,"column":48}},"type":"binary-expr","locations":[{"start":{"line":111,"column":6},"end":{"line":111,"column":45}},{"start":{"line":112,"column":6},"end":{"line":112,"column":48}}],"line":111},"5":{"loc":{"start":{"line":114,"column":6},"end":{"line":126,"column":7}},"type":"if","locations":[{"start":{"line":114,"column":6},"end":{"line":126,"column":7}},{"start":{"line":124,"column":13},"end":{"line":126,"column":7}}],"line":114},"6":{"loc":{"start":{"line":118,"column":8},"end":{"line":123,"column":9}},"type":"if","locations":[{"start":{"line":118,"column":8},"end":{"line":123,"column":9}},{"start":{},"end":{}}],"line":118},"7":{"loc":{"start":{"line":124,"column":13},"end":{"line":126,"column":7}},"type":"if","locations":[{"start":{"line":124,"column":13},"end":{"line":126,"column":7}},{"start":{},"end":{}}],"line":124},"8":{"loc":{"start":{"line":127,"column":11},"end":{"line":133,"column":5}},"type":"if","locations":[{"start":{"line":127,"column":11},"end":{"line":133,"column":5}},{"start":{},"end":{}}],"line":127},"9":{"loc":{"start":{"line":130,"column":6},"end":{"line":132,"column":7}},"type":"if","locations":[{"start":{"line":130,"column":6},"end":{"line":132,"column":7}},{"start":{},"end":{}}],"line":130},"10":{"loc":{"start":{"line":138,"column":4},"end":{"line":140,"column":5}},"type":"if","locations":[{"start":{"line":138,"column":4},"end":{"line":140,"column":5}},{"start":{},"end":{}}],"line":138},"11":{"loc":{"start":{"line":150,"column":8},"end":{"line":156,"column":9}},"type":"if","locations":[{"start":{"line":150,"column":8},"end":{"line":156,"column":9}},{"start":{"line":152,"column":15},"end":{"line":156,"column":9}}],"line":150},"12":{"loc":{"start":{"line":178,"column":6},"end":{"line":180,"column":7}},"type":"if","locations":[{"start":{"line":178,"column":6},"end":{"line":180,"column":7}},{"start":{},"end":{}}],"line":178},"13":{"loc":{"start":{"line":183,"column":8},"end":{"line":187,"column":9}},"type":"if","locations":[{"start":{"line":183,"column":8},"end":{"line":187,"column":9}},{"start":{"line":185,"column":15},"end":{"line":187,"column":9}}],"line":183},"14":{"loc":{"start":{"line":198,"column":4},"end":{"line":200,"column":5}},"type":"if","locations":[{"start":{"line":198,"column":4},"end":{"line":200,"column":5}},{"start":{},"end":{}}],"line":198},"15":{"loc":{"start":{"line":210,"column":4},"end":{"line":217,"column":5}},"type":"if","locations":[{"start":{"line":210,"column":4},"end":{"line":217,"column":5}},{"start":{},"end":{}}],"line":210},"16":{"loc":{"start":{"line":213,"column":6},"end":{"line":215,"column":7}},"type":"if","locations":[{"start":{"line":213,"column":6},"end":{"line":215,"column":7}},{"start":{},"end":{}}],"line":213},"17":{"loc":{"start":{"line":219,"column":4},"end":{"line":225,"column":5}},"type":"if","locations":[{"start":{"line":219,"column":4},"end":{"line":225,"column":5}},{"start":{},"end":{}}],"line":219},"18":{"loc":{"start":{"line":221,"column":6},"end":{"line":223,"column":7}},"type":"if","locations":[{"start":{"line":221,"column":6},"end":{"line":223,"column":7}},{"start":{},"end":{}}],"line":221},"19":{"loc":{"start":{"line":235,"column":4},"end":{"line":239,"column":5}},"type":"if","locations":[{"start":{"line":235,"column":4},"end":{"line":239,"column":5}},{"start":{},"end":{}}],"line":235},"20":{"loc":{"start":{"line":249,"column":4},"end":{"line":251,"column":5}},"type":"if","locations":[{"start":{"line":249,"column":4},"end":{"line":251,"column":5}},{"start":{},"end":{}}],"line":249},"21":{"loc":{"start":{"line":253,"column":4},"end":{"line":258,"column":5}},"type":"if","locations":[{"start":{"line":253,"column":4},"end":{"line":258,"column":5}},{"start":{},"end":{}}],"line":253}},"s":{"0":150,"1":7,"2":7,"3":7,"4":7,"5":7,"6":13,"7":13,"8":2,"9":11,"10":11,"11":11,"12":18,"13":18,"14":7,"15":11,"16":11,"17":11,"18":6,"19":14,"20":14,"21":6,"22":3,"23":3,"24":3,"25":3,"26":3,"27":3,"28":3,"29":3,"30":3,"31":0,"32":0,"33":0,"34":0,"35":0,"36":0,"37":0,"38":3,"39":3,"40":3,"41":3,"42":6,"43":6,"44":11,"45":11,"46":9,"47":2,"48":11,"49":6,"50":7,"51":7,"52":20,"53":4,"54":16,"55":24,"56":24,"57":6,"58":18,"59":7,"60":7,"61":7,"62":7,"63":49,"64":26,"65":23,"66":0,"67":23,"68":7,"69":7,"70":7,"71":0,"72":7,"73":16,"74":14,"75":14,"76":0,"77":14,"78":2,"79":2,"80":7,"81":1,"82":6,"83":6,"84":11,"85":11,"86":11,"87":6,"88":4,"89":2,"90":2,"91":2,"92":0},"f":{"0":150,"1":7,"2":13,"3":11,"4":18,"5":6,"6":14,"7":3,"8":3,"9":6,"10":11,"11":7,"12":20,"13":24,"14":49,"15":0,"16":7,"17":11,"18":6,"19":0},"b":{"0":[2,11],"1":[7,11],"2":[3,0],"3":[3,0],"4":[3,0],"5":[3,0],"6":[3,0],"7":[0,0],"8":[0,0],"9":[0,0],"10":[3,0],"11":[9,2],"12":[4,16],"13":[6,18],"14":[26,23],"15":[7,16],"16":[0,7],"17":[14,2],"18":[0,14],"19":[1,6],"20":[4,2],"21":[2,0]},"_coverageSchema":"1a1c01bbd47fc00a2c39e90264f33305004495a9","hash":"5564b54f075dfb3ad3579d9e4e5662035fa50ebf"}
,"/Users/ataing/Documents/studio-prototype/packages/studio-plugin/src/VirtualModuleID.ts": {"path":"/Users/ataing/Documents/studio-prototype/packages/studio-plugin/src/VirtualModuleID.ts","statementMap":{},"fnMap":{},"branchMap":{},"s":{},"f":{},"b":{}}
,"/Users/ataing/Documents/studio-prototype/packages/studio-plugin/src/configureStudioServer.ts": {"path":"/Users/ataing/Documents/studio-prototype/packages/studio-plugin/src/configureStudioServer.ts","statementMap":{"0":{"start":{"line":22,"column":2},"end":{"line":31,"column":4}},"1":{"start":{"line":23,"column":4},"end":{"line":28,"column":6}},"2":{"start":{"line":29,"column":4},"end":{"line":29,"column":80}},"3":{"start":{"line":30,"column":4},"end":{"line":30,"column":62}}},"fnMap":{"0":{"name":"createConfigureStudioServer","decl":{"start":{"line":13,"column":24},"end":{"line":13,"column":51}},"loc":{"start":{"line":18,"column":2},"end":{"line":32,"column":1}},"line":18},"1":{"name":"configureStudioServer","decl":{"start":{"line":22,"column":18},"end":{"line":22,"column":39}},"loc":{"start":{"line":22,"column":63},"end":{"line":31,"column":3}},"line":22}},"branchMap":{},"s":{"0":0,"1":0,"2":0,"3":0},"f":{"0":0,"1":0},"b":{}}
,"/Users/ataing/Documents/studio-prototype/packages/studio-plugin/src/constants.ts": {"path":"/Users/ataing/Documents/studio-prototype/packages/studio-plugin/src/constants.ts","statementMap":{"0":{"start":{"line":3,"column":35},"end":{"line":3,"column":49}},"1":{"start":{"line":4,"column":34},"end":{"line":4,"column":47}},"2":{"start":{"line":5,"column":48},"end":{"line":5,"column":60}},"3":{"start":{"line":6,"column":45},"end":{"line":6,"column":53}},"4":{"start":{"line":7,"column":38},"end":{"line":7,"column":47}},"5":{"start":{"line":8,"column":43},"end":{"line":8,"column":58}},"6":{"start":{"line":9,"column":39},"end":{"line":9,"column":57}},"7":{"start":{"line":10,"column":59},"end":{"line":13,"column":1}}},"fnMap":{},"branchMap":{},"s":{"0":18,"1":18,"2":18,"3":18,"4":18,"5":18,"6":18,"7":18},"f":{},"b":{},"_coverageSchema":"1a1c01bbd47fc00a2c39e90264f33305004495a9","hash":"f1c71d4aa9cfc08a63ab77c2660111216bf2639e"}
,"/Users/ataing/Documents/studio-prototype/packages/studio-plugin/src/createStudioPlugin.ts": {"path":"/Users/ataing/Documents/studio-prototype/packages/studio-plugin/src/createStudioPlugin.ts","statementMap":{"0":{"start":{"line":32,"column":27},"end":{"line":34,"column":3}},"1":{"start":{"line":35,"column":32},"end":{"line":35,"column":55}},"2":{"start":{"line":37,"column":23},"end":{"line":37,"column":76}},"3":{"start":{"line":39,"column":30},"end":{"line":41,"column":10}},"4":{"start":{"line":43,"column":21},"end":{"line":51,"column":3}},"5":{"start":{"line":52,"column":2},"end":{"line":52,"column":27}},"6":{"start":{"line":55,"column":25},"end":{"line":55,"column":47}},"7":{"start":{"line":56,"column":34},"end":{"line":58,"column":3}},"8":{"start":{"line":59,"column":23},"end":{"line":63,"column":3}},"9":{"start":{"line":64,"column":21},"end":{"line":68,"column":3}},"10":{"start":{"line":70,"column":28},"end":{"line":73,"column":3}},"11":{"start":{"line":75,"column":2},"end":{"line":83,"column":5}},"12":{"start":{"line":76,"column":4},"end":{"line":78,"column":5}},"13":{"start":{"line":77,"column":6},"end":{"line":77,"column":52}},"14":{"start":{"line":79,"column":4},"end":{"line":79,"column":50}},"15":{"start":{"line":80,"column":4},"end":{"line":82,"column":7}},"16":{"start":{"line":81,"column":6},"end":{"line":81,"column":40}},"17":{"start":{"line":85,"column":2},"end":{"line":145,"column":4}},"18":{"start":{"line":88,"column":23},"end":{"line":99,"column":7}},"19":{"start":{"line":89,"column":8},"end":{"line":98,"column":9}},"20":{"start":{"line":90,"column":10},"end":{"line":97,"column":13}},"21":{"start":{"line":91,"column":29},"end":{"line":91,"column":58}},"22":{"start":{"line":92,"column":12},"end":{"line":96,"column":13}},"23":{"start":{"line":93,"column":14},"end":{"line":93,"column":33}},"24":{"start":{"line":95,"column":14},"end":{"line":95,"column":42}},"25":{"start":{"line":100,"column":29},"end":{"line":105,"column":7}},"26":{"start":{"line":101,"column":8},"end":{"line":101,"column":34}},"27":{"start":{"line":102,"column":8},"end":{"line":102,"column":39}},"28":{"start":{"line":103,"column":8},"end":{"line":103,"column":36}},"29":{"start":{"line":104,"column":8},"end":{"line":104,"column":50}},"30":{"start":{"line":106,"column":6},"end":{"line":106,"column":41}},"31":{"start":{"line":109,"column":39},"end":{"line":120,"column":7}},"32":{"start":{"line":121,"column":6},"end":{"line":121,"column":52}},"33":{"start":{"line":124,"column":6},"end":{"line":126,"column":7}},"34":{"start":{"line":125,"column":8},"end":{"line":125,"column":25}},"35":{"start":{"line":129,"column":6},"end":{"line":131,"column":7}},"36":{"start":{"line":130,"column":8},"end":{"line":130,"column":73}},"37":{"start":{"line":132,"column":6},"end":{"line":136,"column":7}},"38":{"start":{"line":133,"column":8},"end":{"line":133,"column":80}},"39":{"start":{"line":134,"column":13},"end":{"line":136,"column":7}},"40":{"start":{"line":135,"column":8},"end":{"line":135,"column":78}},"41":{"start":{"line":149,"column":2},"end":{"line":153,"column":3}},"42":{"start":{"line":150,"column":4},"end":{"line":150,"column":42}},"43":{"start":{"line":151,"column":9},"end":{"line":153,"column":3}},"44":{"start":{"line":152,"column":4},"end":{"line":152,"column":41}},"45":{"start":{"line":154,"column":2},"end":{"line":154,"column":49}}},"fnMap":{"0":{"name":"createStudioPlugin","decl":{"start":{"line":29,"column":30},"end":{"line":29,"column":48}},"loc":{"start":{"line":31,"column":19},"end":{"line":146,"column":1}},"line":31},"1":{"name":"(anonymous_1)","decl":{"start":{"line":75,"column":34},"end":{"line":75,"column":35}},"loc":{"start":{"line":75,"column":44},"end":{"line":83,"column":3}},"line":75},"2":{"name":"(anonymous_2)","decl":{"start":{"line":80,"column":23},"end":{"line":80,"column":24}},"loc":{"start":{"line":80,"column":29},"end":{"line":82,"column":5}},"line":80},"3":{"name":"(anonymous_3)","decl":{"start":{"line":87,"column":4},"end":{"line":87,"column":5}},"loc":{"start":{"line":87,"column":17},"end":{"line":107,"column":5}},"line":87},"4":{"name":"(anonymous_4)","decl":{"start":{"line":88,"column":23},"end":{"line":88,"column":24}},"loc":{"start":{"line":88,"column":44},"end":{"line":99,"column":7}},"line":88},"5":{"name":"(anonymous_5)","decl":{"start":{"line":90,"column":39},"end":{"line":90,"column":40}},"loc":{"start":{"line":90,"column":53},"end":{"line":97,"column":11}},"line":90},"6":{"name":"(anonymous_6)","decl":{"start":{"line":100,"column":29},"end":{"line":100,"column":30}},"loc":{"start":{"line":100,"column":55},"end":{"line":105,"column":7}},"line":100},"7":{"name":"(anonymous_7)","decl":{"start":{"line":108,"column":4},"end":{"line":108,"column":5}},"loc":{"start":{"line":108,"column":19},"end":{"line":122,"column":5}},"line":108},"8":{"name":"(anonymous_8)","decl":{"start":{"line":123,"column":4},"end":{"line":123,"column":5}},"loc":{"start":{"line":123,"column":18},"end":{"line":127,"column":5}},"line":123},"9":{"name":"(anonymous_9)","decl":{"start":{"line":128,"column":4},"end":{"line":128,"column":5}},"loc":{"start":{"line":128,"column":13},"end":{"line":137,"column":5}},"line":128},"10":{"name":"getProjectRoot","decl":{"start":{"line":148,"column":9},"end":{"line":148,"column":23}},"loc":{"start":{"line":148,"column":42},"end":{"line":155,"column":1}},"line":148}},"branchMap":{"0":{"loc":{"start":{"line":39,"column":30},"end":{"line":41,"column":10}},"type":"cond-expr","locations":[{"start":{"line":40,"column":6},"end":{"line":40,"column":35}},{"start":{"line":41,"column":6},"end":{"line":41,"column":10}}],"line":39},"1":{"loc":{"start":{"line":62,"column":4},"end":{"line":62,"column":79}},"type":"cond-expr","locations":[{"start":{"line":62,"column":33},"end":{"line":62,"column":67}},{"start":{"line":62,"column":70},"end":{"line":62,"column":79}}],"line":62},"2":{"loc":{"start":{"line":76,"column":4},"end":{"line":78,"column":5}},"type":"if","locations":[{"start":{"line":76,"column":4},"end":{"line":78,"column":5}},{"start":{},"end":{}}],"line":76},"3":{"loc":{"start":{"line":89,"column":8},"end":{"line":98,"column":9}},"type":"if","locations":[{"start":{"line":89,"column":8},"end":{"line":98,"column":9}},{"start":{},"end":{}}],"line":89},"4":{"loc":{"start":{"line":92,"column":12},"end":{"line":96,"column":13}},"type":"if","locations":[{"start":{"line":92,"column":12},"end":{"line":96,"column":13}},{"start":{"line":94,"column":19},"end":{"line":96,"column":13}}],"line":92},"5":{"loc":{"start":{"line":113,"column":12},"end":{"line":115,"column":36}},"type":"binary-expr","locations":[{"start":{"line":113,"column":12},"end":{"line":113,"column":39}},{"start":{"line":114,"column":12},"end":{"line":114,"column":36}},{"start":{"line":115,"column":12},"end":{"line":115,"column":36}}],"line":113},"6":{"loc":{"start":{"line":124,"column":6},"end":{"line":126,"column":7}},"type":"if","locations":[{"start":{"line":124,"column":6},"end":{"line":126,"column":7}},{"start":{},"end":{}}],"line":124},"7":{"loc":{"start":{"line":124,"column":10},"end":{"line":124,"column":77}},"type":"binary-expr","locations":[{"start":{"line":124,"column":10},"end":{"line":124,"column":43}},{"start":{"line":124,"column":47},"end":{"line":124,"column":77}}],"line":124},"8":{"loc":{"start":{"line":129,"column":6},"end":{"line":131,"column":7}},"type":"if","locations":[{"start":{"line":129,"column":6},"end":{"line":131,"column":7}},{"start":{},"end":{}}],"line":129},"9":{"loc":{"start":{"line":132,"column":6},"end":{"line":136,"column":7}},"type":"if","locations":[{"start":{"line":132,"column":6},"end":{"line":136,"column":7}},{"start":{"line":134,"column":13},"end":{"line":136,"column":7}}],"line":132},"10":{"loc":{"start":{"line":134,"column":13},"end":{"line":136,"column":7}},"type":"if","locations":[{"start":{"line":134,"column":13},"end":{"line":136,"column":7}},{"start":{},"end":{}}],"line":134},"11":{"loc":{"start":{"line":149,"column":2},"end":{"line":153,"column":3}},"type":"if","locations":[{"start":{"line":149,"column":2},"end":{"line":153,"column":3}},{"start":{"line":151,"column":9},"end":{"line":153,"column":3}}],"line":149},"12":{"loc":{"start":{"line":151,"column":9},"end":{"line":153,"column":3}},"type":"if","locations":[{"start":{"line":151,"column":9},"end":{"line":153,"column":3}},{"start":{},"end":{}}],"line":151}},"s":{"0":0,"1":0,"2":0,"3":0,"4":0,"5":0,"6":0,"7":0,"8":0,"9":0,"10":0,"11":0,"12":0,"13":0,"14":0,"15":0,"16":0,"17":0,"18":0,"19":0,"20":0,"21":0,"22":0,"23":0,"24":0,"25":0,"26":0,"27":0,"28":0,"29":0,"30":0,"31":0,"32":0,"33":0,"34":0,"35":0,"36":0,"37":0,"38":0,"39":0,"40":0,"41":0,"42":0,"43":0,"44":0,"45":0},"f":{"0":0,"1":0,"2":0,"3":0,"4":0,"5":0,"6":0,"7":0,"8":0,"9":0,"10":0},"b":{"0":[0,0],"1":[0,0],"2":[0,0],"3":[0,0],"4":[0,0],"5":[0,0,0],"6":[0,0],"7":[0,0],"8":[0,0],"9":[0,0],"10":[0,0],"11":[0,0],"12":[0,0]}}
,"/Users/ataing/Documents/studio-prototype/packages/studio-plugin/src/startPagesDevelopmentServer.ts": {"path":"/Users/ataing/Documents/studio-prototype/packages/studio-plugin/src/startPagesDevelopmentServer.ts","statementMap":{"0":{"start":{"line":3,"column":43},"end":{"line":47,"column":1}},"1":{"start":{"line":4,"column":22},"end":{"line":14,"column":3}},"2":{"start":{"line":17,"column":2},"end":{"line":17,"column":42}},"3":{"start":{"line":18,"column":2},"end":{"line":22,"column":5}},"4":{"start":{"line":19,"column":4},"end":{"line":21,"column":7}},"5":{"start":{"line":20,"column":6},"end":{"line":20,"column":63}},"6":{"start":{"line":25,"column":2},"end":{"line":27,"column":5}},"7":{"start":{"line":26,"column":4},"end":{"line":26,"column":21}},"8":{"start":{"line":32,"column":32},"end":{"line":44,"column":4}},"9":{"start":{"line":33,"column":4},"end":{"line":33,"column":44}},"10":{"start":{"line":34,"column":4},"end":{"line":43,"column":7}},"11":{"start":{"line":35,"column":22},"end":{"line":35,"column":55}},"12":{"start":{"line":36,"column":6},"end":{"line":42,"column":7}},"13":{"start":{"line":37,"column":21},"end":{"line":37,"column":48}},"14":{"start":{"line":38,"column":8},"end":{"line":40,"column":9}},"15":{"start":{"line":39,"column":10},"end":{"line":39,"column":78}},"16":{"start":{"line":41,"column":8},"end":{"line":41,"column":22}},"17":{"start":{"line":46,"column":2},"end":{"line":46,"column":14}}},"fnMap":{"0":{"name":"(anonymous_0)","decl":{"start":{"line":3,"column":43},"end":{"line":3,"column":44}},"loc":{"start":{"line":3,"column":55},"end":{"line":47,"column":1}},"line":3},"1":{"name":"(anonymous_1)","decl":{"start":{"line":18,"column":32},"end":{"line":18,"column":33}},"loc":{"start":{"line":18,"column":50},"end":{"line":22,"column":3}},"line":18},"2":{"name":"(anonymous_2)","decl":{"start":{"line":19,"column":29},"end":{"line":19,"column":30}},"loc":{"start":{"line":19,"column":47},"end":{"line":21,"column":5}},"line":19},"3":{"name":"(anonymous_3)","decl":{"start":{"line":25,"column":34},"end":{"line":25,"column":35}},"loc":{"start":{"line":25,"column":40},"end":{"line":27,"column":3}},"line":25},"4":{"name":"(anonymous_4)","decl":{"start":{"line":32,"column":44},"end":{"line":32,"column":45}},"loc":{"start":{"line":32,"column":57},"end":{"line":44,"column":3}},"line":32},"5":{"name":"(anonymous_5)","decl":{"start":{"line":34,"column":34},"end":{"line":34,"column":35}},"loc":{"start":{"line":34,"column":52},"end":{"line":43,"column":5}},"line":34}},"branchMap":{"0":{"loc":{"start":{"line":36,"column":6},"end":{"line":42,"column":7}},"type":"if","locations":[{"start":{"line":36,"column":6},"end":{"line":42,"column":7}},{"start":{},"end":{}}],"line":36},"1":{"loc":{"start":{"line":36,"column":10},"end":{"line":36,"column":40}},"type":"binary-expr","locations":[{"start":{"line":36,"column":10},"end":{"line":36,"column":17}},{"start":{"line":36,"column":21},"end":{"line":36,"column":40}}],"line":36},"2":{"loc":{"start":{"line":38,"column":8},"end":{"line":40,"column":9}},"type":"if","locations":[{"start":{"line":38,"column":8},"end":{"line":40,"column":9}},{"start":{},"end":{}}],"line":38}},"s":{"0":0,"1":0,"2":0,"3":0,"4":0,"5":0,"6":0,"7":0,"8":0,"9":0,"10":0,"11":0,"12":0,"13":0,"14":0,"15":0,"16":0,"17":0},"f":{"0":0,"1":0,"2":0,"3":0,"4":0,"5":0},"b":{"0":[0,0],"1":[0,0],"2":[0,0]}}
,"/Users/ataing/Documents/studio-prototype/packages/studio-plugin/src/errors/FileIOError.ts": {"path":"/Users/ataing/Documents/studio-prototype/packages/studio-plugin/src/errors/FileIOError.ts","statementMap":{},"fnMap":{},"branchMap":{},"s":{},"f":{},"b":{},"_coverageSchema":"1a1c01bbd47fc00a2c39e90264f33305004495a9","hash":"0e586e887a921367b8c58a447de7f9502929bf4d"}
,"/Users/ataing/Documents/studio-prototype/packages/studio-plugin/src/errors/ParsingError.ts": {"path":"/Users/ataing/Documents/studio-prototype/packages/studio-plugin/src/errors/ParsingError.ts","statementMap":{},"fnMap":{},"branchMap":{},"s":{},"f":{},"b":{},"_coverageSchema":"1a1c01bbd47fc00a2c39e90264f33305004495a9","hash":"c0d67ac122a11154d543f9bbb107e1f4664cafd3"}
,"/Users/ataing/Documents/studio-prototype/packages/studio-plugin/src/errors/StudioError.ts": {"path":"/Users/ataing/Documents/studio-prototype/packages/studio-plugin/src/errors/StudioError.ts","statementMap":{"0":{"start":{"line":10,"column":4},"end":{"line":10,"column":21}},"1":{"start":{"line":11,"column":4},"end":{"line":11,"column":27}},"2":{"start":{"line":12,"column":4},"end":{"line":12,"column":23}}},"fnMap":{"0":{"name":"(anonymous_0)","decl":{"start":{"line":9,"column":2},"end":{"line":9,"column":3}},"loc":{"start":{"line":9,"column":56},"end":{"line":13,"column":3}},"line":9}},"branchMap":{},"s":{"0":17,"1":17,"2":17},"f":{"0":17},"b":{},"_coverageSchema":"1a1c01bbd47fc00a2c39e90264f33305004495a9","hash":"77cda623aaacd15179a95e06cacc6d51ef495fd9"}
,"/Users/ataing/Documents/studio-prototype/packages/studio-plugin/src/errors/prettyPrintError.ts": {"path":"/Users/ataing/Documents/studio-prototype/packages/studio-plugin/src/errors/prettyPrintError.ts","statementMap":{"0":{"start":{"line":4,"column":2},"end":{"line":4,"column":38}},"1":{"start":{"line":5,"column":2},"end":{"line":11,"column":3}},"2":{"start":{"line":6,"column":4},"end":{"line":6,"column":20}},"3":{"start":{"line":8,"column":6},"end":{"line":8,"column":64}},"4":{"start":{"line":9,"column":4},"end":{"line":9,"column":44}},"5":{"start":{"line":10,"column":4},"end":{"line":10,"column":23}}},"fnMap":{"0":{"name":"prettyPrintError","decl":{"start":{"line":3,"column":24},"end":{"line":3,"column":40}},"loc":{"start":{"line":3,"column":73},"end":{"line":12,"column":1}},"line":3}},"branchMap":{"0":{"loc":{"start":{"line":5,"column":2},"end":{"line":11,"column":3}},"type":"if","locations":[{"start":{"line":5,"column":2},"end":{"line":11,"column":3}},{"start":{},"end":{}}],"line":5},"1":{"loc":{"start":{"line":8,"column":6},"end":{"line":8,"column":64}},"type":"cond-expr","locations":[{"start":{"line":8,"column":29},"end":{"line":8,"column":56}},{"start":{"line":8,"column":59},"end":{"line":8,"column":64}}],"line":8}},"s":{"0":15,"1":15,"2":15,"3":15,"4":15,"5":15},"f":{"0":15},"b":{"0":[15,0],"1":[13,2]},"_coverageSchema":"1a1c01bbd47fc00a2c39e90264f33305004495a9","hash":"ef29e7d8fae8c232fc0f75340a0e36737e57b7c4"}
,"/Users/ataing/Documents/studio-prototype/packages/studio-plugin/src/errors/tryUsingResult.ts": {"path":"/Users/ataing/Documents/studio-prototype/packages/studio-plugin/src/errors/tryUsingResult.ts","statementMap":{"0":{"start":{"line":10,"column":2},"end":{"line":20,"column":3}},"1":{"start":{"line":11,"column":4},"end":{"line":11,"column":29}},"2":{"start":{"line":13,"column":4},"end":{"line":15,"column":5}},"3":{"start":{"line":14,"column":6},"end":{"line":14,"column":16}},"4":{"start":{"line":17,"column":4},"end":{"line":17,"column":41}},"5":{"start":{"line":19,"column":4},"end":{"line":19,"column":75}}},"fnMap":{"0":{"name":"tryUsingResult","decl":{"start":{"line":5,"column":24},"end":{"line":5,"column":38}},"loc":{"start":{"line":9,"column":27},"end":{"line":21,"column":1}},"line":9}},"branchMap":{"0":{"loc":{"start":{"line":13,"column":4},"end":{"line":15,"column":5}},"type":"if","locations":[{"start":{"line":13,"column":4},"end":{"line":15,"column":5}},{"start":{},"end":{}}],"line":13}},"s":{"0":66,"1":66,"2":15,"3":0,"4":15,"5":15},"f":{"0":66},"b":{"0":[0,15]},"_coverageSchema":"1a1c01bbd47fc00a2c39e90264f33305004495a9","hash":"94ef63afe5765ea47bbcb3bad91a42fdc3ff6003"}
,"/Users/ataing/Documents/studio-prototype/packages/studio-plugin/src/git/GitWrapper.ts": {"path":"/Users/ataing/Documents/studio-prototype/packages/studio-plugin/src/git/GitWrapper.ts","statementMap":{"0":{"start":{"line":9,"column":4},"end":{"line":9,"column":19}},"1":{"start":{"line":13,"column":4},"end":{"line":16,"column":5}},"2":{"start":{"line":14,"column":25},"end":{"line":14,"column":79}},"3":{"start":{"line":15,"column":6},"end":{"line":15,"column":42}},"4":{"start":{"line":17,"column":4},"end":{"line":17,"column":29}},"5":{"start":{"line":21,"column":4},"end":{"line":21,"column":28}},"6":{"start":{"line":24,"column":4},"end":{"line":24,"column":56}},"7":{"start":{"line":25,"column":4},"end":{"line":25,"column":48}},"8":{"start":{"line":26,"column":4},"end":{"line":26,"column":26}},"9":{"start":{"line":30,"column":4},"end":{"line":30,"column":24}},"10":{"start":{"line":34,"column":4},"end":{"line":74,"column":5}},"11":{"start":{"line":35,"column":22},"end":{"line":35,"column":49}},"12":{"start":{"line":36,"column":6},"end":{"line":46,"column":7}},"13":{"start":{"line":37,"column":8},"end":{"line":40,"column":10}},"14":{"start":{"line":41,"column":13},"end":{"line":46,"column":7}},"15":{"start":{"line":42,"column":8},"end":{"line":45,"column":10}},"16":{"start":{"line":47,"column":29},"end":{"line":47,"column":78}},"17":{"start":{"line":48,"column":6},"end":{"line":53,"column":7}},"18":{"start":{"line":49,"column":8},"end":{"line":52,"column":10}},"19":{"start":{"line":54,"column":19},"end":{"line":54,"column":66}},"20":{"start":{"line":55,"column":6},"end":{"line":60,"column":7}},"21":{"start":{"line":56,"column":8},"end":{"line":59,"column":10}},"22":{"start":{"line":62,"column":6},"end":{"line":64,"column":8}},"23":{"start":{"line":66,"column":6},"end":{"line":68,"column":7}},"24":{"start":{"line":67,"column":8},"end":{"line":67,"column":18}},"25":{"start":{"line":70,"column":6},"end":{"line":73,"column":8}},"26":{"start":{"line":78,"column":20},"end":{"line":78,"column":40}},"27":{"start":{"line":79,"column":4},"end":{"line":82,"column":6}}},"fnMap":{"0":{"name":"(anonymous_0)","decl":{"start":{"line":8,"column":2},"end":{"line":8,"column":3}},"loc":{"start":{"line":8,"column":30},"end":{"line":10,"column":3}},"line":8},"1":{"name":"(anonymous_1)","decl":{"start":{"line":12,"column":2},"end":{"line":12,"column":3}},"loc":{"start":{"line":12,"column":16},"end":{"line":18,"column":3}},"line":12},"2":{"name":"(anonymous_2)","decl":{"start":{"line":20,"column":2},"end":{"line":20,"column":3}},"loc":{"start":{"line":20,"column":17},"end":{"line":27,"column":3}},"line":20},"3":{"name":"(anonymous_3)","decl":{"start":{"line":29,"column":2},"end":{"line":29,"column":3}},"loc":{"start":{"line":29,"column":18},"end":{"line":31,"column":3}},"line":29},"4":{"name":"(anonymous_4)","decl":{"start":{"line":33,"column":2},"end":{"line":33,"column":3}},"loc":{"start":{"line":33,"column":73},"end":{"line":75,"column":3}},"line":33},"5":{"name":"(anonymous_5)","decl":{"start":{"line":77,"column":2},"end":{"line":77,"column":3}},"loc":{"start":{"line":77,"column":22},"end":{"line":83,"column":3}},"line":77}},"branchMap":{"0":{"loc":{"start":{"line":13,"column":4},"end":{"line":16,"column":5}},"type":"if","locations":[{"start":{"line":13,"column":4},"end":{"line":16,"column":5}},{"start":{},"end":{}}],"line":13},"1":{"loc":{"start":{"line":36,"column":6},"end":{"line":46,"column":7}},"type":"if","locations":[{"start":{"line":36,"column":6},"end":{"line":46,"column":7}},{"start":{"line":41,"column":13},"end":{"line":46,"column":7}}],"line":36},"2":{"loc":{"start":{"line":41,"column":13},"end":{"line":46,"column":7}},"type":"if","locations":[{"start":{"line":41,"column":13},"end":{"line":46,"column":7}},{"start":{},"end":{}}],"line":41},"3":{"loc":{"start":{"line":48,"column":6},"end":{"line":53,"column":7}},"type":"if","locations":[{"start":{"line":48,"column":6},"end":{"line":53,"column":7}},{"start":{},"end":{}}],"line":48},"4":{"loc":{"start":{"line":55,"column":6},"end":{"line":60,"column":7}},"type":"if","locations":[{"start":{"line":55,"column":6},"end":{"line":60,"column":7}},{"start":{},"end":{}}],"line":55},"5":{"loc":{"start":{"line":66,"column":6},"end":{"line":68,"column":7}},"type":"if","locations":[{"start":{"line":66,"column":6},"end":{"line":68,"column":7}},{"start":{},"end":{}}],"line":66}},"s":{"0":2,"1":0,"2":0,"3":0,"4":0,"5":1,"6":1,"7":1,"8":1,"9":6,"10":6,"11":6,"12":5,"13":1,"14":4,"15":1,"16":3,"17":3,"18":1,"19":2,"20":2,"21":1,"22":1,"23":1,"24":0,"25":1,"26":6,"27":6},"f":{"0":2,"1":0,"2":1,"3":6,"4":6,"5":6},"b":{"0":[0,0],"1":[1,4],"2":[1,3],"3":[1,2],"4":[1,1],"5":[0,1]},"_coverageSchema":"1a1c01bbd47fc00a2c39e90264f33305004495a9","hash":"f21f4368f861b586b9753a1d46561bd1bc1cab2c"}
,"/Users/ataing/Documents/studio-prototype/packages/studio-plugin/src/git/reloadGitData.ts": {"path":"/Users/ataing/Documents/studio-prototype/packages/studio-plugin/src/git/reloadGitData.ts","statementMap":{"0":{"start":{"line":9,"column":2},"end":{"line":9,"column":33}},"1":{"start":{"line":10,"column":24},"end":{"line":12,"column":3}},"2":{"start":{"line":13,"column":2},"end":{"line":15,"column":3}},"3":{"start":{"line":14,"column":4},"end":{"line":14,"column":50}},"4":{"start":{"line":16,"column":2},"end":{"line":16,"column":53}}},"fnMap":{"0":{"name":"reloadGitData","decl":{"start":{"line":5,"column":30},"end":{"line":5,"column":43}},"loc":{"start":{"line":8,"column":2},"end":{"line":17,"column":1}},"line":8}},"branchMap":{"0":{"loc":{"start":{"line":13,"column":2},"end":{"line":15,"column":3}},"type":"if","locations":[{"start":{"line":13,"column":2},"end":{"line":15,"column":3}},{"start":{},"end":{}}],"line":13}},"s":{"0":0,"1":0,"2":0,"3":0,"4":0},"f":{"0":0},"b":{"0":[0,0]}}
,"/Users/ataing/Documents/studio-prototype/packages/studio-plugin/src/messaging/executeSaveChanges.ts": {"path":"/Users/ataing/Documents/studio-prototype/packages/studio-plugin/src/messaging/executeSaveChanges.ts","statementMap":{"0":{"start":{"line":16,"column":6},"end":{"line":16,"column":14}},"1":{"start":{"line":17,"column":2},"end":{"line":17,"column":51}},"2":{"start":{"line":18,"column":2},"end":{"line":23,"column":5}},"3":{"start":{"line":20,"column":6},"end":{"line":20,"column":73}},"4":{"start":{"line":21,"column":4},"end":{"line":21,"column":37}},"5":{"start":{"line":22,"column":4},"end":{"line":22,"column":38}},"6":{"start":{"line":24,"column":2},"end":{"line":28,"column":5}},"7":{"start":{"line":25,"column":21},"end":{"line":25,"column":64}},"8":{"start":{"line":26,"column":4},"end":{"line":26,"column":76}},"9":{"start":{"line":27,"column":4},"end":{"line":27,"column":38}},"10":{"start":{"line":29,"column":2},"end":{"line":31,"column":3}},"11":{"start":{"line":30,"column":4},"end":{"line":30,"column":56}}},"fnMap":{"0":{"name":"executeSaveChanges","decl":{"start":{"line":6,"column":24},"end":{"line":6,"column":42}},"loc":{"start":{"line":10,"column":2},"end":{"line":32,"column":1}},"line":10},"1":{"name":"(anonymous_1)","decl":{"start":{"line":18,"column":39},"end":{"line":18,"column":40}},"loc":{"start":{"line":18,"column":57},"end":{"line":23,"column":3}},"line":18},"2":{"name":"(anonymous_2)","decl":{"start":{"line":24,"column":39},"end":{"line":24,"column":40}},"loc":{"start":{"line":24,"column":57},"end":{"line":28,"column":3}},"line":24}},"branchMap":{"0":{"loc":{"start":{"line":29,"column":2},"end":{"line":31,"column":3}},"type":"if","locations":[{"start":{"line":29,"column":2},"end":{"line":31,"column":3}},{"start":{},"end":{}}],"line":29}},"s":{"0":0,"1":0,"2":0,"3":0,"4":0,"5":0,"6":0,"7":0,"8":0,"9":0,"10":0,"11":0},"f":{"0":0,"1":0,"2":0},"b":{"0":[0,0]}}
,"/Users/ataing/Documents/studio-prototype/packages/studio-plugin/src/messaging/registerDeployListener.ts": {"path":"/Users/ataing/Documents/studio-prototype/packages/studio-plugin/src/messaging/registerDeployListener.ts","statementMap":{"0":{"start":{"line":16,"column":2},"end":{"line":25,"column":4}},"1":{"start":{"line":20,"column":6},"end":{"line":20,"column":62}},"2":{"start":{"line":21,"column":6},"end":{"line":21,"column":32}},"3":{"start":{"line":22,"column":6},"end":{"line":22,"column":46}},"4":{"start":{"line":23,"column":6},"end":{"line":23,"column":75}}},"fnMap":{"0":{"name":"registerDeployListener","decl":{"start":{"line":10,"column":24},"end":{"line":10,"column":46}},"loc":{"start":{"line":15,"column":2},"end":{"line":26,"column":1}},"line":15},"1":{"name":"(anonymous_1)","decl":{"start":{"line":19,"column":4},"end":{"line":19,"column":5}},"loc":{"start":{"line":19,"column":44},"end":{"line":24,"column":5}},"line":19}},"branchMap":{},"s":{"0":0,"1":0,"2":0,"3":0,"4":0},"f":{"0":0,"1":0},"b":{}}
,"/Users/ataing/Documents/studio-prototype/packages/studio-plugin/src/messaging/registerGenerateTestData.ts": {"path":"/Users/ataing/Documents/studio-prototype/packages/studio-plugin/src/messaging/registerGenerateTestData.ts","statementMap":{"0":{"start":{"line":21,"column":2},"end":{"line":32,"column":4}},"1":{"start":{"line":25,"column":23},"end":{"line":25,"column":53}},"2":{"start":{"line":26,"column":6},"end":{"line":26,"column":47}},"3":{"start":{"line":27,"column":6},"end":{"line":30,"column":8}},"4":{"start":{"line":41,"column":28},"end":{"line":47,"column":3}},"5":{"start":{"line":42,"column":4},"end":{"line":46,"column":5}},"6":{"start":{"line":43,"column":6},"end":{"line":43,"column":71}},"7":{"start":{"line":45,"column":6},"end":{"line":45,"column":41}},"8":{"start":{"line":48,"column":34},"end":{"line":48,"column":65}},"9":{"start":{"line":50,"column":17},"end":{"line":64,"column":3}},"10":{"start":{"line":66,"column":2},"end":{"line":71,"column":3}},"11":{"start":{"line":67,"column":4},"end":{"line":70,"column":6}},"12":{"start":{"line":72,"column":2},"end":{"line":75,"column":4}}},"fnMap":{"0":{"name":"registerGenerateTestData","decl":{"start":{"line":17,"column":24},"end":{"line":17,"column":48}},"loc":{"start":{"line":20,"column":2},"end":{"line":33,"column":1}},"line":20},"1":{"name":"(anonymous_1)","decl":{"start":{"line":24,"column":4},"end":{"line":24,"column":5}},"loc":{"start":{"line":24,"column":51},"end":{"line":31,"column":5}},"line":24},"2":{"name":"generateTestData","decl":{"start":{"line":38,"column":9},"end":{"line":38,"column":25}},"loc":{"start":{"line":40,"column":32},"end":{"line":76,"column":1}},"line":40},"3":{"name":"(anonymous_3)","decl":{"start":{"line":41,"column":28},"end":{"line":41,"column":29}},"loc":{"start":{"line":41,"column":52},"end":{"line":47,"column":3}},"line":41}},"branchMap":{"0":{"loc":{"start":{"line":42,"column":4},"end":{"line":46,"column":5}},"type":"if","locations":[{"start":{"line":42,"column":4},"end":{"line":46,"column":5}},{"start":{"line":44,"column":11},"end":{"line":46,"column":5}}],"line":42},"1":{"loc":{"start":{"line":66,"column":2},"end":{"line":71,"column":3}},"type":"if","locations":[{"start":{"line":66,"column":2},"end":{"line":71,"column":3}},{"start":{},"end":{}}],"line":66}},"s":{"0":0,"1":0,"2":0,"3":0,"4":0,"5":0,"6":0,"7":0,"8":0,"9":0,"10":0,"11":0,"12":0},"f":{"0":0,"1":0,"2":0,"3":0},"b":{"0":[0,0],"1":[0,0]}}
,"/Users/ataing/Documents/studio-prototype/packages/studio-plugin/src/messaging/registerListener.ts": {"path":"/Users/ataing/Documents/studio-prototype/packages/studio-plugin/src/messaging/registerListener.ts","statementMap":{"0":{"start":{"line":22,"column":2},"end":{"line":33,"column":5}},"1":{"start":{"line":23,"column":4},"end":{"line":32,"column":5}},"2":{"start":{"line":24,"column":26},"end":{"line":24,"column":56}},"3":{"start":{"line":25,"column":30},"end":{"line":27,"column":7}},"4":{"start":{"line":26,"column":8},"end":{"line":26,"column":29}},"5":{"start":{"line":28,"column":6},"end":{"line":28,"column":65}},"6":{"start":{"line":29,"column":6},"end":{"line":29,"column":47}},"7":{"start":{"line":31,"column":6},"end":{"line":31,"column":13}},"8":{"start":{"line":40,"column":2},"end":{"line":54,"column":3}},"9":{"start":{"line":41,"column":4},"end":{"line":41,"column":21}},"10":{"start":{"line":43,"column":14},"end":{"line":43,"column":53}},"11":{"start":{"line":44,"column":4},"end":{"line":48,"column":5}},"12":{"start":{"line":45,"column":6},"end":{"line":45,"column":18}},"13":{"start":{"line":46,"column":11},"end":{"line":48,"column":5}},"14":{"start":{"line":47,"column":6},"end":{"line":47,"column":26}},"15":{"start":{"line":49,"column":4},"end":{"line":49,"column":25}},"16":{"start":{"line":50,"column":4},"end":{"line":53,"column":6}},"17":{"start":{"line":60,"column":2},"end":{"line":70,"column":5}},"18":{"start":{"line":62,"column":24},"end":{"line":62,"column":26}},"19":{"start":{"line":63,"column":4},"end":{"line":69,"column":9}},"20":{"start":{"line":64,"column":29},"end":{"line":64,"column":45}},"21":{"start":{"line":66,"column":32},"end":{"line":66,"column":62}},"22":{"start":{"line":67,"column":47},"end":{"line":67,"column":74}},"23":{"start":{"line":68,"column":8},"end":{"line":68,"column":29}}},"fnMap":{"0":{"name":"registerListener","decl":{"start":{"line":15,"column":16},"end":{"line":15,"column":32}},"loc":{"start":{"line":21,"column":2},"end":{"line":34,"column":1}},"line":21},"1":{"name":"(anonymous_1)","decl":{"start":{"line":22,"column":25},"end":{"line":22,"column":26}},"loc":{"start":{"line":22,"column":51},"end":{"line":33,"column":3}},"line":22},"2":{"name":"(anonymous_2)","decl":{"start":{"line":25,"column":66},"end":{"line":25,"column":67}},"loc":{"start":{"line":26,"column":8},"end":{"line":26,"column":29}},"line":26},"3":{"name":"getResponsePayload","decl":{"start":{"line":36,"column":15},"end":{"line":36,"column":33}},"loc":{"start":{"line":39,"column":53},"end":{"line":55,"column":1}},"line":39},"4":{"name":"parseRequestBody","decl":{"start":{"line":57,"column":9},"end":{"line":57,"column":25}},"loc":{"start":{"line":59,"column":30},"end":{"line":71,"column":1}},"line":59},"5":{"name":"(anonymous_5)","decl":{"start":{"line":60,"column":21},"end":{"line":60,"column":22}},"loc":{"start":{"line":60,"column":34},"end":{"line":70,"column":3}},"line":60},"6":{"name":"(anonymous_6)","decl":{"start":{"line":64,"column":18},"end":{"line":64,"column":19}},"loc":{"start":{"line":64,"column":29},"end":{"line":64,"column":45}},"line":64},"7":{"name":"(anonymous_7)","decl":{"start":{"line":65,"column":17},"end":{"line":65,"column":18}},"loc":{"start":{"line":65,"column":23},"end":{"line":69,"column":7}},"line":65}},"branchMap":{"0":{"loc":{"start":{"line":23,"column":4},"end":{"line":32,"column":5}},"type":"if","locations":[{"start":{"line":23,"column":4},"end":{"line":32,"column":5}},{"start":{"line":30,"column":11},"end":{"line":32,"column":5}}],"line":23},"1":{"loc":{"start":{"line":44,"column":4},"end":{"line":48,"column":5}},"type":"if","locations":[{"start":{"line":44,"column":4},"end":{"line":48,"column":5}},{"start":{"line":46,"column":11},"end":{"line":48,"column":5}}],"line":44},"2":{"loc":{"start":{"line":46,"column":11},"end":{"line":48,"column":5}},"type":"if","locations":[{"start":{"line":46,"column":11},"end":{"line":48,"column":5}},{"start":{},"end":{}}],"line":46}},"s":{"0":0,"1":0,"2":0,"3":0,"4":0,"5":0,"6":0,"7":0,"8":0,"9":0,"10":0,"11":0,"12":0,"13":0,"14":0,"15":0,"16":0,"17":0,"18":0,"19":0,"20":0,"21":0,"22":0,"23":0},"f":{"0":0,"1":0,"2":0,"3":0,"4":0,"5":0,"6":0,"7":0},"b":{"0":[0,0],"1":[0,0],"2":[0,0]}}
,"/Users/ataing/Documents/studio-prototype/packages/studio-plugin/src/messaging/registerSaveChangesListener.ts": {"path":"/Users/ataing/Documents/studio-prototype/packages/studio-plugin/src/messaging/registerSaveChangesListener.ts","statementMap":{"0":{"start":{"line":16,"column":2},"end":{"line":24,"column":4}},"1":{"start":{"line":20,"column":6},"end":{"line":20,"column":62}},"2":{"start":{"line":21,"column":6},"end":{"line":21,"column":46}},"3":{"start":{"line":22,"column":6},"end":{"line":22,"column":80}}},"fnMap":{"0":{"name":"registerSaveChangesListener","decl":{"start":{"line":10,"column":24},"end":{"line":10,"column":51}},"loc":{"start":{"line":15,"column":2},"end":{"line":25,"column":1}},"line":15},"1":{"name":"(anonymous_1)","decl":{"start":{"line":19,"column":4},"end":{"line":19,"column":5}},"loc":{"start":{"line":19,"column":44},"end":{"line":23,"column":5}},"line":19}},"branchMap":{},"s":{"0":0,"1":0,"2":0,"3":0},"f":{"0":0,"1":0},"b":{}}
,"/Users/ataing/Documents/studio-prototype/packages/studio-plugin/src/parsers/ComponentParamParser.ts": {"path":"/Users/ataing/Documents/studio-prototype/packages/studio-plugin/src/parsers/ComponentParamParser.ts","statementMap":{"0":{"start":{"line":13,"column":23},"end":{"line":13,"column":43}},"1":{"start":{"line":14,"column":4},"end":{"line":19,"column":5}},"2":{"start":{"line":15,"column":6},"end":{"line":18,"column":8}},"3":{"start":{"line":21,"column":23},"end":{"line":21,"column":36}},"4":{"start":{"line":22,"column":4},"end":{"line":24,"column":5}},"5":{"start":{"line":23,"column":6},"end":{"line":23,"column":13}},"6":{"start":{"line":26,"column":4},"end":{"line":26,"column":53}},"7":{"start":{"line":31,"column":6},"end":{"line":31,"column":60}},"8":{"start":{"line":32,"column":4},"end":{"line":39,"column":5}},"9":{"start":{"line":33,"column":27},"end":{"line":37,"column":7}},"10":{"start":{"line":38,"column":6},"end":{"line":38,"column":42}},"11":{"start":{"line":40,"column":4},"end":{"line":40,"column":41}}},"fnMap":{"0":{"name":"(anonymous_0)","decl":{"start":{"line":6,"column":2},"end":{"line":6,"column":3}},"loc":{"start":{"line":6,"column":64},"end":{"line":6,"column":66}},"line":6},"1":{"name":"(anonymous_1)","decl":{"start":{"line":12,"column":2},"end":{"line":12,"column":3}},"loc":{"start":{"line":12,"column":39},"end":{"line":27,"column":3}},"line":12},"2":{"name":"(anonymous_2)","decl":{"start":{"line":29,"column":2},"end":{"line":29,"column":3}},"loc":{"start":{"line":29,"column":26},"end":{"line":41,"column":3}},"line":29}},"branchMap":{"0":{"loc":{"start":{"line":14,"column":4},"end":{"line":19,"column":5}},"type":"if","locations":[{"start":{"line":14,"column":4},"end":{"line":19,"column":5}},{"start":{},"end":{}}],"line":14},"1":{"loc":{"start":{"line":22,"column":4},"end":{"line":24,"column":5}},"type":"if","locations":[{"start":{"line":22,"column":4},"end":{"line":24,"column":5}},{"start":{},"end":{}}],"line":22},"2":{"loc":{"start":{"line":32,"column":4},"end":{"line":39,"column":5}},"type":"if","locations":[{"start":{"line":32,"column":4},"end":{"line":39,"column":5}},{"start":{},"end":{}}],"line":32}},"s":{"0":40,"1":39,"2":1,"3":38,"4":38,"5":13,"6":25,"7":40,"8":39,"9":1,"10":1,"11":38},"f":{"0":39,"1":40,"2":40},"b":{"0":[1,38],"1":[13,25],"2":[1,38]},"_coverageSchema":"1a1c01bbd47fc00a2c39e90264f33305004495a9","hash":"fa06e9ed06badf07ec61b4389e340da6f5b36324"}
,"/Users/ataing/Documents/studio-prototype/packages/studio-plugin/src/parsers/ComponentTreeParser.ts": {"path":"/Users/ataing/Documents/studio-prototype/packages/studio-plugin/src/parsers/ComponentTreeParser.ts","statementMap":{"0":{"start":{"line":35,"column":6},"end":{"line":35,"column":66}},"1":{"start":{"line":36,"column":28},"end":{"line":38,"column":5}},"2":{"start":{"line":39,"column":4},"end":{"line":41,"column":5}},"3":{"start":{"line":40,"column":6},"end":{"line":40,"column":16}},"4":{"start":{"line":43,"column":6},"end":{"line":44,"column":21}},"5":{"start":{"line":45,"column":28},"end":{"line":50,"column":5}},"6":{"start":{"line":47,"column":8},"end":{"line":49,"column":50}},"7":{"start":{"line":51,"column":4},"end":{"line":56,"column":5}},"8":{"start":{"line":52,"column":6},"end":{"line":55,"column":8}},"9":{"start":{"line":58,"column":4},"end":{"line":61,"column":6}},"10":{"start":{"line":60,"column":25},"end":{"line":60,"column":80}},"11":{"start":{"line":69,"column":33},"end":{"line":72,"column":5}},"12":{"start":{"line":74,"column":4},"end":{"line":86,"column":5}},"13":{"start":{"line":76,"column":8},"end":{"line":76,"column":58}},"14":{"start":{"line":77,"column":36},"end":{"line":81,"column":7}},"15":{"start":{"line":82,"column":6},"end":{"line":85,"column":8}},"16":{"start":{"line":88,"column":4},"end":{"line":93,"column":5}},"17":{"start":{"line":89,"column":6},"end":{"line":92,"column":8}},"18":{"start":{"line":95,"column":26},"end":{"line":95,"column":77}},"19":{"start":{"line":96,"column":26},"end":{"line":100,"column":5}},"20":{"start":{"line":102,"column":4},"end":{"line":106,"column":6}},"21":{"start":{"line":115,"column":6},"end":{"line":115,"column":65}},"22":{"start":{"line":116,"column":36},"end":{"line":120,"column":5}},"23":{"start":{"line":121,"column":4},"end":{"line":125,"column":5}},"24":{"start":{"line":122,"column":6},"end":{"line":124,"column":8}},"25":{"start":{"line":126,"column":4},"end":{"line":133,"column":6}},"26":{"start":{"line":144,"column":43},"end":{"line":148,"column":53}},"27":{"start":{"line":150,"column":21},"end":{"line":152,"column":6}},"28":{"start":{"line":151,"column":6},"end":{"line":151,"column":64}},"29":{"start":{"line":153,"column":35},"end":{"line":153,"column":57}},"30":{"start":{"line":154,"column":4},"end":{"line":164,"column":5}},"31":{"start":{"line":155,"column":6},"end":{"line":159,"column":7}},"32":{"start":{"line":156,"column":8},"end":{"line":158,"column":10}},"33":{"start":{"line":160,"column":6},"end":{"line":163,"column":8}},"34":{"start":{"line":166,"column":25},"end":{"line":166,"column":55}},"35":{"start":{"line":167,"column":4},"end":{"line":186,"column":5}},"36":{"start":{"line":168,"column":53},"end":{"line":168,"column":55}},"37":{"start":{"line":169,"column":6},"end":{"line":176,"column":9}},"38":{"start":{"line":170,"column":25},"end":{"line":170,"column":78}},"39":{"start":{"line":172,"column":10},"end":{"line":172,"column":59}},"40":{"start":{"line":173,"column":8},"end":{"line":175,"column":9}},"41":{"start":{"line":174,"column":10},"end":{"line":174,"column":44}},"42":{"start":{"line":178,"column":6},"end":{"line":185,"column":8}},"43":{"start":{"line":187,"column":64},"end":{"line":187,"column":76}},"44":{"start":{"line":190,"column":6},"end":{"line":192,"column":37}},"45":{"start":{"line":193,"column":18},"end":{"line":196,"column":5}},"46":{"start":{"line":198,"column":25},"end":{"line":201,"column":5}},"47":{"start":{"line":202,"column":4},"end":{"line":212,"column":5}},"48":{"start":{"line":203,"column":33},"end":{"line":203,"column":56}},"49":{"start":{"line":204,"column":6},"end":{"line":211,"column":8}},"50":{"start":{"line":214,"column":4},"end":{"line":218,"column":6}}},"fnMap":{"0":{"name":"(anonymous_0)","decl":{"start":{"line":28,"column":2},"end":{"line":28,"column":3}},"loc":{"start":{"line":31,"column":4},"end":{"line":31,"column":6}},"line":31},"1":{"name":"(anonymous_1)","decl":{"start":{"line":33,"column":2},"end":{"line":33,"column":3}},"loc":{"start":{"line":33,"column":79},"end":{"line":62,"column":3}},"line":33},"2":{"name":"(anonymous_2)","decl":{"start":{"line":46,"column":6},"end":{"line":46,"column":7}},"loc":{"start":{"line":47,"column":8},"end":{"line":49,"column":50}},"line":47},"3":{"name":"(anonymous_3)","decl":{"start":{"line":60,"column":6},"end":{"line":60,"column":7}},"loc":{"start":{"line":60,"column":25},"end":{"line":60,"column":80}},"line":60},"4":{"name":"(anonymous_4)","decl":{"start":{"line":64,"column":2},"end":{"line":64,"column":3}},"loc":{"start":{"line":68,"column":20},"end":{"line":107,"column":3}},"line":68},"5":{"name":"(anonymous_5)","decl":{"start":{"line":109,"column":2},"end":{"line":109,"column":3}},"loc":{"start":{"line":113,"column":48},"end":{"line":134,"column":3}},"line":113},"6":{"name":"(anonymous_6)","decl":{"start":{"line":136,"column":2},"end":{"line":136,"column":3}},"loc":{"start":{"line":143,"column":49},"end":{"line":219,"column":3}},"line":143},"7":{"name":"(anonymous_7)","decl":{"start":{"line":150,"column":54},"end":{"line":150,"column":55}},"loc":{"start":{"line":150,"column":76},"end":{"line":152,"column":5}},"line":150},"8":{"name":"(anonymous_8)","decl":{"start":{"line":169,"column":25},"end":{"line":169,"column":26}},"loc":{"start":{"line":169,"column":40},"end":{"line":176,"column":7}},"line":169}},"branchMap":{"0":{"loc":{"start":{"line":39,"column":4},"end":{"line":41,"column":5}},"type":"if","locations":[{"start":{"line":39,"column":4},"end":{"line":41,"column":5}},{"start":{},"end":{}}],"line":39},"1":{"loc":{"start":{"line":43,"column":6},"end":{"line":44,"column":21}},"type":"binary-expr","locations":[{"start":{"line":43,"column":6},"end":{"line":43,"column":77}},{"start":{"line":44,"column":6},"end":{"line":44,"column":21}}],"line":43},"2":{"loc":{"start":{"line":47,"column":8},"end":{"line":49,"column":50}},"type":"binary-expr","locations":[{"start":{"line":47,"column":8},"end":{"line":47,"column":39}},{"start":{"line":48,"column":8},"end":{"line":48,"column":40}},{"start":{"line":49,"column":8},"end":{"line":49,"column":50}}],"line":47},"3":{"loc":{"start":{"line":51,"column":4},"end":{"line":56,"column":5}},"type":"if","locations":[{"start":{"line":51,"column":4},"end":{"line":56,"column":5}},{"start":{},"end":{}}],"line":51},"4":{"loc":{"start":{"line":74,"column":4},"end":{"line":86,"column":5}},"type":"if","locations":[{"start":{"line":74,"column":4},"end":{"line":86,"column":5}},{"start":{},"end":{}}],"line":74},"5":{"loc":{"start":{"line":88,"column":4},"end":{"line":93,"column":5}},"type":"if","locations":[{"start":{"line":88,"column":4},"end":{"line":93,"column":5}},{"start":{},"end":{}}],"line":88},"6":{"loc":{"start":{"line":121,"column":4},"end":{"line":125,"column":5}},"type":"if","locations":[{"start":{"line":121,"column":4},"end":{"line":125,"column":5}},{"start":{},"end":{}}],"line":121},"7":{"loc":{"start":{"line":144,"column":43},"end":{"line":148,"column":53}},"type":"cond-expr","locations":[{"start":{"line":147,"column":8},"end":{"line":147,"column":33}},{"start":{"line":148,"column":8},"end":{"line":148,"column":53}}],"line":144},"8":{"loc":{"start":{"line":154,"column":4},"end":{"line":164,"column":5}},"type":"if","locations":[{"start":{"line":154,"column":4},"end":{"line":164,"column":5}},{"start":{},"end":{}}],"line":154},"9":{"loc":{"start":{"line":155,"column":6},"end":{"line":159,"column":7}},"type":"if","locations":[{"start":{"line":155,"column":6},"end":{"line":159,"column":7}},{"start":{},"end":{}}],"line":155},"10":{"loc":{"start":{"line":167,"column":4},"end":{"line":186,"column":5}},"type":"if","locations":[{"start":{"line":167,"column":4},"end":{"line":186,"column":5}},{"start":{},"end":{}}],"line":167},"11":{"loc":{"start":{"line":173,"column":8},"end":{"line":175,"column":9}},"type":"if","locations":[{"start":{"line":173,"column":8},"end":{"line":175,"column":9}},{"start":{},"end":{}}],"line":173},"12":{"loc":{"start":{"line":190,"column":6},"end":{"line":192,"column":37}},"type":"cond-expr","locations":[{"start":{"line":191,"column":10},"end":{"line":191,"column":35}},{"start":{"line":192,"column":10},"end":{"line":192,"column":37}}],"line":190},"13":{"loc":{"start":{"line":202,"column":4},"end":{"line":212,"column":5}},"type":"if","locations":[{"start":{"line":202,"column":4},"end":{"line":212,"column":5}},{"start":{},"end":{}}],"line":202}},"s":{"0":52,"1":52,"2":52,"3":3,"4":49,"5":49,"6":100,"7":49,"8":4,"9":45,"10":106,"11":106,"12":106,"13":3,"14":2,"15":1,"16":103,"17":26,"18":77,"19":77,"20":74,"21":2,"22":2,"23":2,"24":1,"25":1,"26":79,"27":79,"28":84,"29":79,"30":79,"31":12,"32":1,"33":12,"34":67,"35":65,"36":0,"37":0,"38":0,"39":0,"40":0,"41":0,"42":0,"43":65,"44":65,"45":65,"46":64,"47":64,"48":1,"49":1,"50":63},"f":{"0":67,"1":52,"2":100,"3":106,"4":106,"5":2,"6":79,"7":84,"8":0},"b":{"0":[3,49],"1":[49,14],"2":[100,85,61],"3":[4,45],"4":[3,103],"5":[26,77],"6":[1,1],"7":[65,14],"8":[12,67],"9":[1,11],"10":[0,65],"11":[0,0],"12":[11,54],"13":[1,63]},"_coverageSchema":"1a1c01bbd47fc00a2c39e90264f33305004495a9","hash":"f96c408c3f9ba5f4f9267e4be613a105015c59f4"}
,"/Users/ataing/Documents/studio-prototype/packages/studio-plugin/src/parsers/FileMetadataParser.ts": {"path":"/Users/ataing/Documents/studio-prototype/packages/studio-plugin/src/parsers/FileMetadataParser.ts","statementMap":{"0":{"start":{"line":20,"column":4},"end":{"line":20,"column":73}},"1":{"start":{"line":21,"column":4},"end":{"line":21,"column":71}},"2":{"start":{"line":22,"column":4},"end":{"line":24,"column":6}},"3":{"start":{"line":36,"column":22},"end":{"line":36,"column":49}},"4":{"start":{"line":37,"column":25},"end":{"line":37,"column":58}},"5":{"start":{"line":39,"column":4},"end":{"line":43,"column":6}},"6":{"start":{"line":54,"column":4},"end":{"line":54,"column":76}},"7":{"start":{"line":64,"column":26},"end":{"line":64,"column":68}},"8":{"start":{"line":65,"column":4},"end":{"line":67,"column":5}},"9":{"start":{"line":66,"column":6},"end":{"line":66,"column":16}},"10":{"start":{"line":69,"column":4},"end":{"line":69,"column":66}}},"fnMap":{"0":{"name":"(anonymous_0)","decl":{"start":{"line":19,"column":2},"end":{"line":19,"column":3}},"loc":{"start":{"line":19,"column":62},"end":{"line":25,"column":3}},"line":19},"1":{"name":"(anonymous_1)","decl":{"start":{"line":33,"column":2},"end":{"line":33,"column":3}},"loc":{"start":{"line":35,"column":76},"end":{"line":44,"column":3}},"line":35},"2":{"name":"(anonymous_2)","decl":{"start":{"line":53,"column":2},"end":{"line":53,"column":3}},"loc":{"start":{"line":53,"column":74},"end":{"line":55,"column":3}},"line":53},"3":{"name":"(anonymous_3)","decl":{"start":{"line":63,"column":2},"end":{"line":63,"column":3}},"loc":{"start":{"line":63,"column":76},"end":{"line":70,"column":3}},"line":63}},"branchMap":{"0":{"loc":{"start":{"line":41,"column":10},"end":{"line":41,"column":42}},"type":"binary-expr","locations":[{"start":{"line":41,"column":10},"end":{"line":41,"column":22}},{"start":{"line":41,"column":26},"end":{"line":41,"column":42}}],"line":41},"1":{"loc":{"start":{"line":65,"column":4},"end":{"line":67,"column":5}},"type":"if","locations":[{"start":{"line":65,"column":4},"end":{"line":67,"column":5}},{"start":{},"end":{}}],"line":65}},"s":{"0":33,"1":33,"2":33,"3":34,"4":30,"5":29,"6":30,"7":34,"8":34,"9":13,"10":21},"f":{"0":33,"1":34,"2":30,"3":34},"b":{"0":[29,5],"1":[13,21]},"_coverageSchema":"1a1c01bbd47fc00a2c39e90264f33305004495a9","hash":"ea80f7d9dae6a0343edd6786791e2132883596e3"}
,"/Users/ataing/Documents/studio-prototype/packages/studio-plugin/src/parsers/GetPathParser.ts": {"path":"/Users/ataing/Documents/studio-prototype/packages/studio-plugin/src/parsers/GetPathParser.ts","statementMap":{"0":{"start":{"line":15,"column":21},"end":{"line":21,"column":10}},"1":{"start":{"line":37,"column":23},"end":{"line":37,"column":49}},"2":{"start":{"line":38,"column":4},"end":{"line":40,"column":5}},"3":{"start":{"line":39,"column":6},"end":{"line":39,"column":13}},"4":{"start":{"line":41,"column":23},"end":{"line":41,"column":72}},"5":{"start":{"line":42,"column":4},"end":{"line":44,"column":5}},"6":{"start":{"line":43,"column":6},"end":{"line":43,"column":13}},"7":{"start":{"line":45,"column":28},"end":{"line":45,"column":38}},"8":{"start":{"line":46,"column":4},"end":{"line":48,"column":5}},"9":{"start":{"line":47,"column":6},"end":{"line":47,"column":29}},"10":{"start":{"line":57,"column":28},"end":{"line":57,"column":54}},"11":{"start":{"line":58,"column":4},"end":{"line":62,"column":5}},"12":{"start":{"line":59,"column":6},"end":{"line":61,"column":8}},"13":{"start":{"line":63,"column":4},"end":{"line":66,"column":5}},"14":{"start":{"line":64,"column":20},"end":{"line":64,"column":73}},"15":{"start":{"line":65,"column":6},"end":{"line":65,"column":46}},"16":{"start":{"line":67,"column":17},"end":{"line":67,"column":47}},"17":{"start":{"line":68,"column":4},"end":{"line":70,"column":5}},"18":{"start":{"line":69,"column":6},"end":{"line":69,"column":13}},"19":{"start":{"line":71,"column":4},"end":{"line":73,"column":5}},"20":{"start":{"line":72,"column":6},"end":{"line":72,"column":36}},"21":{"start":{"line":74,"column":4},"end":{"line":74,"column":36}},"22":{"start":{"line":81,"column":4},"end":{"line":81,"column":79}},"23":{"start":{"line":85,"column":29},"end":{"line":87,"column":5}},"24":{"start":{"line":88,"column":4},"end":{"line":92,"column":5}},"25":{"start":{"line":89,"column":30},"end":{"line":89,"column":49}},"26":{"start":{"line":90,"column":26},"end":{"line":90,"column":60}},"27":{"start":{"line":91,"column":6},"end":{"line":91,"column":45}},"28":{"start":{"line":96,"column":4},"end":{"line":98,"column":5}},"29":{"start":{"line":97,"column":6},"end":{"line":97,"column":18}},"30":{"start":{"line":99,"column":4},"end":{"line":106,"column":5}},"31":{"start":{"line":100,"column":27},"end":{"line":100,"column":76}},"32":{"start":{"line":101,"column":20},"end":{"line":104,"column":7}},"33":{"start":{"line":105,"column":6},"end":{"line":105,"column":19}}},"fnMap":{"0":{"name":"(anonymous_0)","decl":{"start":{"line":29,"column":2},"end":{"line":29,"column":3}},"loc":{"start":{"line":29,"column":70},"end":{"line":29,"column":72}},"line":29},"1":{"name":"(anonymous_1)","decl":{"start":{"line":36,"column":2},"end":{"line":36,"column":3}},"loc":{"start":{"line":36,"column":46},"end":{"line":49,"column":3}},"line":36},"2":{"name":"(anonymous_2)","decl":{"start":{"line":56,"column":2},"end":{"line":56,"column":3}},"loc":{"start":{"line":56,"column":48},"end":{"line":75,"column":3}},"line":56},"3":{"name":"(anonymous_3)","decl":{"start":{"line":80,"column":2},"end":{"line":80,"column":3}},"loc":{"start":{"line":80,"column":73},"end":{"line":82,"column":3}},"line":80},"4":{"name":"(anonymous_4)","decl":{"start":{"line":84,"column":2},"end":{"line":84,"column":3}},"loc":{"start":{"line":84,"column":60},"end":{"line":93,"column":3}},"line":84},"5":{"name":"(anonymous_5)","decl":{"start":{"line":95,"column":2},"end":{"line":95,"column":3}},"loc":{"start":{"line":95,"column":60},"end":{"line":107,"column":3}},"line":95}},"branchMap":{"0":{"loc":{"start":{"line":38,"column":4},"end":{"line":40,"column":5}},"type":"if","locations":[{"start":{"line":38,"column":4},"end":{"line":40,"column":5}},{"start":{},"end":{}}],"line":38},"1":{"loc":{"start":{"line":42,"column":4},"end":{"line":44,"column":5}},"type":"if","locations":[{"start":{"line":42,"column":4},"end":{"line":44,"column":5}},{"start":{},"end":{}}],"line":42},"2":{"loc":{"start":{"line":46,"column":4},"end":{"line":48,"column":5}},"type":"if","locations":[{"start":{"line":46,"column":4},"end":{"line":48,"column":5}},{"start":{},"end":{}}],"line":46},"3":{"loc":{"start":{"line":58,"column":4},"end":{"line":62,"column":5}},"type":"if","locations":[{"start":{"line":58,"column":4},"end":{"line":62,"column":5}},{"start":{},"end":{}}],"line":58},"4":{"loc":{"start":{"line":63,"column":4},"end":{"line":66,"column":5}},"type":"if","locations":[{"start":{"line":63,"column":4},"end":{"line":66,"column":5}},{"start":{},"end":{}}],"line":63},"5":{"loc":{"start":{"line":65,"column":13},"end":{"line":65,"column":45}},"type":"binary-expr","locations":[{"start":{"line":65,"column":13},"end":{"line":65,"column":18}},{"start":{"line":65,"column":22},"end":{"line":65,"column":45}}],"line":65},"6":{"loc":{"start":{"line":68,"column":4},"end":{"line":70,"column":5}},"type":"if","locations":[{"start":{"line":68,"column":4},"end":{"line":70,"column":5}},{"start":{},"end":{}}],"line":68},"7":{"loc":{"start":{"line":71,"column":4},"end":{"line":73,"column":5}},"type":"if","locations":[{"start":{"line":71,"column":4},"end":{"line":73,"column":5}},{"start":{},"end":{}}],"line":71},"8":{"loc":{"start":{"line":88,"column":4},"end":{"line":92,"column":5}},"type":"if","locations":[{"start":{"line":88,"column":4},"end":{"line":92,"column":5}},{"start":{},"end":{}}],"line":88},"9":{"loc":{"start":{"line":96,"column":4},"end":{"line":98,"column":5}},"type":"if","locations":[{"start":{"line":96,"column":4},"end":{"line":98,"column":5}},{"start":{},"end":{}}],"line":96},"10":{"loc":{"start":{"line":99,"column":4},"end":{"line":106,"column":5}},"type":"if","locations":[{"start":{"line":99,"column":4},"end":{"line":106,"column":5}},{"start":{},"end":{}}],"line":99}},"s":{"0":17,"1":17,"2":15,"3":2,"4":13,"5":13,"6":0,"7":13,"8":13,"9":13,"10":21,"11":21,"12":2,"13":19,"14":2,"15":2,"16":17,"17":17,"18":0,"19":17,"20":13,"21":4,"22":28,"23":15,"24":15,"25":14,"26":14,"27":14,"28":18,"29":15,"30":3,"31":2,"32":2,"33":2},"f":{"0":61,"1":17,"2":21,"3":28,"4":15,"5":18},"b":{"0":[2,13],"1":[0,13],"2":[13,0],"3":[2,19],"4":[2,17],"5":[2,2],"6":[0,17],"7":[13,4],"8":[14,1],"9":[15,3],"10":[2,1]},"_coverageSchema":"1a1c01bbd47fc00a2c39e90264f33305004495a9","hash":"88549709320bf9e875b1b2e0211abb7e063708ac"}
[...]
":156,"column":9}}],"line":146},"13":{"loc":{"start":{"line":161,"column":6},"end":{"line":163,"column":24}},"type":"cond-expr","locations":[{"start":{"line":162,"column":10},"end":{"line":162,"column":34}},{"start":{"line":163,"column":10},"end":{"line":163,"column":24}}],"line":161},"14":{"loc":{"start":{"line":161,"column":6},"end":{"line":161,"column":73}},"type":"binary-expr","locations":[{"start":{"line":161,"column":6},"end":{"line":161,"column":25}},{"start":{"line":161,"column":29},"end":{"line":161,"column":73}}],"line":161},"15":{"loc":{"start":{"line":174,"column":4},"end":{"line":176,"column":5}},"type":"if","locations":[{"start":{"line":174,"column":4},"end":{"line":176,"column":5}},{"start":{},"end":{}}],"line":174},"16":{"loc":{"start":{"line":177,"column":4},"end":{"line":180,"column":5}},"type":"if","locations":[{"start":{"line":177,"column":4},"end":{"line":180,"column":5}},{"start":{},"end":{}}],"line":177},"17":{"loc":{"start":{"line":185,"column":6},"end":{"line":202,"column":7}},"type":"if","locations":[{"start":{"line":185,"column":6},"end":{"line":202,"column":7}},{"start":{"line":187,"column":13},"end":{"line":202,"column":7}}],"line":185},"18":{"loc":{"start":{"line":187,"column":13},"end":{"line":202,"column":7}},"type":"if","locations":[{"start":{"line":187,"column":13},"end":{"line":202,"column":7}},{"start":{"line":200,"column":13},"end":{"line":202,"column":7}}],"line":187},"19":{"loc":{"start":{"line":191,"column":12},"end":{"line":193,"column":13}},"type":"if","locations":[{"start":{"line":191,"column":12},"end":{"line":193,"column":13}},{"start":{},"end":{}}],"line":191},"20":{"loc":{"start":{"line":259,"column":6},"end":{"line":267,"column":7}},"type":"if","locations":[{"start":{"line":259,"column":6},"end":{"line":267,"column":7}},{"start":{"line":265,"column":13},"end":{"line":267,"column":7}}],"line":259},"21":{"loc":{"start":{"line":269,"column":30},"end":{"line":273,"column":21}},"type":"cond-expr","locations":[{"start":{"line":272,"column":8},"end":{"line":272,"column":79}},{"start":{"line":273,"column":8},"end":{"line":273,"column":21}}],"line":269},"22":{"loc":{"start":{"line":276,"column":4},"end":{"line":289,"column":5}},"type":"if","locations":[{"start":{"line":276,"column":4},"end":{"line":289,"column":5}},{"start":{},"end":{}}],"line":276},"23":{"loc":{"start":{"line":278,"column":6},"end":{"line":280,"column":7}},"type":"if","locations":[{"start":{"line":278,"column":6},"end":{"line":280,"column":7}},{"start":{},"end":{}}],"line":278},"24":{"loc":{"start":{"line":281,"column":6},"end":{"line":288,"column":7}},"type":"if","locations":[{"start":{"line":281,"column":6},"end":{"line":288,"column":7}},{"start":{},"end":{}}],"line":281},"25":{"loc":{"start":{"line":281,"column":10},"end":{"line":281,"column":58}},"type":"binary-expr","locations":[{"start":{"line":281,"column":10},"end":{"line":281,"column":19}},{"start":{"line":281,"column":23},"end":{"line":281,"column":58}}],"line":281},"26":{"loc":{"start":{"line":304,"column":4},"end":{"line":306,"column":5}},"type":"if","locations":[{"start":{"line":304,"column":4},"end":{"line":306,"column":5}},{"start":{},"end":{}}],"line":304},"27":{"loc":{"start":{"line":304,"column":8},"end":{"line":304,"column":32}},"type":"binary-expr","locations":[{"start":{"line":304,"column":8},"end":{"line":304,"column":16}},{"start":{"line":304,"column":20},"end":{"line":304,"column":32}}],"line":304},"28":{"loc":{"start":{"line":309,"column":4},"end":{"line":311,"column":5}},"type":"if","locations":[{"start":{"line":309,"column":4},"end":{"line":311,"column":5}},{"start":{},"end":{}}],"line":309},"29":{"loc":{"start":{"line":313,"column":4},"end":{"line":315,"column":5}},"type":"if","locations":[{"start":{"line":313,"column":4},"end":{"line":315,"column":5}},{"start":{},"end":{}}],"line":313}},"s":{"0":3,"1":3,"2":3,"3":3,"4":3,"5":3,"6":3,"7":3,"8":3,"9":3,"10":40,"11":40,"12":30,"13":30,"14":30,"15":1,"16":29,"17":4,"18":25,"19":40,"20":84,"21":40,"22":40,"23":8,"24":8,"25":32,"26":2,"27":7,"28":7,"29":7,"30":2,"31":30,"32":2,"33":2,"34":28,"35":69,"36":69,"37":38,"38":32,"39":48,"40":2,"41":46,"42":6,"43":40,"44":2,"45":2,"46":38,"47":36,"48":2,"49":32,"50":32,"51":32,"52":41,"53":35,"54":41,"55":35,"56":41,"57":32,"58":32,"59":7,"60":12,"61":2,"62":10,"63":1,"64":2,"65":2,"66":2,"67":2,"68":2,"69":1,"70":9,"71":7,"72":7,"73":7,"74":10,"75":10,"76":7,"77":7,"78":2,"79":41,"80":41,"81":3,"82":3,"83":0,"84":41,"85":41,"86":41,"87":10,"88":10,"89":2,"90":10,"91":7,"92":7,"93":41,"94":41,"95":41,"96":10,"97":4,"98":6,"99":6,"100":6,"101":6,"102":2,"103":6},"f":{"0":84,"1":3,"2":3,"3":40,"4":30,"5":40,"6":7,"7":69,"8":38,"9":32,"10":48,"11":41,"12":35,"13":7,"14":12,"15":2,"16":7,"17":10,"18":2,"19":41,"20":10},"b":{"0":[2,1],"1":[1,29],"2":[4,25],"3":[8,32],"4":[2,30],"5":[2,28],"6":[30,4],"7":[69,22],"8":[69,27],"9":[2,46],"10":[6,40],"11":[2,38],"12":[36,2],"13":[3,29],"14":[32,30],"15":[35,6],"16":[32,9],"17":[2,10],"18":[1,9],"19":[2,0],"20":[3,0],"21":[0,41],"22":[10,31],"23":[2,8],"24":[7,3],"25":[10,7],"26":[4,6],"27":[10,4],"28":[6,0],"29":[2,4]},"_coverageSchema":"1a1c01bbd47fc00a2c39e90264f33305004495a9","hash":"2ba697eaa311cd8d24debf1e319614adb54efd3d"}
,"/Users/ataing/Documents/studio-prototype/packages/studio-plugin/src/writers/StudioSourceFileWriter.ts": {"path":"/Users/ataing/Documents/studio-prototype/packages/studio-plugin/src/writers/StudioSourceFileWriter.ts","statementMap":{"0":{"start":{"line":26,"column":4},"end":{"line":28,"column":5}},"1":{"start":{"line":27,"column":6},"end":{"line":27,"column":44}},"2":{"start":{"line":29,"column":4},"end":{"line":29,"column":61}},"3":{"start":{"line":38,"column":4},"end":{"line":40,"column":7}},"4":{"start":{"line":47,"column":28},"end":{"line":47,"column":43}},"5":{"start":{"line":48,"column":4},"end":{"line":48,"column":53}},"6":{"start":{"line":65,"column":67},"end":{"line":70,"column":7}},"7":{"start":{"line":67,"column":32},"end":{"line":70,"column":5}},"8":{"start":{"line":71,"column":4},"end":{"line":71,"column":54}},"9":{"start":{"line":72,"column":4},"end":{"line":77,"column":7}},"10":{"start":{"line":73,"column":6},"end":{"line":76,"column":9}},"11":{"start":{"line":78,"column":4},"end":{"line":78,"column":40}},"12":{"start":{"line":79,"column":4},"end":{"line":83,"column":7}},"13":{"start":{"line":80,"column":6},"end":{"line":82,"column":9}},"14":{"start":{"line":84,"column":4},"end":{"line":84,"column":38}},"15":{"start":{"line":99,"column":52},"end":{"line":99,"column":62}},"16":{"start":{"line":100,"column":30},"end":{"line":102,"column":5}},"17":{"start":{"line":101,"column":13},"end":{"line":101,"column":51}},"18":{"start":{"line":103,"column":4},"end":{"line":112,"column":5}},"19":{"start":{"line":104,"column":6},"end":{"line":104,"column":70}},"20":{"start":{"line":105,"column":6},"end":{"line":105,"column":73}},"21":{"start":{"line":107,"column":6},"end":{"line":111,"column":9}},"22":{"start":{"line":129,"column":30},"end":{"line":129,"column":72}},"23":{"start":{"line":130,"column":4},"end":{"line":130,"column":32}},"24":{"start":{"line":132,"column":6},"end":{"line":134,"column":31}},"25":{"start":{"line":135,"column":4},"end":{"line":139,"column":7}},"26":{"start":{"line":155,"column":33},"end":{"line":155,"column":67}},"27":{"start":{"line":156,"column":4},"end":{"line":156,"column":35}},"28":{"start":{"line":158,"column":6},"end":{"line":160,"column":31}},"29":{"start":{"line":161,"column":4},"end":{"line":165,"column":7}},"30":{"start":{"line":186,"column":4},"end":{"line":186,"column":50}},"31":{"start":{"line":187,"column":4},"end":{"line":192,"column":5}},"32":{"start":{"line":188,"column":6},"end":{"line":191,"column":9}},"33":{"start":{"line":196,"column":4},"end":{"line":199,"column":7}},"34":{"start":{"line":203,"column":4},"end":{"line":218,"column":6}},"35":{"start":{"line":205,"column":36},"end":{"line":205,"column":41}},"36":{"start":{"line":206,"column":8},"end":{"line":211,"column":9}},"37":{"start":{"line":207,"column":10},"end":{"line":210,"column":12}},"38":{"start":{"line":214,"column":35},"end":{"line":214,"column":50}},"39":{"start":{"line":215,"column":8},"end":{"line":215,"column":67}},"40":{"start":{"line":216,"column":8},"end":{"line":216,"column":19}},"41":{"start":{"line":228,"column":4},"end":{"line":236,"column":5}},"42":{"start":{"line":231,"column":8},"end":{"line":231,"column":28}},"43":{"start":{"line":233,"column":8},"end":{"line":233,"column":58}},"44":{"start":{"line":235,"column":8},"end":{"line":235,"column":32}},"45":{"start":{"line":246,"column":4},"end":{"line":246,"column":42}},"46":{"start":{"line":247,"column":4},"end":{"line":250,"column":7}}},"fnMap":{"0":{"name":"(anonymous_0)","decl":{"start":{"line":25,"column":2},"end":{"line":25,"column":3}},"loc":{"start":{"line":25,"column":58},"end":{"line":30,"column":3}},"line":25},"1":{"name":"(anonymous_1)","decl":{"start":{"line":37,"column":2},"end":{"line":37,"column":3}},"loc":{"start":{"line":37,"column":21},"end":{"line":41,"column":3}},"line":37},"2":{"name":"(anonymous_2)","decl":{"start":{"line":46,"column":2},"end":{"line":46,"column":3}},"loc":{"start":{"line":46,"column":22},"end":{"line":49,"column":3}},"line":46},"3":{"name":"(anonymous_3)","decl":{"start":{"line":60,"column":2},"end":{"line":60,"column":3}},"loc":{"start":{"line":64,"column":4},"end":{"line":85,"column":3}},"line":64},"4":{"name":"(anonymous_4)","decl":{"start":{"line":67,"column":10},"end":{"line":67,"column":11}},"loc":{"start":{"line":67,"column":32},"end":{"line":70,"column":5}},"line":67},"5":{"name":"(anonymous_5)","decl":{"start":{"line":72,"column":28},"end":{"line":72,"column":29}},"loc":{"start":{"line":72,"column":59},"end":{"line":77,"column":5}},"line":72},"6":{"name":"(anonymous_6)","decl":{"start":{"line":79,"column":24},"end":{"line":79,"column":25}},"loc":{"start":{"line":79,"column":42},"end":{"line":83,"column":5}},"line":79},"7":{"name":"(anonymous_7)","decl":{"start":{"line":94,"column":2},"end":{"line":94,"column":3}},"loc":{"start":{"line":98,"column":11},"end":{"line":113,"column":3}},"line":98},"8":{"name":"(anonymous_8)","decl":{"start":{"line":101,"column":6},"end":{"line":101,"column":7}},"loc":{"start":{"line":101,"column":13},"end":{"line":101,"column":51}},"line":101},"9":{"name":"(anonymous_9)","decl":{"start":{"line":124,"column":2},"end":{"line":124,"column":3}},"loc":{"start":{"line":128,"column":10},"end":{"line":140,"column":3}},"line":128},"10":{"name":"(anonymous_10)","decl":{"start":{"line":151,"column":2},"end":{"line":151,"column":3}},"loc":{"start":{"line":154,"column":10},"end":{"line":166,"column":3}},"line":154},"11":{"name":"(anonymous_11)","decl":{"start":{"line":180,"column":2},"end":{"line":180,"column":3}},"loc":{"start":{"line":185,"column":10},"end":{"line":193,"column":3}},"line":185},"12":{"name":"(anonymous_12)","decl":{"start":{"line":195,"column":2},"end":{"line":195,"column":3}},"loc":{"start":{"line":195,"column":59},"end":{"line":200,"column":3}},"line":195},"13":{"name":"(anonymous_13)","decl":{"start":{"line":202,"column":2},"end":{"line":202,"column":3}},"loc":{"start":{"line":202,"column":68},"end":{"line":219,"column":3}},"line":202},"14":{"name":"(anonymous_14)","decl":{"start":{"line":204,"column":35},"end":{"line":204,"column":36}},"loc":{"start":{"line":204,"column":51},"end":{"line":217,"column":7}},"line":204},"15":{"name":"(anonymous_15)","decl":{"start":{"line":224,"column":2},"end":{"line":224,"column":3}},"loc":{"start":{"line":227,"column":39},"end":{"line":237,"column":3}},"line":227},"16":{"name":"(anonymous_16)","decl":{"start":{"line":245,"column":2},"end":{"line":245,"column":3}},"loc":{"start":{"line":245,"column":68},"end":{"line":251,"column":3}},"line":245}},"branchMap":{"0":{"loc":{"start":{"line":26,"column":4},"end":{"line":28,"column":5}},"type":"if","locations":[{"start":{"line":26,"column":4},"end":{"line":28,"column":5}},{"start":{},"end":{}}],"line":26},"1":{"loc":{"start":{"line":103,"column":4},"end":{"line":112,"column":5}},"type":"if","locations":[{"start":{"line":103,"column":4},"end":{"line":112,"column":5}},{"start":{"line":106,"column":11},"end":{"line":112,"column":5}}],"line":103},"2":{"loc":{"start":{"line":104,"column":6},"end":{"line":104,"column":69}},"type":"binary-expr","locations":[{"start":{"line":104,"column":6},"end":{"line":104,"column":18}},{"start":{"line":104,"column":22},"end":{"line":104,"column":69}}],"line":104},"3":{"loc":{"start":{"line":105,"column":6},"end":{"line":105,"column":72}},"type":"binary-expr","locations":[{"start":{"line":105,"column":6},"end":{"line":105,"column":19}},{"start":{"line":105,"column":23},"end":{"line":105,"column":72}}],"line":105},"4":{"loc":{"start":{"line":132,"column":6},"end":{"line":134,"column":31}},"type":"binary-expr","locations":[{"start":{"line":132,"column":6},"end":{"line":134,"column":25}},{"start":{"line":134,"column":29},"end":{"line":134,"column":31}}],"line":132},"5":{"loc":{"start":{"line":158,"column":6},"end":{"line":160,"column":31}},"type":"binary-expr","locations":[{"start":{"line":158,"column":6},"end":{"line":160,"column":25}},{"start":{"line":160,"column":29},"end":{"line":160,"column":31}}],"line":158},"6":{"loc":{"start":{"line":184,"column":4},"end":{"line":184,"column":13}},"type":"default-arg","locations":[{"start":{"line":184,"column":12},"end":{"line":184,"column":13}}],"line":184},"7":{"loc":{"start":{"line":187,"column":4},"end":{"line":192,"column":5}},"type":"if","locations":[{"start":{"line":187,"column":4},"end":{"line":192,"column":5}},{"start":{},"end":{}}],"line":187},"8":{"loc":{"start":{"line":189,"column":14},"end":{"line":189,"column":79}},"type":"cond-expr","locations":[{"start":{"line":189,"column":40},"end":{"line":189,"column":68}},{"start":{"line":189,"column":71},"end":{"line":189,"column":79}}],"line":189},"9":{"loc":{"start":{"line":206,"column":8},"end":{"line":211,"column":9}},"type":"if","locations":[{"start":{"line":206,"column":8},"end":{"line":211,"column":9}},{"start":{},"end":{}}],"line":206},"10":{"loc":{"start":{"line":228,"column":4},"end":{"line":236,"column":5}},"type":"switch","locations":[{"start":{"line":229,"column":6},"end":{"line":229,"column":32}},{"start":{"line":230,"column":6},"end":{"line":231,"column":28}},{"start":{"line":232,"column":6},"end":{"line":233,"column":58}},{"start":{"line":234,"column":6},"end":{"line":235,"column":32}}],"line":228}},"s":{"0":92,"1":17,"2":92,"3":43,"4":43,"5":43,"6":41,"7":0,"8":41,"9":41,"10":0,"11":41,"12":41,"13":2,"14":41,"15":24,"16":24,"17":22,"18":24,"19":20,"20":20,"21":4,"22":14,"23":14,"24":14,"25":14,"26":7,"27":7,"28":7,"29":7,"30":17,"31":17,"32":12,"33":3,"34":6,"35":8,"36":8,"37":1,"38":7,"39":7,"40":7,"41":7,"42":4,"43":1,"44":2,"45":2,"46":2},"f":{"0":92,"1":43,"2":43,"3":41,"4":0,"5":0,"6":2,"7":24,"8":22,"9":14,"10":7,"11":17,"12":3,"13":6,"14":8,"15":7,"16":2},"b":{"0":[17,75],"1":[20,4],"2":[20,20],"3":[20,0],"4":[14,3],"5":[7,2],"6":[17],"7":[12,5],"8":[12,0],"9":[1,7],"10":[3,4,1,2]},"_coverageSchema":"1a1c01bbd47fc00a2c39e90264f33305004495a9","hash":"8bacad7ab890a8bf8026fc453895b53f70d1f402"}
,"/Users/ataing/Documents/studio-prototype/packages/studio-plugin/src/writers/TemplateConfigWriter.ts": {"path":"/Users/ataing/Documents/studio-prototype/packages/studio-plugin/src/writers/TemplateConfigWriter.ts","statementMap":{"0":{"start":{"line":16,"column":38},"end":{"line":16,"column":54}},"1":{"start":{"line":46,"column":6},"end":{"line":46,"column":69}},"2":{"start":{"line":47,"column":4},"end":{"line":51,"column":5}},"3":{"start":{"line":48,"column":6},"end":{"line":50,"column":8}},"4":{"start":{"line":53,"column":6},"end":{"line":53,"column":79}},"5":{"start":{"line":54,"column":4},"end":{"line":54,"column":50}},"6":{"start":{"line":70,"column":34},"end":{"line":70,"column":79}},"7":{"start":{"line":71,"column":30},"end":{"line":74,"column":5}},"8":{"start":{"line":76,"column":26},"end":{"line":76,"column":69}},"9":{"start":{"line":77,"column":22},"end":{"line":81,"column":66}},"10":{"start":{"line":79,"column":29},"end":{"line":79,"column":69}},"11":{"start":{"line":80,"column":32},"end":{"line":80,"column":72}},"12":{"start":{"line":81,"column":29},"end":{"line":81,"column":65}},"13":{"start":{"line":83,"column":4},"end":{"line":92,"column":6}},"14":{"start":{"line":109,"column":34},"end":{"line":112,"column":5}},"15":{"start":{"line":114,"column":30},"end":{"line":114,"column":67}},"16":{"start":{"line":115,"column":4},"end":{"line":119,"column":6}},"17":{"start":{"line":121,"column":4},"end":{"line":121,"column":67}},"18":{"start":{"line":128,"column":4},"end":{"line":128,"column":74}},"19":{"start":{"line":130,"column":25},"end":{"line":133,"column":5}},"20":{"start":{"line":134,"column":4},"end":{"line":137,"column":5}},"21":{"start":{"line":135,"column":6},"end":{"line":135,"column":65}},"22":{"start":{"line":136,"column":6},"end":{"line":136,"column":74}},"23":{"start":{"line":143,"column":4},"end":{"line":143,"column":39}}},"fnMap":{"0":{"name":"(anonymous_0)","decl":{"start":{"line":26,"column":2},"end":{"line":26,"column":3}},"loc":{"start":{"line":31,"column":4},"end":{"line":31,"column":6}},"line":31},"1":{"name":"(anonymous_1)","decl":{"start":{"line":41,"column":2},"end":{"line":41,"column":3}},"loc":{"start":{"line":44,"column":17},"end":{"line":55,"column":3}},"line":44},"2":{"name":"(anonymous_2)","decl":{"start":{"line":66,"column":2},"end":{"line":66,"column":3}},"loc":{"start":{"line":69,"column":20},"end":{"line":93,"column":3}},"line":69},"3":{"name":"(anonymous_3)","decl":{"start":{"line":79,"column":11},"end":{"line":79,"column":12}},"loc":{"start":{"line":79,"column":29},"end":{"line":79,"column":69}},"line":79},"4":{"name":"(anonymous_4)","decl":{"start":{"line":80,"column":14},"end":{"line":80,"column":15}},"loc":{"start":{"line":80,"column":32},"end":{"line":80,"column":72}},"line":80},"5":{"name":"(anonymous_5)","decl":{"start":{"line":81,"column":11},"end":{"line":81,"column":12}},"loc":{"start":{"line":81,"column":29},"end":{"line":81,"column":65}},"line":81},"6":{"name":"(anonymous_6)","decl":{"start":{"line":104,"column":2},"end":{"line":104,"column":3}},"loc":{"start":{"line":108,"column":4},"end":{"line":122,"column":3}},"line":108},"7":{"name":"(anonymous_7)","decl":{"start":{"line":124,"column":2},"end":{"line":124,"column":3}},"loc":{"start":{"line":127,"column":4},"end":{"line":138,"column":3}},"line":127},"8":{"name":"(anonymous_8)","decl":{"start":{"line":140,"column":2},"end":{"line":140,"column":3}},"loc":{"start":{"line":142,"column":37},"end":{"line":144,"column":3}},"line":142}},"branchMap":{"0":{"loc":{"start":{"line":47,"column":4},"end":{"line":51,"column":5}},"type":"if","locations":[{"start":{"line":47,"column":4},"end":{"line":51,"column":5}},{"start":{},"end":{}}],"line":47},"1":{"loc":{"start":{"line":76,"column":26},"end":{"line":76,"column":69}},"type":"binary-expr","locations":[{"start":{"line":76,"column":26},"end":{"line":76,"column":63}},{"start":{"line":76,"column":67},"end":{"line":76,"column":69}}],"line":76},"2":{"loc":{"start":{"line":80,"column":32},"end":{"line":80,"column":72}},"type":"binary-expr","locations":[{"start":{"line":80,"column":32},"end":{"line":80,"column":44}},{"start":{"line":80,"column":48},"end":{"line":80,"column":72}}],"line":80},"3":{"loc":{"start":{"line":134,"column":4},"end":{"line":137,"column":5}},"type":"if","locations":[{"start":{"line":134,"column":4},"end":{"line":137,"column":5}},{"start":{},"end":{}}],"line":134}},"s":{"0":17,"1":9,"2":9,"3":2,"4":9,"5":9,"6":9,"7":9,"8":9,"9":9,"10":19,"11":19,"12":19,"13":9,"14":9,"15":9,"16":9,"17":9,"18":9,"19":9,"20":9,"21":8,"22":8,"23":19},"f":{"0":48,"1":9,"2":9,"3":19,"4":19,"5":19,"6":9,"7":9,"8":19},"b":{"0":[2,7],"1":[9,3],"2":[19,19],"3":[8,1]},"_coverageSchema":"1a1c01bbd47fc00a2c39e90264f33305004495a9","hash":"84540901c3307c4cd8adbe9f9f1c7bed7313e12f"}
}
