TN:
SF:src/FileSystemManager.ts
FN:15,(anonymous_0)
FN:17,(anonymous_1)
FN:21,(anonymous_2)
FN:25,(anonymous_3)
FN:39,(anonymous_4)
FN:43,(anonymous_5)
FNF:6
FNH:2
FNDA:1,(anonymous_0)
FNDA:0,(anonymous_1)
FNDA:0,(anonymous_2)
FNDA:3,(anonymous_3)
FNDA:0,(anonymous_4)
FNDA:0,(anonymous_5)
DA:18,0
DA:22,0
DA:26,3
DA:27,1
DA:32,2
DA:33,2
DA:40,0
DA:44,0
LF:8
LH:4
BRDA:26,0,0,1
BRDA:26,0,1,2
BRF:2
BRH:2
end_of_record
TN:
SF:src/HmrManager.ts
FN:11,(anonymous_0)
FN:22,(anonymous_1)
FN:46,(anonymous_2)
FN:50,(anonymous_3)
FN:51,(anonymous_4)
FN:60,(anonymous_5)
FN:69,(anonymous_6)
FN:80,getHMRUpdateType
FN:88,(anonymous_8)
FNF:9
FNH:0
FNDA:0,(anonymous_0)
FNDA:0,(anonymous_1)
FNDA:0,(anonymous_2)
FNDA:0,(anonymous_3)
FNDA:0,(anonymous_4)
FNDA:0,(anonymous_5)
FNDA:0,(anonymous_6)
FNDA:0,getHMRUpdateType
FNDA:0,(anonymous_8)
DA:22,0
DA:23,0
DA:25,0
DA:26,0
DA:27,0
DA:29,0
DA:30,0
DA:31,0
DA:32,0
DA:33,0
DA:46,0
DA:47,0
DA:51,0
DA:52,0
DA:54,0
DA:61,0
DA:64,0
DA:65,0
DA:72,0
DA:73,0
DA:81,0
DA:87,0
DA:89,0
LF:23
LH:0
BRDA:26,0,0,0
BRDA:26,0,1,0
BRDA:64,1,0,0
BRDA:64,1,1,0
BRDA:88,2,0,0
BRDA:88,2,1,0
BRF:6
BRH:0
end_of_record
TN:
SF:src/LocalDataMappingManager.ts
FN:9,(anonymous_0)
FN:14,(anonymous_1)
FN:18,(anonymous_2)
FN:22,(anonymous_3)
FNF:4
FNH:3
FNDA:2,(anonymous_0)
FNDA:1,(anonymous_1)
FNDA:0,(anonymous_2)
FNDA:2,(anonymous_3)
DA:10,2
DA:11,2
DA:14,2
DA:15,1
DA:19,0
DA:23,2
DA:24,1
DA:28,1
DA:29,1
LF:9
LH:8
BRDA:23,0,0,1
BRDA:23,0,1,1
BRF:2
BRH:2
end_of_record
TN:
SF:src/ParsingOrchestrator.ts
FN:24,createTsMorphProject
FN:44,(anonymous_1)
FN:54,(anonymous_2)
FN:62,(anonymous_3)
FN:73,(anonymous_4)
FN:87,(anonymous_5)
FN:90,(anonymous_6)
FN:103,(anonymous_7)
FN:137,(anonymous_8)
FN:144,(anonymous_9)
FN:147,(anonymous_10)
FN:174,(anonymous_11)
FN:177,(anonymous_12)
FN:181,(anonymous_13)
FN:197,(anonymous_14)
FN:201,(anonymous_15)
FN:234,(anonymous_16)
FN:241,(anonymous_17)
FN:248,(anonymous_18)
FN:266,(anonymous_19)
FNF:20
FNH:18
FNDA:150,createTsMorphProject
FNDA:7,(anonymous_1)
FNDA:13,(anonymous_2)
FNDA:11,(anonymous_3)
FNDA:18,(anonymous_4)
FNDA:6,(anonymous_5)
FNDA:14,(anonymous_6)
FNDA:3,(anonymous_7)
FNDA:3,(anonymous_8)
FNDA:6,(anonymous_9)
FNDA:11,(anonymous_10)
FNDA:7,(anonymous_11)
FNDA:20,(anonymous_12)
FNDA:24,(anonymous_13)
FNDA:49,(anonymous_14)
FNDA:0,(anonymous_15)
FNDA:7,(anonymous_16)
FNDA:11,(anonymous_17)
FNDA:6,(anonymous_18)
FNDA:0,(anonymous_19)
DA:25,150
DA:37,7
DA:38,7
DA:49,7
DA:50,7
DA:51,7
DA:55,13
DA:56,13
DA:57,2
DA:59,11
DA:63,11
DA:64,11
DA:74,18
DA:75,18
DA:76,7
DA:78,11
DA:83,11
DA:84,11
DA:88,6
DA:91,14
DA:92,14
DA:94,6
DA:104,3
DA:106,3
DA:107,3
DA:110,3
DA:114,3
DA:116,3
DA:117,3
DA:118,3
DA:119,3
DA:124,0
DA:125,0
DA:127,0
DA:128,0
DA:129,0
DA:130,0
DA:131,0
DA:134,3
DA:138,3
DA:139,3
DA:141,3
DA:145,6
DA:146,6
DA:148,11
DA:150,11
DA:151,9
DA:153,2
DA:158,11
DA:166,6
DA:175,7
DA:177,7
DA:178,20
DA:179,4
DA:181,16
DA:182,24
DA:183,24
DA:184,6
DA:186,18
DA:191,7
DA:192,7
DA:194,7
DA:197,7
DA:198,49
DA:199,26
DA:201,23
DA:203,0
DA:210,23
DA:211,7
DA:212,7
DA:213,7
DA:214,0
DA:216,7
DA:219,16
DA:220,14
DA:221,14
DA:222,0
DA:224,14
DA:227,2
DA:228,2
DA:235,7
DA:236,1
DA:240,6
DA:241,6
DA:242,11
DA:243,11
DA:244,11
DA:249,6
DA:250,4
DA:253,2
DA:254,2
DA:259,2
DA:267,0
LF:93
LH:82
BRDA:56,0,0,2
BRDA:56,0,1,11
BRDA:75,1,0,7
BRDA:75,1,1,11
BRDA:106,2,0,3
BRDA:106,2,1,0
BRDA:110,3,0,3
BRDA:110,3,1,0
BRDA:111,4,0,3
BRDA:111,4,1,0
BRDA:114,5,0,3
BRDA:114,5,1,0
BRDA:118,6,0,3
BRDA:118,6,1,0
BRDA:124,7,0,0
BRDA:124,7,1,0
BRDA:127,8,0,0
BRDA:127,8,1,0
BRDA:130,9,0,0
BRDA:130,9,1,0
BRDA:138,10,0,3
BRDA:138,10,1,0
BRDA:150,11,0,9
BRDA:150,11,1,2
BRDA:178,12,0,4
BRDA:178,12,1,16
BRDA:183,13,0,6
BRDA:183,13,1,18
BRDA:198,14,0,26
BRDA:198,14,1,23
BRDA:210,15,0,7
BRDA:210,15,1,16
BRDA:213,16,0,0
BRDA:213,16,1,7
BRDA:219,17,0,14
BRDA:219,17,1,2
BRDA:221,18,0,0
BRDA:221,18,1,14
BRDA:235,19,0,1
BRDA:235,19,1,6
BRDA:249,20,0,4
BRDA:249,20,1,2
BRDA:253,21,0,2
BRDA:253,21,1,0
BRF:44
BRH:29
end_of_record
TN:
SF:src/VirtualModuleID.ts
FNF:0
FNH:0
LF:0
LH:0
BRF:0
BRH:0
end_of_record
TN:
SF:src/configureStudioServer.ts
FN:13,createConfigureStudioServer
FN:22,configureStudioServer
FNF:2
FNH:0
FNDA:0,createConfigureStudioServer
FNDA:0,configureStudioServer
DA:22,0
DA:23,0
DA:29,0
DA:30,0
LF:4
LH:0
BRF:0
BRH:0
end_of_record
TN:
SF:src/constants.ts
FNF:0
FNH:0
DA:3,18
DA:4,18
DA:5,18
DA:6,18
DA:7,18
DA:8,18
DA:9,18
DA:10,18
LF:8
LH:8
BRF:0
BRH:0
end_of_record
TN:
SF:src/createStudioPlugin.ts
FN:29,createStudioPlugin
FN:75,(anonymous_1)
FN:80,(anonymous_2)
FN:87,(anonymous_3)
FN:88,(anonymous_4)
FN:90,(anonymous_5)
FN:100,(anonymous_6)
FN:108,(anonymous_7)
FN:123,(anonymous_8)
FN:128,(anonymous_9)
FN:148,getProjectRoot
FNF:11
FNH:0
FNDA:0,createStudioPlugin
FNDA:0,(anonymous_1)
FNDA:0,(anonymous_2)
FNDA:0,(anonymous_3)
FNDA:0,(anonymous_4)
FNDA:0,(anonymous_5)
FNDA:0,(anonymous_6)
FNDA:0,(anonymous_7)
FNDA:0,(anonymous_8)
FNDA:0,(anonymous_9)
FNDA:0,getProjectRoot
DA:32,0
DA:35,0
DA:37,0
DA:39,0
DA:43,0
DA:52,0
DA:55,0
DA:56,0
DA:59,0
DA:64,0
DA:70,0
DA:75,0
DA:76,0
DA:77,0
DA:79,0
DA:80,0
DA:81,0
DA:85,0
DA:88,0
DA:89,0
DA:90,0
DA:91,0
DA:92,0
DA:93,0
DA:95,0
DA:100,0
DA:101,0
DA:102,0
DA:103,0
DA:104,0
DA:106,0
DA:109,0
DA:121,0
DA:124,0
DA:125,0
DA:129,0
DA:130,0
DA:132,0
DA:133,0
DA:134,0
DA:135,0
DA:149,0
DA:150,0
DA:151,0
DA:152,0
DA:154,0
LF:46
LH:0
BRDA:39,0,0,0
BRDA:39,0,1,0
BRDA:62,1,0,0
BRDA:62,1,1,0
BRDA:76,2,0,0
BRDA:76,2,1,0
BRDA:89,3,0,0
BRDA:89,3,1,0
BRDA:92,4,0,0
BRDA:92,4,1,0
BRDA:113,5,0,0
BRDA:113,5,1,0
BRDA:113,5,2,0
BRDA:124,6,0,0
BRDA:124,6,1,0
BRDA:124,7,0,0
BRDA:124,7,1,0
BRDA:129,8,0,0
BRDA:129,8,1,0
BRDA:132,9,0,0
BRDA:132,9,1,0
BRDA:134,10,0,0
BRDA:134,10,1,0
BRDA:149,11,0,0
BRDA:149,11,1,0
BRDA:151,12,0,0
BRDA:151,12,1,0
BRF:27
BRH:0
end_of_record
TN:
SF:src/startPagesDevelopmentServer.ts
FN:3,(anonymous_0)
FN:18,(anonymous_1)
FN:19,(anonymous_2)
FN:25,(anonymous_3)
FN:32,(anonymous_4)
FN:34,(anonymous_5)
FNF:6
FNH:0
FNDA:0,(anonymous_0)
FNDA:0,(anonymous_1)
FNDA:0,(anonymous_2)
FNDA:0,(anonymous_3)
FNDA:0,(anonymous_4)
FNDA:0,(anonymous_5)
DA:3,0
DA:4,0
DA:17,0
DA:18,0
DA:19,0
DA:20,0
DA:25,0
DA:26,0
DA:32,0
DA:33,0
DA:34,0
DA:35,0
DA:36,0
DA:37,0
DA:38,0
DA:39,0
DA:41,0
DA:46,0
LF:18
LH:0
BRDA:36,0,0,0
BRDA:36,0,1,0
BRDA:36,1,0,0
BRDA:36,1,1,0
BRDA:38,2,0,0
BRDA:38,2,1,0
BRF:6
BRH:0
end_of_record
TN:
SF:src/errors/FileIOError.ts
FNF:0
FNH:0
LF:0
LH:0
BRF:0
BRH:0
end_of_record
TN:
SF:src/errors/ParsingError.ts
FNF:0
FNH:0
LF:0
LH:0
BRF:0
BRH:0
end_of_record
TN:
SF:src/errors/StudioError.ts
FN:9,(anonymous_0)
FNF:1
FNH:1
FNDA:17,(anonymous_0)
DA:10,17
DA:11,17
DA:12,17
LF:3
LH:3
BRF:0
BRH:0
end_of_record
TN:
SF:src/errors/prettyPrintError.ts
FN:3,prettyPrintError
FNF:1
FNH:1
FNDA:15,prettyPrintError
DA:4,15
DA:5,15
DA:6,15
DA:8,15
DA:9,15
DA:10,15
LF:6
LH:6
BRDA:5,0,0,15
BRDA:5,0,1,0
BRDA:8,1,0,13
BRDA:8,1,1,2
BRF:4
BRH:3
end_of_record
TN:
SF:src/errors/tryUsingResult.ts
FN:5,tryUsingResult
FNF:1
FNH:1
FNDA:66,tryUsingResult
DA:10,66
DA:11,66
DA:13,15
DA:14,0
DA:17,15
DA:19,15
LF:6
LH:5
BRDA:13,0,0,0
BRDA:13,0,1,15
BRF:2
BRH:1
end_of_record
TN:
SF:src/git/GitWrapper.ts
FN:8,(anonymous_0)
FN:12,(anonymous_1)
FN:20,(anonymous_2)
FN:29,(anonymous_3)
FN:33,(anonymous_4)
FN:77,(anonymous_5)
FNF:6
FNH:5
FNDA:2,(anonymous_0)
FNDA:0,(anonymous_1)
FNDA:1,(anonymous_2)
FNDA:6,(anonymous_3)
FNDA:6,(anonymous_4)
FNDA:6,(anonymous_5)
DA:9,2
DA:13,0
DA:14,0
DA:15,0
DA:17,0
DA:21,1
DA:24,1
DA:25,1
DA:26,1
DA:30,6
DA:34,6
DA:35,6
DA:36,5
DA:37,1
DA:41,4
DA:42,1
DA:47,3
DA:48,3
DA:49,1
DA:54,2
DA:55,2
DA:56,1
DA:62,1
DA:66,1
DA:67,0
DA:70,1
DA:78,6
DA:79,6
LF:28
LH:23
BRDA:13,0,0,0
BRDA:13,0,1,0
BRDA:36,1,0,1
BRDA:36,1,1,4
BRDA:41,2,0,1
BRDA:41,2,1,3
BRDA:48,3,0,1
BRDA:48,3,1,2
BRDA:55,4,0,1
BRDA:55,4,1,1
BRDA:66,5,0,0
BRDA:66,5,1,1
BRF:12
BRH:9
end_of_record
TN:
SF:src/git/reloadGitData.ts
FN:5,reloadGitData
FNF:1
FNH:0
FNDA:0,reloadGitData
DA:9,0
DA:10,0
DA:13,0
DA:14,0
DA:16,0
LF:5
LH:0
BRDA:13,0,0,0
BRDA:13,0,1,0
BRF:2
BRH:0
end_of_record
TN:
SF:src/messaging/executeSaveChanges.ts
FN:6,executeSaveChanges
FN:18,(anonymous_1)
FN:24,(anonymous_2)
FNF:3
FNH:0
FNDA:0,executeSaveChanges
FNDA:0,(anonymous_1)
FNDA:0,(anonymous_2)
DA:16,0
DA:17,0
DA:18,0
DA:20,0
DA:21,0
DA:22,0
DA:24,0
DA:25,0
DA:26,0
DA:27,0
DA:29,0
DA:30,0
LF:12
LH:0
BRDA:29,0,0,0
BRDA:29,0,1,0
BRF:2
BRH:0
end_of_record
TN:
SF:src/messaging/registerDeployListener.ts
FN:10,registerDeployListener
FN:19,(anonymous_1)
FNF:2
FNH:0
FNDA:0,registerDeployListener
FNDA:0,(anonymous_1)
DA:16,0
DA:20,0
DA:21,0
DA:22,0
DA:23,0
LF:5
LH:0
BRF:0
BRH:0
end_of_record
TN:
SF:src/messaging/registerGenerateTestData.ts
FN:17,registerGenerateTestData
FN:24,(anonymous_1)
FN:38,generateTestData
FN:41,(anonymous_3)
FNF:4
FNH:0
FNDA:0,registerGenerateTestData
FNDA:0,(anonymous_1)
FNDA:0,generateTestData
FNDA:0,(anonymous_3)
DA:21,0
DA:25,0
DA:26,0
DA:27,0
DA:41,0
DA:42,0
DA:43,0
DA:45,0
DA:48,0
DA:50,0
DA:66,0
DA:67,0
DA:72,0
LF:13
LH:0
BRDA:42,0,0,0
BRDA:42,0,1,0
BRDA:66,1,0,0
BRDA:66,1,1,0
BRF:4
BRH:0
end_of_record
TN:
SF:src/messaging/registerListener.ts
FN:15,registerListener
FN:22,(anonymous_1)
FN:25,(anonymous_2)
FN:36,getResponsePayload
FN:57,parseRequestBody
FN:60,(anonymous_5)
FN:64,(anonymous_6)
FN:65,(anonymous_7)
FNF:8
FNH:0
FNDA:0,registerListener
FNDA:0,(anonymous_1)
FNDA:0,(anonymous_2)
FNDA:0,getResponsePayload
FNDA:0,parseRequestBody
FNDA:0,(anonymous_5)
FNDA:0,(anonymous_6)
FNDA:0,(anonymous_7)
DA:22,0
DA:23,0
DA:24,0
DA:25,0
DA:26,0
DA:28,0
DA:29,0
DA:31,0
DA:40,0
DA:41,0
DA:43,0
DA:44,0
DA:45,0
DA:46,0
DA:47,0
DA:49,0
DA:50,0
DA:60,0
DA:62,0
DA:63,0
DA:64,0
DA:66,0
DA:67,0
DA:68,0
LF:24
LH:0
BRDA:23,0,0,0
BRDA:23,0,1,0
BRDA:44,1,0,0
BRDA:44,1,1,0
BRDA:46,2,0,0
BRDA:46,2,1,0
BRF:6
BRH:0
end_of_record
TN:
SF:src/messaging/registerSaveChangesListener.ts
FN:10,registerSaveChangesListener
FN:19,(anonymous_1)
FNF:2
FNH:0
FNDA:0,registerSaveChangesListener
FNDA:0,(anonymous_1)
DA:16,0
DA:20,0
DA:21,0
DA:22,0
LF:4
LH:0
BRF:0
BRH:0
end_of_record
TN:
SF:src/parsers/ComponentParamParser.ts
FN:6,(anonymous_0)
FN:12,(anonymous_1)
FN:29,(anonymous_2)
FNF:3
FNH:3
FNDA:39,(anonymous_0)
FNDA:40,(anonymous_1)
FNDA:40,(anonymous_2)
DA:13,40
DA:14,39
DA:15,1
DA:21,38
DA:22,38
DA:23,13
DA:26,25
DA:31,40
DA:32,39
DA:33,1
DA:38,1
DA:40,38
LF:12
LH:12
BRDA:14,0,0,1
BRDA:14,0,1,38
BRDA:22,1,0,13
BRDA:22,1,1,25
BRDA:32,2,0,1
BRDA:32,2,1,38
BRF:6
BRH:6
end_of_record
TN:
SF:src/parsers/ComponentTreeParser.ts
FN:28,(anonymous_0)
FN:33,(anonymous_1)
FN:46,(anonymous_2)
FN:60,(anonymous_3)
FN:64,(anonymous_4)
FN:109,(anonymous_5)
FN:136,(anonymous_6)
FN:150,(anonymous_7)
FN:169,(anonymous_8)
FNF:9
FNH:8
FNDA:67,(anonymous_0)
FNDA:52,(anonymous_1)
FNDA:100,(anonymous_2)
FNDA:106,(anonymous_3)
FNDA:106,(anonymous_4)
FNDA:2,(anonymous_5)
FNDA:79,(anonymous_6)
FNDA:84,(anonymous_7)
FNDA:0,(anonymous_8)
DA:35,52
DA:36,52
DA:39,52
DA:40,3
DA:43,49
DA:45,49
DA:47,100
DA:51,49
DA:52,4
DA:58,45
DA:60,106
DA:69,106
DA:74,106
DA:76,3
DA:77,2
DA:82,1
DA:88,103
DA:89,26
DA:95,77
DA:96,77
DA:102,74
DA:115,2
DA:116,2
DA:121,2
DA:122,1
DA:126,1
DA:144,79
DA:150,79
DA:151,84
DA:153,79
DA:154,79
DA:155,12
DA:156,1
DA:160,12
DA:166,67
DA:167,65
DA:168,0
DA:169,0
DA:170,0
DA:172,0
DA:173,0
DA:174,0
DA:178,0
DA:187,65
DA:190,65
DA:193,65
DA:198,64
DA:202,64
DA:203,1
DA:204,1
DA:214,63
LF:51
LH:44
BRDA:39,0,0,3
BRDA:39,0,1,49
BRDA:43,1,0,49
BRDA:43,1,1,14
BRDA:47,2,0,100
BRDA:47,2,1,85
BRDA:47,2,2,61
BRDA:51,3,0,4
BRDA:51,3,1,45
BRDA:74,4,0,3
BRDA:74,4,1,103
BRDA:88,5,0,26
BRDA:88,5,1,77
BRDA:121,6,0,1
BRDA:121,6,1,1
BRDA:144,7,0,65
BRDA:144,7,1,14
BRDA:154,8,0,12
BRDA:154,8,1,67
BRDA:155,9,0,1
BRDA:155,9,1,11
BRDA:167,10,0,0
BRDA:167,10,1,65
BRDA:173,11,0,0
BRDA:173,11,1,0
BRDA:190,12,0,11
BRDA:190,12,1,54
BRDA:202,13,0,1
BRDA:202,13,1,63
BRF:29
BRH:26
end_of_record
TN:
SF:src/parsers/FileMetadataParser.ts
FN:19,(anonymous_0)
FN:33,(anonymous_1)
FN:53,(anonymous_2)
FN:63,(anonymous_3)
FNF:4
FNH:4
FNDA:33,(anonymous_0)
FNDA:34,(anonymous_1)
FNDA:30,(anonymous_2)
FNDA:34,(anonymous_3)
DA:20,33
DA:21,33
DA:22,33
DA:36,34
DA:37,30
DA:39,29
DA:54,30
DA:64,34
DA:65,34
DA:66,13
DA:69,21
LF:11
LH:11
BRDA:41,0,0,29
BRDA:41,0,1,5
BRDA:65,1,0,13
BRDA:65,1,1,21
BRF:4
BRH:4
end_of_record
TN:
SF:src/parsers/GetPathParser.ts
FN:29,(anonymous_0)
FN:36,(anonymous_1)
FN:56,(anonymous_2)
FN:80,(anonymous_3)
FN:84,(anonymous_4)
FN:95,(anonymous_5)
FNF:6
FNH:6
FNDA:61,(anonymous_0)
FNDA:17,(anonymous_1)
FNDA:21,(anonymous_2)
FNDA:28,(anonymous_3)
FNDA:15,(anonymous_4)
FNDA:18,(anonymous_5)
DA:15,17
DA:37,17
DA:38,15
DA:39,2
DA:41,13
DA:42,13
DA:43,0
DA:45,13
DA:46,13
DA:47,13
DA:57,21
DA:58,21
DA:59,2
DA:63,19
DA:64,2
DA:65,2
DA:67,17
DA:68,17
DA:69,0
DA:71,17
DA:72,13
DA:74,4
DA:81,28
DA:85,15
DA:88,15
DA:89,14
DA:90,14
DA:91,14
DA:96,18
DA:97,15
DA:99,3
DA:100,2
DA:101,2
DA:105,2
LF:34
LH:32
BRDA:38,0,0,2
BRDA:38,0,1,13
BRDA:42,1,0,0
BRDA:42,1,1,13
BRDA:46,2,0,13
BRDA:46,2,1,0
BRDA:58,3,0,2
BRDA:58,3,1,19
BRDA:63,4,0,2
BRDA:63,4,1,17
BRDA:65,5,0,2
BRDA:65,5,1,2
BRDA:68,6,0,0
BRDA:68,6,1,17
BRDA:71,7,0,13
BRDA:71,7,1,4
BRDA:88,8,0,14
BRDA:88,8,1,1
BRDA:96,9,0,15
BRDA:96,9,1,3
BRDA:99,10,0,2
BRDA:99,10,1,1
BRF:22
BRH:19
end_of_record
TN:
SF:src/parsers/MissingPropsChecker.ts
FN:11,(anonymous_0)
FN:20,(anonymous_1)
FN:41,(anonymous_2)
FN:55,(anonymous_3)
FN:72,(anonymous_4)
FNF:5
FNH:5
FNDA:72,(anonymous_0)
FNDA:154,(anonymous_1)
FNDA:79,(anonymous_2)
FNDA:3,(anonymous_3)
FNDA:6,(anonymous_4)
DA:16,72
DA:17,0
DA:20,72
DA:21,154
DA:22,154
DA:23,154
DA:26,154
DA:27,78
DA:28,6
DA:30,72
DA:33,76
DA:46,79
DA:47,8
DA:50,71
DA:54,3
DA:55,3
DA:56,3
DA:57,3
DA:59,68
DA:63,3
DA:69,65
DA:76,6
LF:22
LH:21
BRDA:16,0,0,0
BRDA:16,0,1,72
BRDA:23,1,0,6
BRDA:23,1,1,148
BRDA:26,2,0,78
BRDA:26,2,1,76
BRDA:27,3,0,6
BRDA:27,3,1,72
BRDA:46,4,0,8
BRDA:46,4,1,71
BRDA:50,5,0,3
BRDA:50,5,1,68
BRDA:51,6,0,71
BRDA:51,6,1,3
BRDA:59,7,0,3
BRDA:59,7,1,65
BRDA:60,8,0,68
BRDA:60,8,1,3
BRF:18
BRH:17
end_of_record
TN:
SF:src/parsers/PagesJsStateParser.ts
FN:11,(anonymous_0)
FN:17,(anonymous_1)
FNF:2
FNH:2
FNDA:48,(anonymous_0)
FNDA:4,(anonymous_1)
DA:18,4
DA:19,4
DA:20,4
DA:21,0
DA:24,4
LF:5
LH:4
BRDA:20,0,0,0
BRDA:20,0,1,4
BRDA:20,1,0,4
BRDA:20,1,1,2
BRDA:25,2,0,4
BRDA:25,2,1,1
BRDA:27,3,0,4
BRDA:27,3,1,2
BRF:8
BRH:7
end_of_record
TN:
SF:src/parsers/PropShapeParser.ts
FN:19,(anonymous_0)
FN:28,(anonymous_1)
FN:43,(anonymous_2)
FN:50,(anonymous_3)
FN:51,(anonymous_4)
FN:58,(anonymous_5)
FN:72,(anonymous_6)
FNF:7
FNH:7
FNDA:40,(anonymous_0)
FNDA:26,(anonymous_1)
FNDA:25,(anonymous_2)
FNDA:36,(anonymous_3)
FNDA:32,(anonymous_4)
FNDA:32,(anonymous_5)
FNDA:33,(anonymous_6)
DA:20,40
DA:33,26
DA:34,26
DA:35,1
DA:37,25
DA:38,2
DA:40,23
DA:48,25
DA:49,25
DA:50,36
DA:52,32
DA:53,32
DA:55,23
DA:63,32
DA:64,32
DA:77,33
DA:79,33
DA:80,1
DA:81,1
DA:85,32
DA:86,2
DA:87,2
DA:91,30
DA:92,0
DA:97,30
DA:102,1
DA:105,29
DA:106,0
DA:107,29
DA:111,1
DA:114,28
DA:115,0
DA:120,28
LF:33
LH:30
BRDA:21,0,0,40
BRDA:21,0,1,37
BRDA:34,1,0,1
BRDA:34,1,1,25
BRDA:37,2,0,2
BRDA:37,2,1,23
BRDA:50,3,0,36
BRDA:50,3,1,24
BRDA:65,4,0,32
BRDA:65,4,1,2
BRDA:66,5,0,32
BRDA:66,5,1,1
BRDA:79,6,0,1
BRDA:79,6,1,32
BRDA:85,7,0,2
BRDA:85,7,1,30
BRDA:91,8,0,0
BRDA:91,8,1,30
BRDA:97,9,0,1
BRDA:97,9,1,29
BRDA:98,10,0,30
BRDA:98,10,1,29
BRDA:98,10,2,29
BRDA:105,11,0,0
BRDA:105,11,1,29
BRDA:107,12,0,1
BRDA:107,12,1,28
BRDA:108,13,0,29
BRDA:108,13,1,4
BRDA:114,14,0,0
BRDA:114,14,1,28
BRF:31
BRH:28
end_of_record
TN:
SF:src/parsers/PropValuesParser.ts
FN:18,(anonymous_0)
FN:27,(anonymous_1)
FN:38,(anonymous_2)
FN:58,(anonymous_3)
FN:64,(anonymous_4)
FN:75,(anonymous_5)
FN:90,(anonymous_6)
FN:99,(anonymous_7)
FNF:8
FNH:8
FNDA:40,(anonymous_0)
FNDA:35,(anonymous_1)
FNDA:35,(anonymous_2)
FNDA:12,(anonymous_3)
FNDA:20,(anonymous_4)
FNDA:22,(anonymous_5)
FNDA:21,(anonymous_6)
FNDA:2,(anonymous_7)
DA:31,35
DA:32,35
DA:33,25
DA:35,10
DA:41,35
DA:42,30
DA:46,5
DA:47,5
DA:48,1
DA:50,4
DA:51,0
DA:55,4
DA:62,12
DA:64,12
DA:65,20
DA:72,11
DA:81,22
DA:82,1
DA:84,21
DA:90,21
DA:91,21
DA:92,21
DA:93,1
DA:94,0
DA:96,1
DA:100,2
DA:103,20
DA:104,2
DA:105,0
DA:107,2
DA:114,18
DA:121,21
DA:122,21
DA:123,21
LF:34
LH:31
BRDA:32,0,0,25
BRDA:32,0,1,10
BRDA:41,1,0,30
BRDA:41,1,1,5
BRDA:47,2,0,1
BRDA:47,2,1,4
BRDA:50,3,0,0
BRDA:50,3,1,4
BRDA:81,4,0,1
BRDA:81,4,1,21
BRDA:92,5,0,1
BRDA:92,5,1,20
BRDA:93,6,0,0
BRDA:93,6,1,1
BRDA:103,7,0,2
BRDA:103,7,1,18
BRDA:104,8,0,0
BRDA:104,8,1,2
BRF:18
BRH:15
end_of_record
TN:
SF:src/parsers/StudioSourceFileParser.ts
FN:29,(anonymous_0)
FN:39,(anonymous_1)
FN:43,(anonymous_2)
FN:47,(anonymous_3)
FN:58,(anonymous_4)
FN:61,(anonymous_5)
FN:69,(anonymous_6)
FN:72,(anonymous_7)
FN:83,(anonymous_8)
FN:88,(anonymous_9)
FN:102,(anonymous_10)
FN:105,(anonymous_11)
FN:114,(anonymous_12)
FN:119,(anonymous_13)
FN:141,(anonymous_14)
FN:158,(anonymous_15)
FN:162,(anonymous_16)
FN:183,(anonymous_17)
FN:216,(anonymous_18)
FN:244,(anonymous_19)
FN:278,(anonymous_20)
FN:303,(anonymous_21)
FNF:22
FNH:22
FNDA:161,(anonymous_0)
FNDA:193,(anonymous_1)
FNDA:2,(anonymous_2)
FNDA:67,(anonymous_3)
FNDA:56,(anonymous_4)
FNDA:65,(anonymous_5)
FNDA:57,(anonymous_6)
FNDA:94,(anonymous_7)
FNDA:52,(anonymous_8)
FNDA:47,(anonymous_9)
FNDA:22,(anonymous_10)
FNDA:40,(anonymous_11)
FNDA:44,(anonymous_12)
FNDA:19,(anonymous_13)
FNDA:31,(anonymous_14)
FNDA:8,(anonymous_15)
FNDA:15,(anonymous_16)
FNDA:11,(anonymous_17)
FNDA:66,(anonymous_18)
FNDA:144,(anonymous_19)
FNDA:133,(anonymous_20)
FNDA:28,(anonymous_21)
DA:30,161
DA:31,90
DA:33,161
DA:40,193
DA:44,2
DA:48,67
DA:59,56
DA:61,56
DA:63,65
DA:64,65
DA:66,56
DA:70,57
DA:72,57
DA:74,94
DA:76,94
DA:77,48
DA:80,57
DA:86,52
DA:87,52
DA:89,47
DA:90,0
DA:93,47
DA:94,47
DA:96,47
DA:103,22
DA:105,22
DA:106,40
DA:107,40
DA:108,10
DA:111,22
DA:117,44
DA:120,19
DA:127,44
DA:128,29
DA:130,15
DA:133,15
DA:134,1
DA:138,14
DA:144,31
DA:145,30
DA:146,24
DA:148,6
DA:159,8
DA:163,15
DA:164,15
DA:165,17
DA:166,10
DA:172,5
DA:173,5
DA:174,1
DA:175,1
DA:188,11
DA:192,11
DA:197,11
DA:198,1
DA:201,1
DA:202,0
DA:206,1
DA:210,11
DA:216,161
DA:217,66
DA:218,66
DA:219,66
DA:220,66
DA:221,51
DA:227,15
DA:228,15
DA:229,11
DA:250,144
DA:251,144
DA:252,4
DA:254,140
DA:255,140
DA:256,140
DA:257,127
DA:258,13
DA:259,13
DA:261,0
DA:279,133
DA:280,132
DA:281,3
DA:285,129
DA:289,0
DA:293,129
DA:294,3
DA:295,3
DA:300,126
DA:306,28
LF:88
LH:84
BRDA:30,0,0,90
BRDA:30,0,1,71
BRDA:76,1,0,48
BRDA:76,1,1,46
BRDA:89,2,0,0
BRDA:89,2,1,47
BRDA:107,3,0,10
BRDA:107,3,1,30
BRDA:121,4,0,19
BRDA:121,4,1,19
BRDA:127,5,0,29
BRDA:127,5,1,15
BRDA:133,6,0,1
BRDA:133,6,1,14
BRDA:145,7,0,24
BRDA:145,7,1,6
BRDA:165,8,0,10
BRDA:165,8,1,7
BRDA:174,9,0,1
BRDA:174,9,1,0
BRDA:197,10,0,1
BRDA:197,10,1,10
BRDA:201,11,0,0
BRDA:201,11,1,1
BRDA:219,12,0,66
BRDA:219,12,1,30
BRDA:220,13,0,51
BRDA:220,13,1,15
BRDA:228,14,0,11
BRDA:228,14,1,4
BRDA:251,15,0,4
BRDA:251,15,1,140
BRDA:256,16,0,127
BRDA:256,16,1,13
BRDA:258,17,0,13
BRDA:258,17,1,0
BRDA:280,18,0,3
BRDA:280,18,1,129
BRDA:285,19,0,0
BRDA:285,19,1,129
BRDA:286,20,0,129
BRDA:286,20,1,129
BRDA:293,21,0,3
BRDA:293,21,1,126
BRDA:296,22,0,3
BRDA:296,22,1,1
BRDA:307,23,0,28
BRDA:307,23,1,26
BRF:48
BRH:43
end_of_record
TN:
SF:src/parsers/TemplateConfigParser.ts
FN:10,(anonymous_0)
FN:16,(anonymous_1)
FN:21,(anonymous_2)
FNF:3
FNH:3
FNDA:48,(anonymous_0)
FNDA:4,(anonymous_1)
FNDA:13,(anonymous_2)
DA:17,4
DA:23,13
DA:26,13
LF:3
LH:3
BRDA:27,0,0,13
BRDA:27,0,1,8
BRF:2
BRH:2
end_of_record
TN:
SF:src/parsers/getStudioConfig.ts
FN:20,getStudioConfig
FN:34,getStudioConfigInternal
FN:64,normalizePaths
FN:70,(anonymous_3)
FN:89,importExistingConfig
FNF:5
FNH:5
FNDA:4,getStudioConfig
FNDA:4,getStudioConfigInternal
FNDA:2,normalizePaths
FNDA:10,(anonymous_3)
FNDA:3,importExistingConfig
DA:24,4
DA:25,4
DA:26,2
DA:28,2
DA:30,2
DA:38,4
DA:44,4
DA:45,4
DA:46,1
DA:48,3
DA:50,1
DA:58,1
DA:68,2
DA:70,2
DA:71,10
DA:72,10
DA:73,2
DA:75,10
DA:80,2
DA:93,3
DA:94,3
DA:96,1
DA:101,1
DA:104,2
DA:105,2
DA:106,1
DA:110,1
DA:113,1
LF:28
LH:28
BRDA:22,0,0,4
BRDA:28,1,0,2
BRDA:28,1,1,2
BRDA:45,2,0,1
BRDA:45,2,1,3
BRDA:72,3,0,2
BRDA:72,3,1,8
BRDA:99,4,0,0
BRDA:99,4,1,1
BRDA:105,5,0,1
BRDA:105,5,1,1
BRF:11
BRH:10
end_of_record
TN:
SF:src/parsers/getUserPaths.ts
FN:10,getUserPaths
FNF:1
FNH:1
FNDA:10,getUserPaths
DA:11,10
DA:12,10
LF:2
LH:2
BRF:0
BRH:0
end_of_record
TN:
SF:src/parsers/helpers/NpmLookup.ts
FN:12,(anonymous_0)
FN:20,(anonymous_1)
FN:22,(anonymous_2)
FN:25,(anonymous_3)
FN:51,(anonymous_4)
FNF:5
FNH:5
FNDA:15,(anonymous_0)
FNDA:51,(anonymous_1)
FNDA:604,(anonymous_2)
FNDA:6,(anonymous_3)
FNDA:13,(anonymous_4)
DA:4,18
DA:16,15
DA:17,15
DA:21,51
DA:23,604
DA:26,6
DA:30,51
DA:37,51
DA:38,38
DA:39,38
DA:40,38
DA:41,2
DA:45,36
DA:48,13
DA:52,13
LF:15
LH:15
BRDA:37,0,0,38
BRDA:37,0,1,13
BRDA:40,1,0,2
BRDA:40,1,1,36
BRDA:40,2,0,38
BRDA:40,2,1,37
BRF:6
BRH:6
end_of_record
TN:
SF:src/parsers/helpers/RepeaterParsingHelpers.ts
FN:17,(anonymous_0)
FN:41,(anonymous_1)
FN:51,getSelfClosingErrorText
FN:89,(anonymous_3)
FNF:4
FNH:4
FNDA:5,(anonymous_0)
FNDA:4,(anonymous_1)
FNDA:3,getSelfClosingErrorText
FNDA:3,(anonymous_3)
DA:21,5
DA:24,5
DA:29,5
DA:30,1
DA:35,4
DA:36,3
DA:38,3
DA:44,4
DA:54,3
DA:62,4
DA:63,1
DA:64,3
DA:66,2
DA:67,2
DA:72,1
DA:75,1
DA:78,1
DA:81,1
DA:86,3
DA:90,3
DA:93,3
LF:21
LH:21
BRDA:29,0,0,1
BRDA:29,0,1,4
BRDA:29,1,0,5
BRDA:29,1,1,3
BRDA:62,2,0,1
BRDA:62,2,1,3
BRDA:64,3,0,2
BRDA:64,3,1,1
BRDA:78,4,0,1
BRDA:78,4,1,0
BRF:10
BRH:9
end_of_record
TN:
SF:src/parsers/helpers/StaticParsingHelpers.ts
FN:51,(anonymous_0)
FN:60,(anonymous_1)
FN:75,(anonymous_2)
FN:79,(anonymous_3)
FN:101,(anonymous_4)
FN:142,(anonymous_5)
FN:162,(anonymous_6)
FN:166,(anonymous_7)
FN:183,(anonymous_8)
FN:198,(anonymous_9)
FN:206,(anonymous_10)
FN:212,(anonymous_11)
FN:242,(anonymous_12)
FN:243,(anonymous_13)
FN:247,(anonymous_14)
FN:266,(anonymous_15)
FN:271,(anonymous_16)
FN:298,(anonymous_17)
FN:309,(anonymous_18)
FN:322,(anonymous_19)
FN:347,(anonymous_20)
FN:358,(anonymous_21)
FN:374,(anonymous_22)
FNF:23
FNH:23
FNDA:81,(anonymous_0)
FNDA:2,(anonymous_1)
FNDA:2,(anonymous_2)
FNDA:3,(anonymous_3)
FNDA:120,(anonymous_4)
FNDA:4,(anonymous_5)
FNDA:17,(anonymous_6)
FNDA:27,(anonymous_7)
FNDA:199,(anonymous_8)
FNDA:114,(anonymous_9)
FNDA:187,(anonymous_10)
FNDA:195,(anonymous_11)
FNDA:150,(anonymous_12)
FNDA:57,(anonymous_13)
FNDA:3,(anonymous_14)
FNDA:73,(anonymous_15)
FNDA:81,(anonymous_16)
FNDA:158,(anonymous_17)
FNDA:81,(anonymous_18)
FNDA:77,(anonymous_19)
FNDA:95,(anonymous_20)
FNDA:9,(anonymous_21)
FNDA:20,(anonymous_22)
DA:55,81
DA:56,81
DA:60,1
DA:61,2
DA:63,1
DA:68,1
DA:69,1
DA:70,80
DA:75,2
DA:78,2
DA:79,2
DA:80,3
DA:81,3
DA:83,2
DA:86,2
DA:92,78
DA:96,78
DA:97,77
DA:101,19
DA:104,120
DA:105,62
DA:110,58
DA:113,58
DA:114,2
DA:115,56
DA:122,18
DA:123,38
DA:128,30
DA:132,8
DA:133,4
DA:137,4
DA:138,2
DA:142,4
DA:145,2
DA:150,1
DA:155,1
DA:165,17
DA:166,17
DA:167,27
DA:168,1
DA:172,26
DA:173,26
DA:176,25
DA:177,24
DA:180,15
DA:184,199
DA:185,199
DA:187,199
DA:188,22
DA:193,177
DA:196,177
DA:198,114
DA:199,177
DA:209,187
DA:221,195
DA:222,89
DA:223,1
DA:229,88
DA:231,106
DA:233,101
DA:237,62
DA:240,39
DA:242,150
DA:243,57
DA:244,34
DA:252,3
DA:257,3
DA:258,1
DA:263,2
DA:270,73
DA:271,73
DA:272,81
DA:273,80
DA:274,2
DA:276,78
DA:277,78
DA:278,1
DA:286,77
DA:287,77
DA:288,76
DA:292,75
DA:295,70
DA:301,158
DA:302,1
DA:310,81
DA:311,80
DA:314,80
DA:315,0
DA:319,80
DA:325,77
DA:326,77
DA:329,77
DA:330,1
DA:332,76
DA:333,76
DA:334,7
DA:335,0
DA:339,7
DA:341,69
DA:350,95
DA:361,9
DA:362,9
DA:363,9
DA:364,14
DA:367,14
DA:368,5
DA:371,9
DA:377,20
DA:379,20
DA:382,20
DA:383,4
DA:386,20
DA:389,20
DA:390,3
DA:394,20
LF:115
LH:113
BRDA:56,0,0,1
BRDA:56,0,1,80
BRDA:57,1,0,81
BRDA:57,1,1,1
BRDA:70,2,0,2
BRDA:70,2,1,78
BRDA:71,3,0,80
BRDA:71,3,1,2
BRDA:71,3,2,2
BRDA:104,4,0,62
BRDA:104,4,1,58
BRDA:110,5,0,39
BRDA:110,5,1,19
BRDA:113,6,0,2
BRDA:113,6,1,56
BRDA:115,7,0,18
BRDA:115,7,1,38
BRDA:116,8,0,56
BRDA:116,8,1,48
BRDA:116,8,2,47
BRDA:116,8,3,46
BRDA:116,8,4,39
BRDA:123,9,0,30
BRDA:123,9,1,8
BRDA:124,10,0,38
BRDA:124,10,1,19
BRDA:124,10,2,9
BRDA:132,11,0,4
BRDA:132,11,1,4
BRDA:137,12,0,2
BRDA:137,12,1,2
BRDA:145,13,0,1
BRDA:145,13,1,1
BRDA:146,14,0,2
BRDA:146,14,1,1
BRDA:146,14,2,1
BRDA:167,15,0,1
BRDA:167,15,1,26
BRDA:176,16,0,24
BRDA:176,16,1,1
BRDA:187,17,0,22
BRDA:187,17,1,177
BRDA:221,18,0,89
BRDA:221,18,1,106
BRDA:222,19,0,1
BRDA:222,19,1,88
BRDA:233,20,0,62
BRDA:233,20,1,39
BRDA:234,21,0,101
BRDA:234,21,1,40
BRDA:257,22,0,1
BRDA:257,22,1,2
BRDA:273,23,0,2
BRDA:273,23,1,78
BRDA:277,24,0,1
BRDA:277,24,1,77
BRDA:287,25,0,76
BRDA:287,25,1,1
BRDA:301,26,0,1
BRDA:301,26,1,157
BRDA:314,27,0,0
BRDA:314,27,1,80
BRDA:329,28,0,1
BRDA:329,28,1,76
BRDA:333,29,0,7
BRDA:333,29,1,69
BRDA:334,30,0,0
BRDA:334,30,1,7
BRDA:350,31,0,65
BRDA:350,31,1,30
BRDA:367,32,0,5
BRDA:367,32,1,9
BRDA:382,33,0,4
BRDA:382,33,1,16
BRDA:389,34,0,3
BRDA:389,34,1,17
BRF:76
BRH:74
end_of_record
TN:
SF:src/parsers/helpers/StringUnionParsingHelper.ts
FN:5,(anonymous_0)
FN:10,(anonymous_1)
FN:22,(anonymous_2)
FN:47,(anonymous_3)
FNF:4
FNH:4
FNDA:7,(anonymous_0)
FNDA:13,(anonymous_1)
FNDA:3,(anonymous_2)
FNDA:9,(anonymous_3)
DA:10,7
DA:11,13
DA:12,9
DA:13,4
DA:14,3
DA:16,1
DA:26,3
DA:27,3
DA:28,3
DA:29,0
DA:37,3
DA:38,1
DA:40,2
DA:41,2
DA:42,1
DA:44,1
DA:48,9
DA:49,9
DA:50,1
DA:55,8
LF:20
LH:19
BRDA:11,0,0,9
BRDA:11,0,1,4
BRDA:13,1,0,3
BRDA:13,1,1,1
BRDA:28,2,0,0
BRDA:28,2,1,3
BRDA:28,3,0,3
BRDA:28,3,1,3
BRDA:37,4,0,1
BRDA:37,4,1,2
BRDA:41,5,0,1
BRDA:41,5,1,1
BRDA:49,6,0,1
BRDA:49,6,1,8
BRF:14
BRH:13
end_of_record
TN:
SF:src/parsers/helpers/TsMorphHelpers.ts
FN:4,(anonymous_0)
FN:8,(anonymous_1)
FN:8,(anonymous_2)
FN:13,(anonymous_3)
FN:22,(anonymous_4)
FN:24,(anonymous_5)
FN:37,(anonymous_6)
FN:43,(anonymous_7)
FN:51,(anonymous_8)
FN:56,(anonymous_9)
FN:64,(anonymous_10)
FN:70,(anonymous_11)
FN:78,(anonymous_12)
FN:82,(anonymous_13)
FNF:14
FNH:14
FNDA:30,(anonymous_0)
FNDA:66,(anonymous_1)
FNDA:162,(anonymous_2)
FNDA:28,(anonymous_3)
FNDA:9,(anonymous_4)
FNDA:4743,(anonymous_5)
FNDA:24,(anonymous_6)
FNDA:24,(anonymous_7)
FNDA:2,(anonymous_8)
FNDA:2,(anonymous_9)
FNDA:4,(anonymous_10)
FNDA:4,(anonymous_11)
FNDA:18,(anonymous_12)
FNDA:42,(anonymous_13)
DA:8,162
DA:18,28
DA:19,28
DA:20,3
DA:23,9
DA:24,4743
DA:26,9
DA:31,25
DA:41,24
DA:43,24
DA:55,2
DA:56,2
DA:68,4
DA:70,4
DA:82,42
LF:15
LH:15
BRDA:19,0,0,3
BRDA:19,0,1,25
BRF:2
BRH:2
end_of_record
TN:
SF:src/parsers/helpers/TypeNodeParsingHelper.ts
FN:68,(anonymous_0)
FN:76,(anonymous_1)
FN:99,(anonymous_2)
FN:140,(anonymous_3)
FN:147,(anonymous_4)
FN:165,(anonymous_5)
FN:170,getElementTypeNode
FN:191,(anonymous_7)
FN:207,(anonymous_8)
FNF:9
FNH:9
FNDA:59,(anonymous_0)
FNDA:129,(anonymous_1)
FNDA:49,(anonymous_2)
FNDA:54,(anonymous_3)
FNDA:70,(anonymous_4)
FNDA:6,(anonymous_5)
FNDA:6,getElementTypeNode
FNDA:67,(anonymous_7)
FNDA:136,(anonymous_8)
DA:72,59
DA:73,57
DA:80,129
DA:81,38
DA:83,91
DA:85,91
DA:86,91
DA:87,44
DA:90,47
DA:91,47
DA:92,0
DA:96,47
DA:104,49
DA:105,16
DA:106,33
DA:111,6
DA:112,27
DA:113,2
DA:114,2
DA:115,0
DA:119,2
DA:123,25
DA:124,5
DA:129,4
DA:135,20
DA:136,20
DA:144,54
DA:145,54
DA:147,54
DA:148,70
DA:149,70
DA:150,68
DA:151,68
DA:152,68
DA:159,52
DA:171,6
DA:172,3
DA:175,3
DA:176,3
DA:177,1
DA:181,2
DA:184,6
DA:185,5
DA:195,67
DA:196,10
DA:197,10
DA:198,8
DA:201,59
DA:211,136
DA:212,136
DA:213,98
DA:216,38
DA:217,18
DA:218,18
DA:219,10
LF:55
LH:53
BRDA:80,0,0,38
BRDA:80,0,1,91
BRDA:86,1,0,44
BRDA:86,1,1,47
BRDA:91,2,0,0
BRDA:91,2,1,47
BRDA:104,3,0,16
BRDA:104,3,1,33
BRDA:106,4,0,6
BRDA:106,4,1,27
BRDA:107,5,0,33
BRDA:107,5,1,30
BRDA:107,5,2,21
BRDA:112,6,0,2
BRDA:112,6,1,25
BRDA:114,7,0,0
BRDA:114,7,1,2
BRDA:123,8,0,5
BRDA:123,8,1,20
BRDA:155,9,0,68
BRDA:155,9,1,8
BRDA:156,10,0,68
BRDA:156,10,1,2
BRDA:171,11,0,3
BRDA:171,11,1,3
BRDA:176,12,0,1
BRDA:176,12,1,2
BRDA:195,13,0,10
BRDA:195,13,1,57
BRDA:197,14,0,8
BRDA:197,14,1,2
BRDA:212,15,0,98
BRDA:212,15,1,38
BRDA:218,16,0,10
BRDA:218,16,1,8
BRDA:218,17,0,18
BRDA:218,17,1,10
BRF:37
BRH:35
end_of_record
TN:
SF:src/sourcefiles/ComponentFile.ts
FN:19,(anonymous_0)
FN:26,(anonymous_1)
FN:34,(anonymous_2)
FN:37,(anonymous_3)
FNF:4
FNH:4
FNDA:14,(anonymous_0)
FNDA:14,(anonymous_1)
FNDA:14,(anonymous_2)
FNDA:24,(anonymous_3)
DA:20,14
DA:21,14
DA:27,14
DA:34,14
DA:35,14
DA:36,14
DA:37,14
DA:38,24
DA:39,4
DA:41,24
DA:44,14
DA:46,14
LF:12
LH:12
BRDA:38,0,0,4
BRDA:38,0,1,20
BRDA:49,1,0,4
BRDA:49,1,1,6
BRF:4
BRH:4
end_of_record
TN:
SF:src/sourcefiles/ModuleFile.ts
FN:28,(anonymous_0)
FN:52,(anonymous_1)
FN:60,(anonymous_2)
FN:83,(anonymous_3)
FN:87,(anonymous_4)
FN:102,(anonymous_5)
FNF:6
FNH:5
FNDA:19,(anonymous_0)
FNDA:21,(anonymous_1)
FNDA:21,(anonymous_2)
FNDA:5,(anonymous_3)
FNDA:0,(anonymous_4)
FNDA:5,(anonymous_5)
DA:33,19
DA:34,19
DA:37,19
DA:41,19
DA:46,19
DA:53,21
DA:60,19
DA:61,21
DA:63,21
DA:64,21
DA:68,20
DA:87,5
DA:88,0
DA:93,5
DA:94,5
DA:103,5
DA:107,5
DA:112,5
DA:113,1
DA:114,4
DA:115,1
DA:116,3
DA:117,0
DA:119,3
LF:24
LH:22
BRDA:112,0,0,1
BRDA:112,0,1,4
BRDA:112,1,0,5
BRDA:112,1,1,2
BRDA:114,2,0,1
BRDA:114,2,1,3
BRDA:116,3,0,0
BRDA:116,3,1,3
BRF:8
BRH:7
end_of_record
TN:
SF:src/sourcefiles/PageFile.ts
FN:32,(anonymous_0)
FN:81,(anonymous_1)
FN:89,(anonymous_2)
FN:114,(anonymous_3)
FN:115,(anonymous_4)
FNF:5
FNH:5
FNDA:48,(anonymous_0)
FNDA:31,(anonymous_1)
FNDA:31,(anonymous_2)
FNDA:19,(anonymous_3)
FNDA:19,(anonymous_4)
DA:39,48
DA:40,48
DA:44,48
DA:48,48
DA:49,48
DA:52,48
DA:54,48
DA:59,48
DA:64,48
DA:70,48
DA:75,48
DA:82,31
DA:89,48
DA:90,31
DA:91,31
DA:94,22
DA:95,22
DA:97,22
DA:115,19
DA:118,19
DA:119,19
DA:120,7
DA:122,19
DA:125,9
DA:133,19
LF:25
LH:25
BRDA:101,0,0,22
BRDA:101,0,1,4
BRDA:119,1,0,7
BRDA:119,1,1,12
BRDA:122,2,0,9
BRDA:122,2,1,10
BRF:6
BRH:6
end_of_record
TN:
SF:src/sourcefiles/SiteSettingsFile.ts
FN:21,(anonymous_0)
FN:28,(anonymous_1)
FN:59,(anonymous_2)
FNF:3
FNH:3
FNDA:7,(anonymous_0)
FNDA:5,(anonymous_1)
FNDA:2,(anonymous_2)
DA:22,7
DA:23,7
DA:24,7
DA:25,7
DA:30,5
DA:31,5
DA:32,5
DA:33,1
DA:35,4
DA:36,0
DA:37,0
DA:41,4
DA:42,0
DA:43,0
DA:47,4
DA:61,2
DA:62,2
DA:63,2
LF:18
LH:14
BRDA:32,0,0,1
BRDA:32,0,1,4
BRDA:35,1,0,0
BRDA:35,1,1,4
BRDA:41,2,0,0
BRDA:41,2,1,4
BRF:6
BRH:4
end_of_record
TN:
SF:src/utils/ComponentStateHelpers.ts
FN:9,(anonymous_0)
FNF:1
FNH:1
FNDA:45,(anonymous_0)
DA:12,45
DA:13,3
DA:18,3
DA:20,42
LF:4
LH:4
BRDA:12,0,0,3
BRDA:12,0,1,42
BRF:2
BRH:2
end_of_record
TN:
SF:src/utils/ComponentTreeHelpers.ts
FN:27,(anonymous_0)
FN:34,(anonymous_1)
FN:49,(anonymous_2)
FN:57,(anonymous_3)
FN:71,(anonymous_4)
FN:77,(anonymous_5)
FN:91,(anonymous_6)
FN:108,(anonymous_7)
FN:112,(anonymous_8)
FN:115,(anonymous_9)
FN:116,(anonymous_10)
FN:127,(anonymous_11)
FN:130,(anonymous_12)
FN:148,(anonymous_13)
FN:154,(anonymous_14)
FN:174,(anonymous_15)
FN:180,(anonymous_16)
FNF:17
FNH:13
FNDA:80,(anonymous_0)
FNDA:48,(anonymous_1)
FNDA:0,(anonymous_2)
FNDA:0,(anonymous_3)
FNDA:80,(anonymous_4)
FNDA:63,(anonymous_5)
FNDA:24,(anonymous_6)
FNDA:33,(anonymous_7)
FNDA:45,(anonymous_8)
FNDA:8,(anonymous_9)
FNDA:8,(anonymous_10)
FNDA:33,(anonymous_11)
FNDA:51,(anonymous_12)
FNDA:48,(anonymous_13)
FNDA:56,(anonymous_14)
FNDA:0,(anonymous_15)
FNDA:0,(anonymous_16)
DA:33,80
DA:34,80
DA:35,48
DA:36,48
DA:56,0
DA:57,0
DA:58,0
DA:59,0
DA:75,80
DA:76,80
DA:77,80
DA:78,63
DA:79,48
DA:81,15
DA:84,80
DA:96,24
DA:97,24
DA:101,24
DA:112,33
DA:113,45
DA:114,7
DA:115,8
DA:116,8
DA:118,38
DA:119,36
DA:120,2
DA:130,33
DA:131,51
DA:135,6
DA:138,45
DA:139,45
DA:141,45
DA:145,33
DA:151,48
DA:154,18
DA:158,56
DA:159,42
DA:160,14
DA:161,6
DA:162,3
DA:164,3
DA:167,8
DA:178,0
DA:180,0
DA:187,0
LF:45
LH:38
BRDA:78,0,0,48
BRDA:78,0,1,15
BRDA:113,1,0,7
BRDA:113,1,1,38
BRDA:118,2,0,36
BRDA:118,2,1,2
BRDA:131,3,0,6
BRDA:131,3,1,45
BRDA:132,4,0,51
BRDA:132,4,1,10
BRDA:141,5,0,3
BRDA:141,5,1,42
BRDA:158,6,0,42
BRDA:158,6,1,14
BRDA:160,7,0,6
BRDA:160,7,1,8
BRDA:161,8,0,3
BRDA:161,8,1,3
BRF:18
BRH:18
end_of_record
TN:
SF:src/utils/ExpressionHelpers.ts
FN:9,(anonymous_0)
FNF:1
FNH:1
FNDA:50,(anonymous_0)
DA:11,50
DA:12,50
DA:14,50
LF:3
LH:3
BRDA:15,0,0,50
BRDA:15,0,1,49
BRDA:15,0,2,5
BRDA:15,0,3,3
BRF:4
BRH:4
end_of_record
TN:
SF:src/utils/StreamConfigFieldsMerger.ts
FN:36,(anonymous_0)
FN:41,(anonymous_1)
FNF:2
FNH:2
FNDA:9,(anonymous_0)
FNDA:19,(anonymous_1)
DA:14,17
DA:36,17
DA:40,9
DA:41,19
DA:43,9
DA:45,9
LF:6
LH:6
BRDA:43,0,0,9
BRDA:43,0,1,1
BRF:2
BRH:2
end_of_record
TN:
SF:src/utils/TypeGuards.ts
FN:43,(anonymous_0)
FN:55,(anonymous_1)
FN:84,(anonymous_2)
FN:110,(anonymous_3)
FN:119,(anonymous_4)
FN:129,(anonymous_5)
FN:139,(anonymous_6)
FN:144,(anonymous_7)
FN:153,(anonymous_8)
FN:159,(anonymous_9)
FN:165,(anonymous_10)
FN:178,(anonymous_11)
FN:184,(anonymous_12)
FN:190,(anonymous_13)
FN:199,(anonymous_14)
FN:205,(anonymous_15)
FN:215,(anonymous_16)
FN:232,(anonymous_17)
FN:236,(anonymous_18)
FN:240,(anonymous_19)
FNF:20
FNH:14
FNDA:100,(anonymous_0)
FNDA:110,(anonymous_1)
FNDA:115,(anonymous_2)
FNDA:5,(anonymous_3)
FNDA:4,(anonymous_4)
FNDA:29,(anonymous_5)
FNDA:97,(anonymous_6)
FNDA:45,(anonymous_7)
FNDA:0,(anonymous_8)
FNDA:0,(anonymous_9)
FNDA:103,(anonymous_10)
FNDA:0,(anonymous_11)
FNDA:0,(anonymous_12)
FNDA:0,(anonymous_13)
FNDA:160,(anonymous_14)
FNDA:51,(anonymous_15)
FNDA:9,(anonymous_16)
FNDA:4,(anonymous_17)
FNDA:5,(anonymous_18)
FNDA:0,(anonymous_19)
DA:48,100
DA:49,1
DA:55,19
DA:60,110
DA:61,110
DA:62,11
DA:64,99
DA:69,93
DA:71,2
DA:74,3
DA:75,3
DA:80,1
DA:84,19
DA:93,115
DA:95,70
DA:96,70
DA:97,70
DA:102,11
DA:104,22
DA:106,7
DA:108,3
DA:111,5
DA:116,2
DA:117,2
DA:120,4
DA:126,0
DA:132,29
DA:140,97
DA:141,97
DA:145,45
DA:156,0
DA:162,0
DA:168,103
DA:169,24
DA:171,79
DA:172,63
DA:174,16
DA:175,16
DA:181,0
DA:187,0
DA:193,0
DA:202,160
DA:208,51
DA:218,9
DA:219,10
DA:220,1
DA:223,9
DA:225,9
DA:226,1
DA:229,7
DA:235,4
DA:236,5
DA:244,0
LF:53
LH:46
BRDA:48,0,0,1
BRDA:48,0,1,99
BRDA:61,1,0,11
BRDA:61,1,1,99
BRDA:64,2,0,56
BRDA:64,2,1,67
BRDA:64,2,2,86
BRDA:64,2,3,93
BRDA:64,2,4,2
BRDA:64,2,5,3
BRDA:71,3,0,2
BRDA:71,3,1,2
BRDA:74,4,0,3
BRDA:74,4,1,3
BRDA:74,4,2,3
BRDA:76,5,0,3
BRDA:76,5,1,3
BRDA:93,6,0,70
BRDA:93,6,1,11
BRDA:93,6,2,22
BRDA:93,6,3,7
BRDA:93,6,4,3
BRDA:93,6,5,2
BRDA:98,7,0,70
BRDA:98,7,1,69
BRDA:98,7,2,1
BRDA:106,8,0,7
BRDA:106,8,1,7
BRDA:109,9,0,3
BRDA:109,9,1,3
BRDA:116,10,0,2
BRDA:116,10,1,2
BRDA:116,10,2,2
BRDA:118,11,0,2
BRDA:118,11,1,2
BRDA:120,12,0,4
BRDA:120,12,1,0
BRDA:146,13,0,45
BRDA:146,13,1,45
BRDA:146,13,2,7
BRDA:146,13,3,7
BRDA:156,14,0,0
BRDA:156,14,1,0
BRDA:162,15,0,0
BRDA:162,15,1,0
BRDA:168,16,0,24
BRDA:168,16,1,79
BRDA:171,17,0,63
BRDA:171,17,1,16
BRDA:194,18,0,0
BRDA:194,18,1,0
BRDA:209,19,0,51
BRDA:209,19,1,51
BRDA:209,19,2,13
BRDA:219,20,0,1
BRDA:219,20,1,9
BRDA:223,21,0,9
BRDA:223,21,1,3
BRDA:225,22,0,1
BRDA:225,22,1,8
BRDA:245,23,0,0
BRDA:245,23,1,0
BRDA:245,23,2,0
BRDA:245,23,3,0
BRDA:245,23,4,0
BRF:65
BRH:53
end_of_record
TN:
SF:src/utils/areEqualFileMetadata.ts
FN:8,areEqualFileMetadata
FN:18,removeUndefined
FN:21,(anonymous_2)
FNF:3
FNH:0
FNDA:0,areEqualFileMetadata
FNDA:0,removeUndefined
FNDA:0,(anonymous_2)
DA:12,0
DA:19,0
DA:21,0
LF:3
LH:0
BRF:0
BRH:0
end_of_record
TN:
SF:src/utils/dynamicImport.ts
FN:6,dynamicImport
FN:15,getWindowsCompatiblePath
FNF:2
FNH:2
FNDA:3,dynamicImport
FNDA:3,getWindowsCompatiblePath
DA:4,1
DA:7,3
DA:8,3
DA:16,3
LF:4
LH:4
BRF:0
BRH:0
end_of_record
TN:
SF:src/utils/getImportSpecifier.ts
FN:8,getImportSpecifier
FNF:1
FNH:1
FNDA:2,getImportSpecifier
DA:12,2
DA:13,2
DA:14,2
DA:15,2
DA:16,2
DA:18,2
DA:19,1
DA:21,1
LF:8
LH:8
BRDA:18,0,0,1
BRDA:18,0,1,1
BRDA:18,1,0,2
BRDA:18,1,1,1
BRF:4
BRH:4
end_of_record
TN:
SF:src/utils/index.ts
FNF:0
FNH:0
LF:0
LH:0
BRF:0
BRH:0
end_of_record
TN:
SF:src/utils/transformPropValuesToRaw.ts
FN:6,transformPropValuesToRaw
FN:10,(anonymous_1)
FNF:2
FNH:0
FNDA:0,transformPropValuesToRaw
FNDA:0,(anonymous_1)
DA:9,0
DA:10,0
DA:11,0
DA:12,0
DA:13,0
DA:15,0
DA:18,0
LF:7
LH:0
BRDA:12,0,0,0
BRDA:12,0,1,0
BRF:2
BRH:0
end_of_record
TN:
SF:src/writers/FileSystemWriter.ts
FN:20,(anonymous_0)
FN:31,(anonymous_1)
FN:42,(anonymous_2)
FN:52,(anonymous_3)
FN:60,(anonymous_4)
FN:62,(anonymous_5)
FN:70,(anonymous_6)
FN:84,(anonymous_7)
FN:94,(anonymous_8)
FN:99,(anonymous_9)
FN:109,(anonymous_10)
FNF:11
FNH:4
FNDA:2,(anonymous_0)
FNDA:2,(anonymous_1)
FNDA:2,(anonymous_2)
FNDA:0,(anonymous_3)
FNDA:0,(anonymous_4)
FNDA:0,(anonymous_5)
FNDA:0,(anonymous_6)
FNDA:0,(anonymous_7)
FNDA:0,(anonymous_8)
FNDA:4,(anonymous_9)
FNDA:0,(anonymous_10)
DA:32,2
DA:33,2
DA:46,2
DA:47,2
DA:48,2
DA:49,2
DA:53,0
DA:61,0
DA:62,0
DA:63,0
DA:64,0
DA:65,0
DA:69,0
DA:71,0
DA:72,0
DA:73,0
DA:83,0
DA:84,0
DA:85,0
DA:86,0
DA:87,0
DA:89,0
DA:91,0
DA:92,0
DA:94,0
DA:95,0
DA:100,4
DA:101,2
DA:102,2
DA:103,2
DA:105,2
DA:110,0
DA:111,0
DA:112,0
DA:113,0
DA:115,0
LF:36
LH:11
BRDA:63,0,0,0
BRDA:63,0,1,0
BRDA:74,1,0,0
BRDA:74,1,1,0
BRDA:86,2,0,0
BRDA:86,2,1,0
BRDA:100,3,0,2
BRDA:100,3,1,2
BRDA:102,4,0,2
BRDA:102,4,1,0
BRDA:110,5,0,0
BRDA:110,5,1,0
BRDA:112,6,0,0
BRDA:112,6,1,0
BRF:14
BRH:3
end_of_record
TN:
SF:src/writers/GetPathWriter.ts
FN:19,(anonymous_0)
FN:31,(anonymous_1)
FN:60,(anonymous_2)
FNF:3
FNH:3
FNDA:48,(anonymous_0)
FNDA:7,(anonymous_1)
FNDA:7,(anonymous_2)
DA:12,17
DA:32,7
DA:34,7
DA:37,7
DA:39,7
DA:40,7
DA:41,4
DA:42,4
DA:44,3
DA:47,3
DA:54,7
DA:61,7
LF:12
LH:12
BRDA:34,0,0,7
BRDA:34,0,1,4
BRDA:39,1,0,7
BRDA:39,1,1,4
BRDA:40,2,0,4
BRDA:40,2,1,3
BRDA:42,3,0,4
BRDA:42,3,1,2
BRDA:44,4,0,2
BRDA:44,4,1,1
BRDA:61,5,0,3
BRDA:61,5,1,4
BRF:12
BRH:12
end_of_record
TN:
SF:src/writers/PagesJsWriter.ts
FN:10,(anonymous_0)
FN:13,(anonymous_1)
FN:21,(anonymous_2)
FNF:3
FNH:3
FNDA:48,(anonymous_0)
FNDA:24,(anonymous_1)
FNDA:10,(anonymous_2)
DA:14,24
DA:22,10
LF:2
LH:2
BRF:0
BRH:0
end_of_record
TN:
SF:src/writers/ReactComponentFileWriter.ts
FN:36,(anonymous_0)
FN:42,(anonymous_1)
FN:53,(anonymous_2)
FN:61,(anonymous_3)
FN:63,(anonymous_4)
FN:78,(anonymous_5)
FN:85,(anonymous_6)
FN:108,(anonymous_7)
FN:115,(anonymous_8)
FN:122,(anonymous_9)
FN:127,(anonymous_10)
FN:167,(anonymous_11)
FN:173,(anonymous_12)
FN:183,(anonymous_13)
FN:184,(anonymous_14)
FN:189,(anonymous_15)
FN:205,(anonymous_16)
FN:206,(anonymous_17)
FN:222,(anonymous_18)
FN:237,(anonymous_19)
FN:300,(anonymous_20)
FNF:21
FNH:21
FNDA:84,(anonymous_0)
FNDA:3,(anonymous_1)
FNDA:3,(anonymous_2)
FNDA:40,(anonymous_3)
FNDA:30,(anonymous_4)
FNDA:40,(anonymous_5)
FNDA:7,(anonymous_6)
FNDA:69,(anonymous_7)
FNDA:38,(anonymous_8)
FNDA:32,(anonymous_9)
FNDA:48,(anonymous_10)
FNDA:41,(anonymous_11)
FNDA:35,(anonymous_12)
FNDA:7,(anonymous_13)
FNDA:12,(anonymous_14)
FNDA:2,(anonymous_15)
FNDA:7,(anonymous_16)
FNDA:10,(anonymous_17)
FNDA:2,(anonymous_18)
FNDA:41,(anonymous_19)
FNDA:10,(anonymous_20)
DA:43,3
DA:44,3
DA:45,3
DA:46,3
DA:47,3
DA:48,3
DA:54,3
DA:56,3
DA:57,3
DA:58,3
DA:62,40
DA:63,40
DA:64,30
DA:65,30
DA:66,30
DA:67,1
DA:69,29
DA:70,4
DA:72,25
DA:75,40
DA:78,84
DA:79,40
DA:80,40
DA:81,8
DA:82,8
DA:83,32
DA:84,2
DA:86,7
DA:87,7
DA:92,7
DA:96,2
DA:97,30
DA:101,2
DA:102,2
DA:104,28
DA:110,69
DA:112,69
DA:119,38
DA:125,32
DA:128,48
DA:129,2
DA:130,46
DA:131,6
DA:132,40
DA:133,2
DA:134,2
DA:146,38
DA:147,36
DA:149,2
DA:159,32
DA:161,32
DA:164,32
DA:171,41
DA:173,35
DA:174,41
DA:175,35
DA:177,41
DA:178,32
DA:179,32
DA:184,7
DA:185,12
DA:186,2
DA:187,10
DA:188,1
DA:190,2
DA:191,2
DA:192,2
DA:194,2
DA:195,2
DA:199,1
DA:201,9
DA:204,7
DA:205,7
DA:206,7
DA:207,10
DA:211,10
DA:218,7
DA:219,7
DA:223,2
DA:255,41
DA:256,41
DA:259,3
DA:264,3
DA:266,0
DA:269,41
DA:275,41
DA:276,41
DA:277,10
DA:278,10
DA:279,2
DA:281,10
DA:282,7
DA:283,7
DA:291,41
DA:292,41
DA:297,41
DA:304,10
DA:305,4
DA:308,6
DA:309,6
DA:310,6
DA:313,6
DA:314,2
DA:316,6
LF:104
LH:103
BRDA:48,0,0,2
BRDA:48,0,1,1
BRDA:66,1,0,1
BRDA:66,1,1,29
BRDA:69,2,0,4
BRDA:69,2,1,25
BRDA:80,3,0,8
BRDA:80,3,1,32
BRDA:83,4,0,2
BRDA:83,4,1,30
BRDA:97,5,0,2
BRDA:97,5,1,28
BRDA:98,6,0,30
BRDA:98,6,1,4
BRDA:110,7,0,69
BRDA:110,7,1,22
BRDA:112,8,0,69
BRDA:112,8,1,27
BRDA:128,9,0,2
BRDA:128,9,1,46
BRDA:130,10,0,6
BRDA:130,10,1,40
BRDA:132,11,0,2
BRDA:132,11,1,38
BRDA:146,12,0,36
BRDA:146,12,1,2
BRDA:161,13,0,3
BRDA:161,13,1,29
BRDA:161,14,0,32
BRDA:161,14,1,30
BRDA:174,15,0,35
BRDA:174,15,1,6
BRDA:177,16,0,32
BRDA:177,16,1,9
BRDA:185,17,0,2
BRDA:185,17,1,10
BRDA:187,18,0,1
BRDA:187,18,1,9
BRDA:191,19,0,2
BRDA:191,19,1,0
BRDA:259,20,0,3
BRDA:259,20,1,0
BRDA:269,21,0,0
BRDA:269,21,1,41
BRDA:276,22,0,10
BRDA:276,22,1,31
BRDA:278,23,0,2
BRDA:278,23,1,8
BRDA:281,24,0,7
BRDA:281,24,1,3
BRDA:281,25,0,10
BRDA:281,25,1,7
BRDA:304,26,0,4
BRDA:304,26,1,6
BRDA:304,27,0,10
BRDA:304,27,1,4
BRDA:309,28,0,6
BRDA:309,28,1,0
BRDA:313,29,0,2
BRDA:313,29,1,4
BRF:60
BRH:56
end_of_record
TN:
SF:src/writers/StudioSourceFileWriter.ts
FN:25,(anonymous_0)
FN:37,(anonymous_1)
FN:46,(anonymous_2)
FN:60,(anonymous_3)
FN:67,(anonymous_4)
FN:72,(anonymous_5)
FN:79,(anonymous_6)
FN:94,(anonymous_7)
FN:101,(anonymous_8)
FN:124,(anonymous_9)
FN:151,(anonymous_10)
FN:180,(anonymous_11)
FN:195,(anonymous_12)
FN:202,(anonymous_13)
FN:204,(anonymous_14)
FN:224,(anonymous_15)
FN:245,(anonymous_16)
FNF:17
FNH:15
FNDA:92,(anonymous_0)
FNDA:43,(anonymous_1)
FNDA:43,(anonymous_2)
FNDA:41,(anonymous_3)
FNDA:0,(anonymous_4)
FNDA:0,(anonymous_5)
FNDA:2,(anonymous_6)
FNDA:24,(anonymous_7)
FNDA:22,(anonymous_8)
FNDA:14,(anonymous_9)
FNDA:7,(anonymous_10)
FNDA:17,(anonymous_11)
FNDA:3,(anonymous_12)
FNDA:6,(anonymous_13)
FNDA:8,(anonymous_14)
FNDA:7,(anonymous_15)
FNDA:2,(anonymous_16)
DA:26,92
DA:27,17
DA:29,92
DA:38,43
DA:47,43
DA:48,43
DA:65,41
DA:67,0
DA:71,41
DA:72,41
DA:73,0
DA:78,41
DA:79,41
DA:80,2
DA:84,41
DA:99,24
DA:100,24
DA:101,22
DA:103,24
DA:104,20
DA:105,20
DA:107,4
DA:129,14
DA:130,14
DA:132,14
DA:135,14
DA:155,7
DA:156,7
DA:158,7
DA:161,7
DA:186,17
DA:187,17
DA:188,12
DA:196,3
DA:203,6
DA:205,8
DA:206,8
DA:207,1
DA:214,7
DA:215,7
DA:216,7
DA:228,7
DA:231,4
DA:233,1
DA:235,2
DA:246,2
DA:247,2
LF:47
LH:45
BRDA:26,0,0,17
BRDA:26,0,1,75
BRDA:103,1,0,20
BRDA:103,1,1,4
BRDA:104,2,0,20
BRDA:104,2,1,20
BRDA:105,3,0,20
BRDA:105,3,1,0
BRDA:132,4,0,14
BRDA:132,4,1,3
BRDA:158,5,0,7
BRDA:158,5,1,2
BRDA:184,6,0,17
BRDA:187,7,0,12
BRDA:187,7,1,5
BRDA:189,8,0,12
BRDA:189,8,1,0
BRDA:206,9,0,1
BRDA:206,9,1,7
BRDA:228,10,0,3
BRDA:228,10,1,4
BRDA:228,10,2,1
BRDA:228,10,3,2
BRF:23
BRH:21
end_of_record
TN:
SF:src/writers/TemplateConfigWriter.ts
FN:26,(anonymous_0)
FN:41,(anonymous_1)
FN:66,(anonymous_2)
FN:79,(anonymous_3)
FN:80,(anonymous_4)
FN:81,(anonymous_5)
FN:104,(anonymous_6)
FN:124,(anonymous_7)
FN:140,(anonymous_8)
FNF:9
FNH:9
FNDA:48,(anonymous_0)
FNDA:9,(anonymous_1)
FNDA:9,(anonymous_2)
FNDA:19,(anonymous_3)
FNDA:19,(anonymous_4)
FNDA:19,(anonymous_5)
FNDA:9,(anonymous_6)
FNDA:9,(anonymous_7)
FNDA:19,(anonymous_8)
DA:16,17
DA:46,9
DA:47,9
DA:48,2
DA:53,9
DA:54,9
DA:70,9
DA:71,9
DA:76,9
DA:77,9
DA:79,19
DA:80,19
DA:81,19
DA:83,9
DA:109,9
DA:114,9
DA:115,9
DA:121,9
DA:128,9
DA:130,9
DA:134,9
DA:135,8
DA:136,8
DA:143,19
LF:24
LH:24
BRDA:47,0,0,2
BRDA:47,0,1,7
BRDA:76,1,0,9
BRDA:76,1,1,3
BRDA:80,2,0,19
BRDA:80,2,1,19
BRDA:134,3,0,8
BRDA:134,3,1,1
BRF:8
BRH:8
end_of_record
